ARM GAS  D:\App\cygwin\tmp\ccXs60Yf.s 			page 1


   1              		.syntax unified
   2              		.cpu cortex-m0
   3              		.fpu softvfp
   4              		.eabi_attribute 20, 1
   5              		.eabi_attribute 21, 1
   6              		.eabi_attribute 23, 3
   7              		.eabi_attribute 24, 1
   8              		.eabi_attribute 25, 1
   9              		.eabi_attribute 26, 1
  10              		.eabi_attribute 30, 1
  11              		.eabi_attribute 34, 0
  12              		.eabi_attribute 18, 4
  13              		.thumb
  14              		.syntax unified
  15              		.file	"stm32f0xx_hal_gpio.c"
  16              		.text
  17              	.Ltext0:
  18              		.cfi_sections	.debug_frame
  19              		.section	.text.HAL_GPIO_Init,"ax",%progbits
  20              		.align	2
  21              		.global	HAL_GPIO_Init
  22              		.code	16
  23              		.thumb_func
  25              	HAL_GPIO_Init:
  26              	.LFB35:
  27              		.file 1 "Drivers/STM32F0xx_HAL_Driver/Src/stm32f0xx_hal_gpio.c"
   1:Drivers/STM32F0xx_HAL_Driver/Src/stm32f0xx_hal_gpio.c **** /**
   2:Drivers/STM32F0xx_HAL_Driver/Src/stm32f0xx_hal_gpio.c ****   ******************************************************************************
   3:Drivers/STM32F0xx_HAL_Driver/Src/stm32f0xx_hal_gpio.c ****   * @file    stm32f0xx_hal_gpio.c
   4:Drivers/STM32F0xx_HAL_Driver/Src/stm32f0xx_hal_gpio.c ****   * @author  MCD Application Team
   5:Drivers/STM32F0xx_HAL_Driver/Src/stm32f0xx_hal_gpio.c ****   * @brief   GPIO HAL module driver.
   6:Drivers/STM32F0xx_HAL_Driver/Src/stm32f0xx_hal_gpio.c ****   *          This file provides firmware functions to manage the following 
   7:Drivers/STM32F0xx_HAL_Driver/Src/stm32f0xx_hal_gpio.c ****   *          functionalities of the General Purpose Input/Output (GPIO) peripheral:
   8:Drivers/STM32F0xx_HAL_Driver/Src/stm32f0xx_hal_gpio.c ****   *           + Initialization and de-initialization functions
   9:Drivers/STM32F0xx_HAL_Driver/Src/stm32f0xx_hal_gpio.c ****   *           + IO operation functions
  10:Drivers/STM32F0xx_HAL_Driver/Src/stm32f0xx_hal_gpio.c ****   *         
  11:Drivers/STM32F0xx_HAL_Driver/Src/stm32f0xx_hal_gpio.c ****   @verbatim
  12:Drivers/STM32F0xx_HAL_Driver/Src/stm32f0xx_hal_gpio.c ****   ==============================================================================
  13:Drivers/STM32F0xx_HAL_Driver/Src/stm32f0xx_hal_gpio.c ****                     ##### GPIO Peripheral features #####
  14:Drivers/STM32F0xx_HAL_Driver/Src/stm32f0xx_hal_gpio.c ****   ==============================================================================         
  15:Drivers/STM32F0xx_HAL_Driver/Src/stm32f0xx_hal_gpio.c ****   [..] 
  16:Drivers/STM32F0xx_HAL_Driver/Src/stm32f0xx_hal_gpio.c ****     (+) Each port bit of the general-purpose I/O (GPIO) ports can be individually
  17:Drivers/STM32F0xx_HAL_Driver/Src/stm32f0xx_hal_gpio.c ****   configured by software in several modes:
  18:Drivers/STM32F0xx_HAL_Driver/Src/stm32f0xx_hal_gpio.c ****         (++) Input mode
  19:Drivers/STM32F0xx_HAL_Driver/Src/stm32f0xx_hal_gpio.c ****         (++) Analog mode
  20:Drivers/STM32F0xx_HAL_Driver/Src/stm32f0xx_hal_gpio.c ****         (++) Output mode
  21:Drivers/STM32F0xx_HAL_Driver/Src/stm32f0xx_hal_gpio.c ****         (++) Alternate function mode
  22:Drivers/STM32F0xx_HAL_Driver/Src/stm32f0xx_hal_gpio.c ****         (++) External interrupt/event lines
  23:Drivers/STM32F0xx_HAL_Driver/Src/stm32f0xx_hal_gpio.c ****  
  24:Drivers/STM32F0xx_HAL_Driver/Src/stm32f0xx_hal_gpio.c ****     (+) During and just after reset, the alternate functions and external interrupt
  25:Drivers/STM32F0xx_HAL_Driver/Src/stm32f0xx_hal_gpio.c ****   lines are not active and the I/O ports are configured in input floating mode.
  26:Drivers/STM32F0xx_HAL_Driver/Src/stm32f0xx_hal_gpio.c ****   
  27:Drivers/STM32F0xx_HAL_Driver/Src/stm32f0xx_hal_gpio.c ****     (+) All GPIO pins have weak internal pull-up and pull-down resistors, which can be
  28:Drivers/STM32F0xx_HAL_Driver/Src/stm32f0xx_hal_gpio.c ****   activated or not.
  29:Drivers/STM32F0xx_HAL_Driver/Src/stm32f0xx_hal_gpio.c ****            
  30:Drivers/STM32F0xx_HAL_Driver/Src/stm32f0xx_hal_gpio.c ****     (+) In Output or Alternate mode, each IO can be configured on open-drain or push-pull
  31:Drivers/STM32F0xx_HAL_Driver/Src/stm32f0xx_hal_gpio.c ****   type and the IO speed can be selected depending on the VDD value.
ARM GAS  D:\App\cygwin\tmp\ccXs60Yf.s 			page 2


  32:Drivers/STM32F0xx_HAL_Driver/Src/stm32f0xx_hal_gpio.c ****        
  33:Drivers/STM32F0xx_HAL_Driver/Src/stm32f0xx_hal_gpio.c ****     (+) The microcontroller IO pins are connected to onboard peripherals/modules through a
  34:Drivers/STM32F0xx_HAL_Driver/Src/stm32f0xx_hal_gpio.c ****         multiplexer that allows only one peripheral alternate function (AF) connected
  35:Drivers/STM32F0xx_HAL_Driver/Src/stm32f0xx_hal_gpio.c ****   to an IO pin at a time. In this way, there can be no conflict between peripherals 
  36:Drivers/STM32F0xx_HAL_Driver/Src/stm32f0xx_hal_gpio.c ****   sharing the same IO pin. 
  37:Drivers/STM32F0xx_HAL_Driver/Src/stm32f0xx_hal_gpio.c ****   
  38:Drivers/STM32F0xx_HAL_Driver/Src/stm32f0xx_hal_gpio.c ****     (+) All ports have external interrupt/event capability. To use external interrupt
  39:Drivers/STM32F0xx_HAL_Driver/Src/stm32f0xx_hal_gpio.c ****   lines, the port must be configured in input mode. All available GPIO pins are 
  40:Drivers/STM32F0xx_HAL_Driver/Src/stm32f0xx_hal_gpio.c ****   connected to the 16 external interrupt/event lines from EXTI0 to EXTI15.
  41:Drivers/STM32F0xx_HAL_Driver/Src/stm32f0xx_hal_gpio.c ****   
  42:Drivers/STM32F0xx_HAL_Driver/Src/stm32f0xx_hal_gpio.c ****     (+) The external interrupt/event controller consists of up to 28 edge detectors
  43:Drivers/STM32F0xx_HAL_Driver/Src/stm32f0xx_hal_gpio.c ****         (16 lines are connected to GPIO) for generating event/interrupt requests (each
  44:Drivers/STM32F0xx_HAL_Driver/Src/stm32f0xx_hal_gpio.c ****         input line can be independently configured to select the type (interrupt or event)
  45:Drivers/STM32F0xx_HAL_Driver/Src/stm32f0xx_hal_gpio.c ****         and the corresponding trigger event (rising or falling or both). Each line can
  46:Drivers/STM32F0xx_HAL_Driver/Src/stm32f0xx_hal_gpio.c ****         also be masked independently.
  47:Drivers/STM32F0xx_HAL_Driver/Src/stm32f0xx_hal_gpio.c ****    
  48:Drivers/STM32F0xx_HAL_Driver/Src/stm32f0xx_hal_gpio.c ****             ##### How to use this driver #####
  49:Drivers/STM32F0xx_HAL_Driver/Src/stm32f0xx_hal_gpio.c ****   ==============================================================================  
  50:Drivers/STM32F0xx_HAL_Driver/Src/stm32f0xx_hal_gpio.c ****   [..]
  51:Drivers/STM32F0xx_HAL_Driver/Src/stm32f0xx_hal_gpio.c ****    (#) Enable the GPIO AHB clock using the following function : __HAL_RCC_GPIOx_CLK_ENABLE(). 
  52:Drivers/STM32F0xx_HAL_Driver/Src/stm32f0xx_hal_gpio.c ****                                     
  53:Drivers/STM32F0xx_HAL_Driver/Src/stm32f0xx_hal_gpio.c ****    (#) Configure the GPIO pin(s) using HAL_GPIO_Init().
  54:Drivers/STM32F0xx_HAL_Driver/Src/stm32f0xx_hal_gpio.c ****        (++) Configure the IO mode using "Mode" member from GPIO_InitTypeDef structure
  55:Drivers/STM32F0xx_HAL_Driver/Src/stm32f0xx_hal_gpio.c ****        (++) Activate Pull-up, Pull-down resistor using "Pull" member from GPIO_InitTypeDef 
  56:Drivers/STM32F0xx_HAL_Driver/Src/stm32f0xx_hal_gpio.c ****             structure.
  57:Drivers/STM32F0xx_HAL_Driver/Src/stm32f0xx_hal_gpio.c ****        (++) In case of Output or alternate function mode selection: the speed is 
  58:Drivers/STM32F0xx_HAL_Driver/Src/stm32f0xx_hal_gpio.c ****              configured through "Speed" member from GPIO_InitTypeDef structure.
  59:Drivers/STM32F0xx_HAL_Driver/Src/stm32f0xx_hal_gpio.c ****         (++) In alternate mode is selection, the alternate function connected to the IO
  60:Drivers/STM32F0xx_HAL_Driver/Src/stm32f0xx_hal_gpio.c ****              is configured through "Alternate" member from GPIO_InitTypeDef structure.
  61:Drivers/STM32F0xx_HAL_Driver/Src/stm32f0xx_hal_gpio.c ****        (++) Analog mode is required when a pin is to be used as ADC channel 
  62:Drivers/STM32F0xx_HAL_Driver/Src/stm32f0xx_hal_gpio.c ****             or DAC output.
  63:Drivers/STM32F0xx_HAL_Driver/Src/stm32f0xx_hal_gpio.c ****        (++) In case of external interrupt/event selection the "Mode" member from 
  64:Drivers/STM32F0xx_HAL_Driver/Src/stm32f0xx_hal_gpio.c ****             GPIO_InitTypeDef structure select the type (interrupt or event) and 
  65:Drivers/STM32F0xx_HAL_Driver/Src/stm32f0xx_hal_gpio.c ****             the corresponding trigger event (rising or falling or both).
  66:Drivers/STM32F0xx_HAL_Driver/Src/stm32f0xx_hal_gpio.c ****   
  67:Drivers/STM32F0xx_HAL_Driver/Src/stm32f0xx_hal_gpio.c ****    (#) In case of external interrupt/event mode selection, configure NVIC IRQ priority 
  68:Drivers/STM32F0xx_HAL_Driver/Src/stm32f0xx_hal_gpio.c ****        mapped to the EXTI line using HAL_NVIC_SetPriority() and enable it using
  69:Drivers/STM32F0xx_HAL_Driver/Src/stm32f0xx_hal_gpio.c ****        HAL_NVIC_EnableIRQ().
  70:Drivers/STM32F0xx_HAL_Driver/Src/stm32f0xx_hal_gpio.c ****   
  71:Drivers/STM32F0xx_HAL_Driver/Src/stm32f0xx_hal_gpio.c ****    (#) HAL_GPIO_DeInit allows to set register values to their reset value. It's also 
  72:Drivers/STM32F0xx_HAL_Driver/Src/stm32f0xx_hal_gpio.c ****        recommended to use it to unconfigure pin which was used as an external interrupt 
  73:Drivers/STM32F0xx_HAL_Driver/Src/stm32f0xx_hal_gpio.c ****        or in event mode. That's the only way to reset corresponding bit in EXTI & SYSCFG 
  74:Drivers/STM32F0xx_HAL_Driver/Src/stm32f0xx_hal_gpio.c ****        registers.
  75:Drivers/STM32F0xx_HAL_Driver/Src/stm32f0xx_hal_gpio.c ****   
  76:Drivers/STM32F0xx_HAL_Driver/Src/stm32f0xx_hal_gpio.c ****    (#) To get the level of a pin configured in input mode use HAL_GPIO_ReadPin().
  77:Drivers/STM32F0xx_HAL_Driver/Src/stm32f0xx_hal_gpio.c ****   
  78:Drivers/STM32F0xx_HAL_Driver/Src/stm32f0xx_hal_gpio.c ****    (#) To set/reset the level of a pin configured in output mode use 
  79:Drivers/STM32F0xx_HAL_Driver/Src/stm32f0xx_hal_gpio.c ****        HAL_GPIO_WritePin()/HAL_GPIO_TogglePin().
  80:Drivers/STM32F0xx_HAL_Driver/Src/stm32f0xx_hal_gpio.c ****   
  81:Drivers/STM32F0xx_HAL_Driver/Src/stm32f0xx_hal_gpio.c ****    (#) To lock pin configuration until next reset use HAL_GPIO_LockPin().
  82:Drivers/STM32F0xx_HAL_Driver/Src/stm32f0xx_hal_gpio.c ****   
  83:Drivers/STM32F0xx_HAL_Driver/Src/stm32f0xx_hal_gpio.c ****    (#) During and just after reset, the alternate functions are not 
  84:Drivers/STM32F0xx_HAL_Driver/Src/stm32f0xx_hal_gpio.c ****        active and the GPIO pins are configured in input floating mode (except JTAG
  85:Drivers/STM32F0xx_HAL_Driver/Src/stm32f0xx_hal_gpio.c ****        pins).
  86:Drivers/STM32F0xx_HAL_Driver/Src/stm32f0xx_hal_gpio.c ****   
  87:Drivers/STM32F0xx_HAL_Driver/Src/stm32f0xx_hal_gpio.c ****    (#) The LSE oscillator pins OSC32_IN and OSC32_OUT can be used as general purpose 
  88:Drivers/STM32F0xx_HAL_Driver/Src/stm32f0xx_hal_gpio.c ****        (PC14 and PC15, respectively) when the LSE oscillator is off. The LSE has 
ARM GAS  D:\App\cygwin\tmp\ccXs60Yf.s 			page 3


  89:Drivers/STM32F0xx_HAL_Driver/Src/stm32f0xx_hal_gpio.c ****        priority over the GPIO function.
  90:Drivers/STM32F0xx_HAL_Driver/Src/stm32f0xx_hal_gpio.c ****   
  91:Drivers/STM32F0xx_HAL_Driver/Src/stm32f0xx_hal_gpio.c ****    (#) The HSE oscillator pins OSC_IN/OSC_OUT can be used as 
  92:Drivers/STM32F0xx_HAL_Driver/Src/stm32f0xx_hal_gpio.c ****         general purpose PF0 and PF1, respectively, when the HSE oscillator is off.
  93:Drivers/STM32F0xx_HAL_Driver/Src/stm32f0xx_hal_gpio.c ****        The HSE has priority over the GPIO function.
  94:Drivers/STM32F0xx_HAL_Driver/Src/stm32f0xx_hal_gpio.c ****   
  95:Drivers/STM32F0xx_HAL_Driver/Src/stm32f0xx_hal_gpio.c ****   @endverbatim
  96:Drivers/STM32F0xx_HAL_Driver/Src/stm32f0xx_hal_gpio.c ****   ******************************************************************************
  97:Drivers/STM32F0xx_HAL_Driver/Src/stm32f0xx_hal_gpio.c ****   * @attention
  98:Drivers/STM32F0xx_HAL_Driver/Src/stm32f0xx_hal_gpio.c ****   *
  99:Drivers/STM32F0xx_HAL_Driver/Src/stm32f0xx_hal_gpio.c ****   * <h2><center>&copy; COPYRIGHT(c) 2016 STMicroelectronics</center></h2>
 100:Drivers/STM32F0xx_HAL_Driver/Src/stm32f0xx_hal_gpio.c ****   *
 101:Drivers/STM32F0xx_HAL_Driver/Src/stm32f0xx_hal_gpio.c ****   * Redistribution and use in source and binary forms, with or without modification,
 102:Drivers/STM32F0xx_HAL_Driver/Src/stm32f0xx_hal_gpio.c ****   * are permitted provided that the following conditions are met:
 103:Drivers/STM32F0xx_HAL_Driver/Src/stm32f0xx_hal_gpio.c ****   *   1. Redistributions of source code must retain the above copyright notice,
 104:Drivers/STM32F0xx_HAL_Driver/Src/stm32f0xx_hal_gpio.c ****   *      this list of conditions and the following disclaimer.
 105:Drivers/STM32F0xx_HAL_Driver/Src/stm32f0xx_hal_gpio.c ****   *   2. Redistributions in binary form must reproduce the above copyright notice,
 106:Drivers/STM32F0xx_HAL_Driver/Src/stm32f0xx_hal_gpio.c ****   *      this list of conditions and the following disclaimer in the documentation
 107:Drivers/STM32F0xx_HAL_Driver/Src/stm32f0xx_hal_gpio.c ****   *      and/or other materials provided with the distribution.
 108:Drivers/STM32F0xx_HAL_Driver/Src/stm32f0xx_hal_gpio.c ****   *   3. Neither the name of STMicroelectronics nor the names of its contributors
 109:Drivers/STM32F0xx_HAL_Driver/Src/stm32f0xx_hal_gpio.c ****   *      may be used to endorse or promote products derived from this software
 110:Drivers/STM32F0xx_HAL_Driver/Src/stm32f0xx_hal_gpio.c ****   *      without specific prior written permission.
 111:Drivers/STM32F0xx_HAL_Driver/Src/stm32f0xx_hal_gpio.c ****   *
 112:Drivers/STM32F0xx_HAL_Driver/Src/stm32f0xx_hal_gpio.c ****   * THIS SOFTWARE IS PROVIDED BY THE COPYRIGHT HOLDERS AND CONTRIBUTORS "AS IS"
 113:Drivers/STM32F0xx_HAL_Driver/Src/stm32f0xx_hal_gpio.c ****   * AND ANY EXPRESS OR IMPLIED WARRANTIES, INCLUDING, BUT NOT LIMITED TO, THE
 114:Drivers/STM32F0xx_HAL_Driver/Src/stm32f0xx_hal_gpio.c ****   * IMPLIED WARRANTIES OF MERCHANTABILITY AND FITNESS FOR A PARTICULAR PURPOSE ARE
 115:Drivers/STM32F0xx_HAL_Driver/Src/stm32f0xx_hal_gpio.c ****   * DISCLAIMED. IN NO EVENT SHALL THE COPYRIGHT HOLDER OR CONTRIBUTORS BE LIABLE
 116:Drivers/STM32F0xx_HAL_Driver/Src/stm32f0xx_hal_gpio.c ****   * FOR ANY DIRECT, INDIRECT, INCIDENTAL, SPECIAL, EXEMPLARY, OR CONSEQUENTIAL
 117:Drivers/STM32F0xx_HAL_Driver/Src/stm32f0xx_hal_gpio.c ****   * DAMAGES (INCLUDING, BUT NOT LIMITED TO, PROCUREMENT OF SUBSTITUTE GOODS OR
 118:Drivers/STM32F0xx_HAL_Driver/Src/stm32f0xx_hal_gpio.c ****   * SERVICES; LOSS OF USE, DATA, OR PROFITS; OR BUSINESS INTERRUPTION) HOWEVER
 119:Drivers/STM32F0xx_HAL_Driver/Src/stm32f0xx_hal_gpio.c ****   * CAUSED AND ON ANY THEORY OF LIABILITY, WHETHER IN CONTRACT, STRICT LIABILITY,
 120:Drivers/STM32F0xx_HAL_Driver/Src/stm32f0xx_hal_gpio.c ****   * OR TORT (INCLUDING NEGLIGENCE OR OTHERWISE) ARISING IN ANY WAY OUT OF THE USE
 121:Drivers/STM32F0xx_HAL_Driver/Src/stm32f0xx_hal_gpio.c ****   * OF THIS SOFTWARE, EVEN IF ADVISED OF THE POSSIBILITY OF SUCH DAMAGE.
 122:Drivers/STM32F0xx_HAL_Driver/Src/stm32f0xx_hal_gpio.c ****   *
 123:Drivers/STM32F0xx_HAL_Driver/Src/stm32f0xx_hal_gpio.c ****   ******************************************************************************  
 124:Drivers/STM32F0xx_HAL_Driver/Src/stm32f0xx_hal_gpio.c ****   */
 125:Drivers/STM32F0xx_HAL_Driver/Src/stm32f0xx_hal_gpio.c **** 
 126:Drivers/STM32F0xx_HAL_Driver/Src/stm32f0xx_hal_gpio.c **** /* Includes ------------------------------------------------------------------*/
 127:Drivers/STM32F0xx_HAL_Driver/Src/stm32f0xx_hal_gpio.c **** #include "stm32f0xx_hal.h"
 128:Drivers/STM32F0xx_HAL_Driver/Src/stm32f0xx_hal_gpio.c **** 
 129:Drivers/STM32F0xx_HAL_Driver/Src/stm32f0xx_hal_gpio.c **** /** @addtogroup STM32F0xx_HAL_Driver
 130:Drivers/STM32F0xx_HAL_Driver/Src/stm32f0xx_hal_gpio.c ****   * @{
 131:Drivers/STM32F0xx_HAL_Driver/Src/stm32f0xx_hal_gpio.c ****   */
 132:Drivers/STM32F0xx_HAL_Driver/Src/stm32f0xx_hal_gpio.c **** 
 133:Drivers/STM32F0xx_HAL_Driver/Src/stm32f0xx_hal_gpio.c **** /** @defgroup GPIO GPIO
 134:Drivers/STM32F0xx_HAL_Driver/Src/stm32f0xx_hal_gpio.c ****   * @brief GPIO HAL module driver
 135:Drivers/STM32F0xx_HAL_Driver/Src/stm32f0xx_hal_gpio.c ****   * @{
 136:Drivers/STM32F0xx_HAL_Driver/Src/stm32f0xx_hal_gpio.c ****   */
 137:Drivers/STM32F0xx_HAL_Driver/Src/stm32f0xx_hal_gpio.c **** 
 138:Drivers/STM32F0xx_HAL_Driver/Src/stm32f0xx_hal_gpio.c **** #ifdef HAL_GPIO_MODULE_ENABLED
 139:Drivers/STM32F0xx_HAL_Driver/Src/stm32f0xx_hal_gpio.c **** 
 140:Drivers/STM32F0xx_HAL_Driver/Src/stm32f0xx_hal_gpio.c **** /* Private typedef -----------------------------------------------------------*/
 141:Drivers/STM32F0xx_HAL_Driver/Src/stm32f0xx_hal_gpio.c **** /* Private defines -----------------------------------------------------------*/
 142:Drivers/STM32F0xx_HAL_Driver/Src/stm32f0xx_hal_gpio.c **** /** @defgroup GPIO_Private_Defines GPIO Private Defines
 143:Drivers/STM32F0xx_HAL_Driver/Src/stm32f0xx_hal_gpio.c ****   * @{
 144:Drivers/STM32F0xx_HAL_Driver/Src/stm32f0xx_hal_gpio.c ****   */
 145:Drivers/STM32F0xx_HAL_Driver/Src/stm32f0xx_hal_gpio.c **** #define GPIO_MODE             (0x00000003U)
ARM GAS  D:\App\cygwin\tmp\ccXs60Yf.s 			page 4


 146:Drivers/STM32F0xx_HAL_Driver/Src/stm32f0xx_hal_gpio.c **** #define EXTI_MODE             (0x10000000U)
 147:Drivers/STM32F0xx_HAL_Driver/Src/stm32f0xx_hal_gpio.c **** #define GPIO_MODE_IT          (0x00010000U)
 148:Drivers/STM32F0xx_HAL_Driver/Src/stm32f0xx_hal_gpio.c **** #define GPIO_MODE_EVT         (0x00020000U)
 149:Drivers/STM32F0xx_HAL_Driver/Src/stm32f0xx_hal_gpio.c **** #define RISING_EDGE           (0x00100000U)
 150:Drivers/STM32F0xx_HAL_Driver/Src/stm32f0xx_hal_gpio.c **** #define FALLING_EDGE          (0x00200000U)
 151:Drivers/STM32F0xx_HAL_Driver/Src/stm32f0xx_hal_gpio.c **** #define GPIO_OUTPUT_TYPE      (0x00000010U)
 152:Drivers/STM32F0xx_HAL_Driver/Src/stm32f0xx_hal_gpio.c **** 
 153:Drivers/STM32F0xx_HAL_Driver/Src/stm32f0xx_hal_gpio.c **** #define GPIO_NUMBER           (16U)
 154:Drivers/STM32F0xx_HAL_Driver/Src/stm32f0xx_hal_gpio.c **** /**
 155:Drivers/STM32F0xx_HAL_Driver/Src/stm32f0xx_hal_gpio.c ****   * @}
 156:Drivers/STM32F0xx_HAL_Driver/Src/stm32f0xx_hal_gpio.c ****   */
 157:Drivers/STM32F0xx_HAL_Driver/Src/stm32f0xx_hal_gpio.c **** 
 158:Drivers/STM32F0xx_HAL_Driver/Src/stm32f0xx_hal_gpio.c **** /* Private macros ------------------------------------------------------------*/
 159:Drivers/STM32F0xx_HAL_Driver/Src/stm32f0xx_hal_gpio.c **** /* Private variables ---------------------------------------------------------*/
 160:Drivers/STM32F0xx_HAL_Driver/Src/stm32f0xx_hal_gpio.c **** /* Private function prototypes -----------------------------------------------*/
 161:Drivers/STM32F0xx_HAL_Driver/Src/stm32f0xx_hal_gpio.c **** /* Exported functions --------------------------------------------------------*/
 162:Drivers/STM32F0xx_HAL_Driver/Src/stm32f0xx_hal_gpio.c **** 
 163:Drivers/STM32F0xx_HAL_Driver/Src/stm32f0xx_hal_gpio.c **** /** @defgroup GPIO_Exported_Functions GPIO Exported Functions
 164:Drivers/STM32F0xx_HAL_Driver/Src/stm32f0xx_hal_gpio.c ****   * @{
 165:Drivers/STM32F0xx_HAL_Driver/Src/stm32f0xx_hal_gpio.c ****   */
 166:Drivers/STM32F0xx_HAL_Driver/Src/stm32f0xx_hal_gpio.c **** 
 167:Drivers/STM32F0xx_HAL_Driver/Src/stm32f0xx_hal_gpio.c **** /** @defgroup GPIO_Exported_Functions_Group1 Initialization/de-initialization functions 
 168:Drivers/STM32F0xx_HAL_Driver/Src/stm32f0xx_hal_gpio.c ****  *  @brief    Initialization and Configuration functions 
 169:Drivers/STM32F0xx_HAL_Driver/Src/stm32f0xx_hal_gpio.c ****  *
 170:Drivers/STM32F0xx_HAL_Driver/Src/stm32f0xx_hal_gpio.c **** @verbatim    
 171:Drivers/STM32F0xx_HAL_Driver/Src/stm32f0xx_hal_gpio.c ****  ===============================================================================
 172:Drivers/STM32F0xx_HAL_Driver/Src/stm32f0xx_hal_gpio.c ****               ##### Initialization and de-initialization functions #####
 173:Drivers/STM32F0xx_HAL_Driver/Src/stm32f0xx_hal_gpio.c ****  ===============================================================================
 174:Drivers/STM32F0xx_HAL_Driver/Src/stm32f0xx_hal_gpio.c ****  
 175:Drivers/STM32F0xx_HAL_Driver/Src/stm32f0xx_hal_gpio.c **** @endverbatim
 176:Drivers/STM32F0xx_HAL_Driver/Src/stm32f0xx_hal_gpio.c ****   * @{
 177:Drivers/STM32F0xx_HAL_Driver/Src/stm32f0xx_hal_gpio.c ****   */
 178:Drivers/STM32F0xx_HAL_Driver/Src/stm32f0xx_hal_gpio.c **** 
 179:Drivers/STM32F0xx_HAL_Driver/Src/stm32f0xx_hal_gpio.c **** /**
 180:Drivers/STM32F0xx_HAL_Driver/Src/stm32f0xx_hal_gpio.c ****   * @brief  Initialize the GPIOx peripheral according to the specified parameters in the GPIO_Init.
 181:Drivers/STM32F0xx_HAL_Driver/Src/stm32f0xx_hal_gpio.c ****   * @param  GPIOx where x can be (A..F) to select the GPIO peripheral for STM32F0 family
 182:Drivers/STM32F0xx_HAL_Driver/Src/stm32f0xx_hal_gpio.c ****   * @param  GPIO_Init pointer to a GPIO_InitTypeDef structure that contains
 183:Drivers/STM32F0xx_HAL_Driver/Src/stm32f0xx_hal_gpio.c ****   *         the configuration information for the specified GPIO peripheral.
 184:Drivers/STM32F0xx_HAL_Driver/Src/stm32f0xx_hal_gpio.c ****   * @retval None
 185:Drivers/STM32F0xx_HAL_Driver/Src/stm32f0xx_hal_gpio.c ****   */
 186:Drivers/STM32F0xx_HAL_Driver/Src/stm32f0xx_hal_gpio.c **** void HAL_GPIO_Init(GPIO_TypeDef  *GPIOx, GPIO_InitTypeDef *GPIO_Init)
 187:Drivers/STM32F0xx_HAL_Driver/Src/stm32f0xx_hal_gpio.c **** { 
  28              		.loc 1 187 0
  29              		.cfi_startproc
  30              		@ args = 0, pretend = 0, frame = 8
  31              		@ frame_needed = 0, uses_anonymous_args = 0
  32              	.LVL0:
  33 0000 F0B5     		push	{r4, r5, r6, r7, lr}
  34              	.LCFI0:
  35              		.cfi_def_cfa_offset 20
  36              		.cfi_offset 4, -20
  37              		.cfi_offset 5, -16
  38              		.cfi_offset 6, -12
  39              		.cfi_offset 7, -8
  40              		.cfi_offset 14, -4
  41 0002 4746     		mov	r7, r8
  42 0004 80B4     		push	{r7}
ARM GAS  D:\App\cygwin\tmp\ccXs60Yf.s 			page 5


  43              	.LCFI1:
  44              		.cfi_def_cfa_offset 24
  45              		.cfi_offset 8, -24
  46 0006 82B0     		sub	sp, sp, #8
  47              	.LCFI2:
  48              		.cfi_def_cfa_offset 32
  49              	.LVL1:
 188:Drivers/STM32F0xx_HAL_Driver/Src/stm32f0xx_hal_gpio.c ****   uint32_t position = 0x00U;
  50              		.loc 1 188 0
  51 0008 0023     		movs	r3, #0
 189:Drivers/STM32F0xx_HAL_Driver/Src/stm32f0xx_hal_gpio.c ****   uint32_t iocurrent = 0x00U;
 190:Drivers/STM32F0xx_HAL_Driver/Src/stm32f0xx_hal_gpio.c ****   uint32_t temp = 0x00U;
 191:Drivers/STM32F0xx_HAL_Driver/Src/stm32f0xx_hal_gpio.c **** 
 192:Drivers/STM32F0xx_HAL_Driver/Src/stm32f0xx_hal_gpio.c ****   /* Check the parameters */
 193:Drivers/STM32F0xx_HAL_Driver/Src/stm32f0xx_hal_gpio.c ****   assert_param(IS_GPIO_ALL_INSTANCE(GPIOx));
 194:Drivers/STM32F0xx_HAL_Driver/Src/stm32f0xx_hal_gpio.c ****   assert_param(IS_GPIO_PIN(GPIO_Init->Pin));
 195:Drivers/STM32F0xx_HAL_Driver/Src/stm32f0xx_hal_gpio.c ****   assert_param(IS_GPIO_MODE(GPIO_Init->Mode));
 196:Drivers/STM32F0xx_HAL_Driver/Src/stm32f0xx_hal_gpio.c ****   assert_param(IS_GPIO_PULL(GPIO_Init->Pull)); 
 197:Drivers/STM32F0xx_HAL_Driver/Src/stm32f0xx_hal_gpio.c **** 
 198:Drivers/STM32F0xx_HAL_Driver/Src/stm32f0xx_hal_gpio.c ****   /* Configure the port pins */
 199:Drivers/STM32F0xx_HAL_Driver/Src/stm32f0xx_hal_gpio.c ****   while (((GPIO_Init->Pin) >> position) != RESET)
  52              		.loc 1 199 0
  53 000a A8E0     		b	.L2
  54              	.LVL2:
  55              	.L13:
 200:Drivers/STM32F0xx_HAL_Driver/Src/stm32f0xx_hal_gpio.c ****   {
 201:Drivers/STM32F0xx_HAL_Driver/Src/stm32f0xx_hal_gpio.c ****     /* Get current io position */
 202:Drivers/STM32F0xx_HAL_Driver/Src/stm32f0xx_hal_gpio.c ****     iocurrent = (GPIO_Init->Pin) & (1U << position);
  56              		.loc 1 202 0
  57 000c 0124     		movs	r4, #1
  58 000e 9C40     		lsls	r4, r4, r3
  59 0010 A046     		mov	r8, r4
  60 0012 2240     		ands	r2, r4
  61              	.LVL3:
 203:Drivers/STM32F0xx_HAL_Driver/Src/stm32f0xx_hal_gpio.c ****     
 204:Drivers/STM32F0xx_HAL_Driver/Src/stm32f0xx_hal_gpio.c ****     if(iocurrent)
  62              		.loc 1 204 0
  63 0014 00D1     		bne	.LCB40
  64 0016 A1E0     		b	.L3	@long jump
  65              	.LCB40:
 205:Drivers/STM32F0xx_HAL_Driver/Src/stm32f0xx_hal_gpio.c ****     {
 206:Drivers/STM32F0xx_HAL_Driver/Src/stm32f0xx_hal_gpio.c ****       /*--------------------- GPIO Mode Configuration ------------------------*/
 207:Drivers/STM32F0xx_HAL_Driver/Src/stm32f0xx_hal_gpio.c ****       /* In case of Alternate function mode selection */
 208:Drivers/STM32F0xx_HAL_Driver/Src/stm32f0xx_hal_gpio.c ****       if((GPIO_Init->Mode == GPIO_MODE_AF_PP) || (GPIO_Init->Mode == GPIO_MODE_AF_OD)) 
  66              		.loc 1 208 0
  67 0018 4D68     		ldr	r5, [r1, #4]
  68 001a 022D     		cmp	r5, #2
  69 001c 01D0     		beq	.L4
  70              		.loc 1 208 0 is_stmt 0 discriminator 1
  71 001e 122D     		cmp	r5, #18
  72 0020 0FD1     		bne	.L5
  73              	.L4:
 209:Drivers/STM32F0xx_HAL_Driver/Src/stm32f0xx_hal_gpio.c ****       {
 210:Drivers/STM32F0xx_HAL_Driver/Src/stm32f0xx_hal_gpio.c ****         /* Check the Alternate function parameters */
 211:Drivers/STM32F0xx_HAL_Driver/Src/stm32f0xx_hal_gpio.c ****         assert_param(IS_GPIO_AF_INSTANCE(GPIOx));
 212:Drivers/STM32F0xx_HAL_Driver/Src/stm32f0xx_hal_gpio.c ****         assert_param(IS_GPIO_AF(GPIO_Init->Alternate));
 213:Drivers/STM32F0xx_HAL_Driver/Src/stm32f0xx_hal_gpio.c ****         
ARM GAS  D:\App\cygwin\tmp\ccXs60Yf.s 			page 6


 214:Drivers/STM32F0xx_HAL_Driver/Src/stm32f0xx_hal_gpio.c ****         /* Configure Alternate function mapped with the current IO */ 
 215:Drivers/STM32F0xx_HAL_Driver/Src/stm32f0xx_hal_gpio.c ****         temp = GPIOx->AFR[position >> 3];
  74              		.loc 1 215 0 is_stmt 1
  75 0022 DF08     		lsrs	r7, r3, #3
  76 0024 0837     		adds	r7, r7, #8
  77 0026 BF00     		lsls	r7, r7, #2
  78 0028 3E58     		ldr	r6, [r7, r0]
  79              	.LVL4:
 216:Drivers/STM32F0xx_HAL_Driver/Src/stm32f0xx_hal_gpio.c ****         CLEAR_BIT(temp, 0xFU << ((uint32_t)(position & 0x07U) * 4U)) ;      
  80              		.loc 1 216 0
  81 002a 0725     		movs	r5, #7
  82 002c 1D40     		ands	r5, r3
  83 002e AD00     		lsls	r5, r5, #2
  84 0030 0F24     		movs	r4, #15
  85 0032 AC40     		lsls	r4, r4, r5
  86 0034 A643     		bics	r6, r4
  87              	.LVL5:
  88 0036 B446     		mov	ip, r6
  89              	.LVL6:
 217:Drivers/STM32F0xx_HAL_Driver/Src/stm32f0xx_hal_gpio.c ****         SET_BIT(temp, (uint32_t)(GPIO_Init->Alternate) << (((uint32_t)position & 0x07U) * 4U));    
  90              		.loc 1 217 0
  91 0038 0E69     		ldr	r6, [r1, #16]
  92              	.LVL7:
  93 003a AE40     		lsls	r6, r6, r5
  94 003c 6546     		mov	r5, ip
  95 003e 3543     		orrs	r5, r6
  96              	.LVL8:
 218:Drivers/STM32F0xx_HAL_Driver/Src/stm32f0xx_hal_gpio.c ****         GPIOx->AFR[position >> 3U] = temp;
  97              		.loc 1 218 0
  98 0040 3D50     		str	r5, [r7, r0]
  99              	.LVL9:
 100              	.L5:
 219:Drivers/STM32F0xx_HAL_Driver/Src/stm32f0xx_hal_gpio.c ****       }
 220:Drivers/STM32F0xx_HAL_Driver/Src/stm32f0xx_hal_gpio.c **** 
 221:Drivers/STM32F0xx_HAL_Driver/Src/stm32f0xx_hal_gpio.c ****       /* Configure IO Direction mode (Input, Output, Alternate or Analog) */
 222:Drivers/STM32F0xx_HAL_Driver/Src/stm32f0xx_hal_gpio.c ****       temp = GPIOx->MODER;
 101              		.loc 1 222 0
 102 0042 0468     		ldr	r4, [r0]
 103              	.LVL10:
 223:Drivers/STM32F0xx_HAL_Driver/Src/stm32f0xx_hal_gpio.c ****       CLEAR_BIT(temp, GPIO_MODER_MODER0 << (position * 2U));   
 104              		.loc 1 223 0
 105 0044 5F00     		lsls	r7, r3, #1
 106 0046 0325     		movs	r5, #3
 107 0048 2E00     		movs	r6, r5
 108 004a BE40     		lsls	r6, r6, r7
 109 004c F643     		mvns	r6, r6
 110 004e 3440     		ands	r4, r6
 111              	.LVL11:
 112 0050 A446     		mov	ip, r4
 113              	.LVL12:
 224:Drivers/STM32F0xx_HAL_Driver/Src/stm32f0xx_hal_gpio.c ****       SET_BIT(temp, (GPIO_Init->Mode & GPIO_MODE) << (position * 2U));
 114              		.loc 1 224 0
 115 0052 4C68     		ldr	r4, [r1, #4]
 116              	.LVL13:
 117 0054 2540     		ands	r5, r4
 118 0056 BD40     		lsls	r5, r5, r7
 119 0058 6446     		mov	r4, ip
ARM GAS  D:\App\cygwin\tmp\ccXs60Yf.s 			page 7


 120 005a 2543     		orrs	r5, r4
 121              	.LVL14:
 225:Drivers/STM32F0xx_HAL_Driver/Src/stm32f0xx_hal_gpio.c ****       GPIOx->MODER = temp;
 122              		.loc 1 225 0
 123 005c 0560     		str	r5, [r0]
 226:Drivers/STM32F0xx_HAL_Driver/Src/stm32f0xx_hal_gpio.c **** 
 227:Drivers/STM32F0xx_HAL_Driver/Src/stm32f0xx_hal_gpio.c ****       /* In case of Output or Alternate function mode selection */
 228:Drivers/STM32F0xx_HAL_Driver/Src/stm32f0xx_hal_gpio.c ****       if ((GPIO_Init->Mode == GPIO_MODE_OUTPUT_PP) || (GPIO_Init->Mode == GPIO_MODE_AF_PP) ||
 124              		.loc 1 228 0
 125 005e 4D68     		ldr	r5, [r1, #4]
 126              	.LVL15:
 127 0060 6C1E     		subs	r4, r5, #1
 128 0062 012C     		cmp	r4, #1
 129 0064 03D9     		bls	.L6
 130              		.loc 1 228 0 is_stmt 0 discriminator 1
 131 0066 112D     		cmp	r5, #17
 132 0068 01D0     		beq	.L6
 229:Drivers/STM32F0xx_HAL_Driver/Src/stm32f0xx_hal_gpio.c ****           (GPIO_Init->Mode == GPIO_MODE_OUTPUT_OD) || (GPIO_Init->Mode == GPIO_MODE_AF_OD))
 133              		.loc 1 229 0 is_stmt 1
 134 006a 122D     		cmp	r5, #18
 135 006c 13D1     		bne	.L7
 136              	.L6:
 230:Drivers/STM32F0xx_HAL_Driver/Src/stm32f0xx_hal_gpio.c ****       {
 231:Drivers/STM32F0xx_HAL_Driver/Src/stm32f0xx_hal_gpio.c ****         /* Check the Speed parameter */
 232:Drivers/STM32F0xx_HAL_Driver/Src/stm32f0xx_hal_gpio.c ****         assert_param(IS_GPIO_SPEED(GPIO_Init->Speed));
 233:Drivers/STM32F0xx_HAL_Driver/Src/stm32f0xx_hal_gpio.c ****         /* Configure the IO Speed */
 234:Drivers/STM32F0xx_HAL_Driver/Src/stm32f0xx_hal_gpio.c ****         temp = GPIOx->OSPEEDR; 
 137              		.loc 1 234 0
 138 006e 8568     		ldr	r5, [r0, #8]
 139              	.LVL16:
 235:Drivers/STM32F0xx_HAL_Driver/Src/stm32f0xx_hal_gpio.c ****         CLEAR_BIT(temp, GPIO_OSPEEDER_OSPEEDR0 << (position * 2U));
 140              		.loc 1 235 0
 141 0070 3540     		ands	r5, r6
 142              	.LVL17:
 143 0072 AC46     		mov	ip, r5
 144              	.LVL18:
 236:Drivers/STM32F0xx_HAL_Driver/Src/stm32f0xx_hal_gpio.c ****         SET_BIT(temp, GPIO_Init->Speed << (position * 2U));
 145              		.loc 1 236 0
 146 0074 CD68     		ldr	r5, [r1, #12]
 147              	.LVL19:
 148 0076 BD40     		lsls	r5, r5, r7
 149 0078 6446     		mov	r4, ip
 150 007a 2543     		orrs	r5, r4
 151              	.LVL20:
 237:Drivers/STM32F0xx_HAL_Driver/Src/stm32f0xx_hal_gpio.c ****         GPIOx->OSPEEDR = temp;
 152              		.loc 1 237 0
 153 007c 8560     		str	r5, [r0, #8]
 238:Drivers/STM32F0xx_HAL_Driver/Src/stm32f0xx_hal_gpio.c **** 
 239:Drivers/STM32F0xx_HAL_Driver/Src/stm32f0xx_hal_gpio.c ****         /* Configure the IO Output Type */
 240:Drivers/STM32F0xx_HAL_Driver/Src/stm32f0xx_hal_gpio.c ****         temp = GPIOx->OTYPER;
 154              		.loc 1 240 0
 155 007e 4568     		ldr	r5, [r0, #4]
 156              	.LVL21:
 241:Drivers/STM32F0xx_HAL_Driver/Src/stm32f0xx_hal_gpio.c ****         CLEAR_BIT(temp, GPIO_OTYPER_OT_0 << position) ;
 157              		.loc 1 241 0
 158 0080 4446     		mov	r4, r8
 159 0082 A543     		bics	r5, r4
ARM GAS  D:\App\cygwin\tmp\ccXs60Yf.s 			page 8


 160              	.LVL22:
 161 0084 AC46     		mov	ip, r5
 162              	.LVL23:
 242:Drivers/STM32F0xx_HAL_Driver/Src/stm32f0xx_hal_gpio.c ****         SET_BIT(temp, ((GPIO_Init->Mode & GPIO_OUTPUT_TYPE) >> 4U) << position);
 163              		.loc 1 242 0
 164 0086 4C68     		ldr	r4, [r1, #4]
 165 0088 2509     		lsrs	r5, r4, #4
 166              	.LVL24:
 167 008a 0124     		movs	r4, #1
 168 008c 2C40     		ands	r4, r5
 169 008e 9C40     		lsls	r4, r4, r3
 170 0090 6546     		mov	r5, ip
 171 0092 2C43     		orrs	r4, r5
 172              	.LVL25:
 243:Drivers/STM32F0xx_HAL_Driver/Src/stm32f0xx_hal_gpio.c ****         GPIOx->OTYPER = temp;
 173              		.loc 1 243 0
 174 0094 4460     		str	r4, [r0, #4]
 175              	.LVL26:
 176              	.L7:
 244:Drivers/STM32F0xx_HAL_Driver/Src/stm32f0xx_hal_gpio.c ****       }
 245:Drivers/STM32F0xx_HAL_Driver/Src/stm32f0xx_hal_gpio.c **** 
 246:Drivers/STM32F0xx_HAL_Driver/Src/stm32f0xx_hal_gpio.c ****       /* Activate the Pull-up or Pull down resistor for the current IO */
 247:Drivers/STM32F0xx_HAL_Driver/Src/stm32f0xx_hal_gpio.c ****       temp = GPIOx->PUPDR;
 177              		.loc 1 247 0
 178 0096 C468     		ldr	r4, [r0, #12]
 179              	.LVL27:
 248:Drivers/STM32F0xx_HAL_Driver/Src/stm32f0xx_hal_gpio.c ****       CLEAR_BIT(temp, GPIO_PUPDR_PUPDR0 << (position * 2U));
 180              		.loc 1 248 0
 181 0098 2640     		ands	r6, r4
 182              	.LVL28:
 249:Drivers/STM32F0xx_HAL_Driver/Src/stm32f0xx_hal_gpio.c ****       SET_BIT(temp, (GPIO_Init->Pull) << (position * 2U));
 183              		.loc 1 249 0
 184 009a 8C68     		ldr	r4, [r1, #8]
 185 009c BC40     		lsls	r4, r4, r7
 186 009e 2643     		orrs	r6, r4
 187              	.LVL29:
 250:Drivers/STM32F0xx_HAL_Driver/Src/stm32f0xx_hal_gpio.c ****       GPIOx->PUPDR = temp;
 188              		.loc 1 250 0
 189 00a0 C660     		str	r6, [r0, #12]
 251:Drivers/STM32F0xx_HAL_Driver/Src/stm32f0xx_hal_gpio.c **** 
 252:Drivers/STM32F0xx_HAL_Driver/Src/stm32f0xx_hal_gpio.c ****       /*--------------------- EXTI Mode Configuration ------------------------*/
 253:Drivers/STM32F0xx_HAL_Driver/Src/stm32f0xx_hal_gpio.c ****       /* Configure the External Interrupt or event for the current IO */
 254:Drivers/STM32F0xx_HAL_Driver/Src/stm32f0xx_hal_gpio.c ****       if((GPIO_Init->Mode & EXTI_MODE) == EXTI_MODE) 
 190              		.loc 1 254 0
 191 00a2 4C68     		ldr	r4, [r1, #4]
 192 00a4 E400     		lsls	r4, r4, #3
 193 00a6 59D5     		bpl	.L3
 194              	.LBB2:
 255:Drivers/STM32F0xx_HAL_Driver/Src/stm32f0xx_hal_gpio.c ****       {
 256:Drivers/STM32F0xx_HAL_Driver/Src/stm32f0xx_hal_gpio.c ****         /* Enable SYSCFG Clock */
 257:Drivers/STM32F0xx_HAL_Driver/Src/stm32f0xx_hal_gpio.c ****         __HAL_RCC_SYSCFG_CLK_ENABLE();
 195              		.loc 1 257 0
 196 00a8 314D     		ldr	r5, .L18
 197 00aa AE69     		ldr	r6, [r5, #24]
 198              	.LVL30:
 199 00ac 0127     		movs	r7, #1
 200 00ae 3E43     		orrs	r6, r7
ARM GAS  D:\App\cygwin\tmp\ccXs60Yf.s 			page 9


 201 00b0 AE61     		str	r6, [r5, #24]
 202              	.LVL31:
 203 00b2 AC69     		ldr	r4, [r5, #24]
 204 00b4 3C40     		ands	r4, r7
 205 00b6 0194     		str	r4, [sp, #4]
 206 00b8 019C     		ldr	r4, [sp, #4]
 207              	.LBE2:
 258:Drivers/STM32F0xx_HAL_Driver/Src/stm32f0xx_hal_gpio.c ****   
 259:Drivers/STM32F0xx_HAL_Driver/Src/stm32f0xx_hal_gpio.c ****         temp = SYSCFG->EXTICR[position >> 2];
 208              		.loc 1 259 0
 209 00ba 9C08     		lsrs	r4, r3, #2
 210 00bc A51C     		adds	r5, r4, #2
 211 00be AD00     		lsls	r5, r5, #2
 212 00c0 2C4E     		ldr	r6, .L18+4
 213 00c2 AF59     		ldr	r7, [r5, r6]
 214              	.LVL32:
 260:Drivers/STM32F0xx_HAL_Driver/Src/stm32f0xx_hal_gpio.c ****         CLEAR_BIT(temp, (0x0FU) << (4U * (position & 0x03U)));
 215              		.loc 1 260 0
 216 00c4 0325     		movs	r5, #3
 217 00c6 1D40     		ands	r5, r3
 218 00c8 AD00     		lsls	r5, r5, #2
 219 00ca 0F26     		movs	r6, #15
 220 00cc AE40     		lsls	r6, r6, r5
 221 00ce B743     		bics	r7, r6
 222              	.LVL33:
 261:Drivers/STM32F0xx_HAL_Driver/Src/stm32f0xx_hal_gpio.c ****         SET_BIT(temp, (GPIO_GET_INDEX(GPIOx)) << (4U * (position & 0x03U)));
 223              		.loc 1 261 0
 224 00d0 9026     		movs	r6, #144
 225 00d2 F605     		lsls	r6, r6, #23
 226 00d4 B042     		cmp	r0, r6
 227 00d6 0AD0     		beq	.L14
 228              		.loc 1 261 0 is_stmt 0 discriminator 1
 229 00d8 274E     		ldr	r6, .L18+8
 230 00da B042     		cmp	r0, r6
 231 00dc 09D0     		beq	.L15
 232              		.loc 1 261 0 discriminator 3
 233 00de 274E     		ldr	r6, .L18+12
 234 00e0 B042     		cmp	r0, r6
 235 00e2 08D0     		beq	.L16
 236              		.loc 1 261 0 discriminator 5
 237 00e4 264E     		ldr	r6, .L18+16
 238 00e6 B042     		cmp	r0, r6
 239 00e8 07D1     		bne	.L17
 240              		.loc 1 261 0
 241 00ea 0326     		movs	r6, #3
 242 00ec 06E0     		b	.L8
 243              	.L14:
 244 00ee 0026     		movs	r6, #0
 245 00f0 04E0     		b	.L8
 246              	.L15:
 247 00f2 0126     		movs	r6, #1
 248 00f4 02E0     		b	.L8
 249              	.L16:
 250 00f6 0226     		movs	r6, #2
 251 00f8 00E0     		b	.L8
 252              	.L17:
 253 00fa 0526     		movs	r6, #5
ARM GAS  D:\App\cygwin\tmp\ccXs60Yf.s 			page 10


 254              	.L8:
 255              		.loc 1 261 0 discriminator 16
 256 00fc AE40     		lsls	r6, r6, r5
 257 00fe 3500     		movs	r5, r6
 258 0100 3D43     		orrs	r5, r7
 259              	.LVL34:
 262:Drivers/STM32F0xx_HAL_Driver/Src/stm32f0xx_hal_gpio.c ****         SYSCFG->EXTICR[position >> 2] = temp;
 260              		.loc 1 262 0 is_stmt 1 discriminator 16
 261 0102 0234     		adds	r4, r4, #2
 262 0104 A400     		lsls	r4, r4, #2
 263 0106 1B4E     		ldr	r6, .L18+4
 264 0108 A551     		str	r5, [r4, r6]
 263:Drivers/STM32F0xx_HAL_Driver/Src/stm32f0xx_hal_gpio.c ****                   
 264:Drivers/STM32F0xx_HAL_Driver/Src/stm32f0xx_hal_gpio.c ****         /* Clear EXTI line configuration */
 265:Drivers/STM32F0xx_HAL_Driver/Src/stm32f0xx_hal_gpio.c ****         temp = EXTI->IMR;
 265              		.loc 1 265 0 discriminator 16
 266 010a 1E4C     		ldr	r4, .L18+20
 267 010c 2568     		ldr	r5, [r4]
 268              	.LVL35:
 266:Drivers/STM32F0xx_HAL_Driver/Src/stm32f0xx_hal_gpio.c ****         CLEAR_BIT(temp, (uint32_t)iocurrent);
 269              		.loc 1 266 0 discriminator 16
 270 010e D443     		mvns	r4, r2
 271 0110 2600     		movs	r6, r4
 272 0112 2E40     		ands	r6, r5
 273              	.LVL36:
 267:Drivers/STM32F0xx_HAL_Driver/Src/stm32f0xx_hal_gpio.c ****         if((GPIO_Init->Mode & GPIO_MODE_IT) == GPIO_MODE_IT)
 274              		.loc 1 267 0 discriminator 16
 275 0114 4F68     		ldr	r7, [r1, #4]
 276 0116 FF03     		lsls	r7, r7, #15
 277 0118 01D5     		bpl	.L9
 268:Drivers/STM32F0xx_HAL_Driver/Src/stm32f0xx_hal_gpio.c ****         {
 269:Drivers/STM32F0xx_HAL_Driver/Src/stm32f0xx_hal_gpio.c ****           SET_BIT(temp, iocurrent); 
 278              		.loc 1 269 0
 279 011a 1543     		orrs	r5, r2
 280 011c 2E00     		movs	r6, r5
 281              	.LVL37:
 282              	.L9:
 270:Drivers/STM32F0xx_HAL_Driver/Src/stm32f0xx_hal_gpio.c ****         }
 271:Drivers/STM32F0xx_HAL_Driver/Src/stm32f0xx_hal_gpio.c ****         EXTI->IMR = temp;
 283              		.loc 1 271 0
 284 011e 194D     		ldr	r5, .L18+20
 285 0120 2E60     		str	r6, [r5]
 272:Drivers/STM32F0xx_HAL_Driver/Src/stm32f0xx_hal_gpio.c **** 
 273:Drivers/STM32F0xx_HAL_Driver/Src/stm32f0xx_hal_gpio.c ****         temp = EXTI->EMR;
 286              		.loc 1 273 0
 287 0122 6D68     		ldr	r5, [r5, #4]
 288              	.LVL38:
 274:Drivers/STM32F0xx_HAL_Driver/Src/stm32f0xx_hal_gpio.c ****         CLEAR_BIT(temp, (uint32_t)iocurrent);      
 289              		.loc 1 274 0
 290 0124 2E00     		movs	r6, r5
 291 0126 2640     		ands	r6, r4
 292              	.LVL39:
 275:Drivers/STM32F0xx_HAL_Driver/Src/stm32f0xx_hal_gpio.c ****         if((GPIO_Init->Mode & GPIO_MODE_EVT) == GPIO_MODE_EVT)
 293              		.loc 1 275 0
 294 0128 4F68     		ldr	r7, [r1, #4]
 295 012a BF03     		lsls	r7, r7, #14
 296 012c 01D5     		bpl	.L10
ARM GAS  D:\App\cygwin\tmp\ccXs60Yf.s 			page 11


 276:Drivers/STM32F0xx_HAL_Driver/Src/stm32f0xx_hal_gpio.c ****         { 
 277:Drivers/STM32F0xx_HAL_Driver/Src/stm32f0xx_hal_gpio.c ****           SET_BIT(temp, iocurrent); 
 297              		.loc 1 277 0
 298 012e 1543     		orrs	r5, r2
 299 0130 2E00     		movs	r6, r5
 300              	.LVL40:
 301              	.L10:
 278:Drivers/STM32F0xx_HAL_Driver/Src/stm32f0xx_hal_gpio.c ****         }
 279:Drivers/STM32F0xx_HAL_Driver/Src/stm32f0xx_hal_gpio.c ****         EXTI->EMR = temp;
 302              		.loc 1 279 0
 303 0132 144D     		ldr	r5, .L18+20
 304 0134 6E60     		str	r6, [r5, #4]
 280:Drivers/STM32F0xx_HAL_Driver/Src/stm32f0xx_hal_gpio.c ****   
 281:Drivers/STM32F0xx_HAL_Driver/Src/stm32f0xx_hal_gpio.c ****         /* Clear Rising Falling edge configuration */
 282:Drivers/STM32F0xx_HAL_Driver/Src/stm32f0xx_hal_gpio.c ****         temp = EXTI->RTSR;
 305              		.loc 1 282 0
 306 0136 AD68     		ldr	r5, [r5, #8]
 307              	.LVL41:
 283:Drivers/STM32F0xx_HAL_Driver/Src/stm32f0xx_hal_gpio.c ****         CLEAR_BIT(temp, (uint32_t)iocurrent); 
 308              		.loc 1 283 0
 309 0138 2E00     		movs	r6, r5
 310 013a 2640     		ands	r6, r4
 311              	.LVL42:
 284:Drivers/STM32F0xx_HAL_Driver/Src/stm32f0xx_hal_gpio.c ****         if((GPIO_Init->Mode & RISING_EDGE) == RISING_EDGE)
 312              		.loc 1 284 0
 313 013c 4F68     		ldr	r7, [r1, #4]
 314 013e FF02     		lsls	r7, r7, #11
 315 0140 01D5     		bpl	.L11
 285:Drivers/STM32F0xx_HAL_Driver/Src/stm32f0xx_hal_gpio.c ****         {
 286:Drivers/STM32F0xx_HAL_Driver/Src/stm32f0xx_hal_gpio.c ****           SET_BIT(temp, iocurrent); 
 316              		.loc 1 286 0
 317 0142 1543     		orrs	r5, r2
 318 0144 2E00     		movs	r6, r5
 319              	.LVL43:
 320              	.L11:
 287:Drivers/STM32F0xx_HAL_Driver/Src/stm32f0xx_hal_gpio.c ****         }
 288:Drivers/STM32F0xx_HAL_Driver/Src/stm32f0xx_hal_gpio.c ****         EXTI->RTSR = temp;
 321              		.loc 1 288 0
 322 0146 0F4D     		ldr	r5, .L18+20
 323 0148 AE60     		str	r6, [r5, #8]
 289:Drivers/STM32F0xx_HAL_Driver/Src/stm32f0xx_hal_gpio.c **** 
 290:Drivers/STM32F0xx_HAL_Driver/Src/stm32f0xx_hal_gpio.c ****         temp = EXTI->FTSR;
 324              		.loc 1 290 0
 325 014a ED68     		ldr	r5, [r5, #12]
 326              	.LVL44:
 291:Drivers/STM32F0xx_HAL_Driver/Src/stm32f0xx_hal_gpio.c ****         CLEAR_BIT(temp, (uint32_t)iocurrent); 
 327              		.loc 1 291 0
 328 014c 2C40     		ands	r4, r5
 329              	.LVL45:
 292:Drivers/STM32F0xx_HAL_Driver/Src/stm32f0xx_hal_gpio.c ****         if((GPIO_Init->Mode & FALLING_EDGE) == FALLING_EDGE)
 330              		.loc 1 292 0
 331 014e 4E68     		ldr	r6, [r1, #4]
 332 0150 B602     		lsls	r6, r6, #10
 333 0152 01D5     		bpl	.L12
 293:Drivers/STM32F0xx_HAL_Driver/Src/stm32f0xx_hal_gpio.c ****         {
 294:Drivers/STM32F0xx_HAL_Driver/Src/stm32f0xx_hal_gpio.c ****           SET_BIT(temp, iocurrent); 
 334              		.loc 1 294 0
ARM GAS  D:\App\cygwin\tmp\ccXs60Yf.s 			page 12


 335 0154 2A43     		orrs	r2, r5
 336              	.LVL46:
 337 0156 1400     		movs	r4, r2
 338              	.LVL47:
 339              	.L12:
 295:Drivers/STM32F0xx_HAL_Driver/Src/stm32f0xx_hal_gpio.c ****         }
 296:Drivers/STM32F0xx_HAL_Driver/Src/stm32f0xx_hal_gpio.c ****         EXTI->FTSR = temp;
 340              		.loc 1 296 0
 341 0158 0A4A     		ldr	r2, .L18+20
 342 015a D460     		str	r4, [r2, #12]
 343              	.LVL48:
 344              	.L3:
 297:Drivers/STM32F0xx_HAL_Driver/Src/stm32f0xx_hal_gpio.c ****       }
 298:Drivers/STM32F0xx_HAL_Driver/Src/stm32f0xx_hal_gpio.c ****     }
 299:Drivers/STM32F0xx_HAL_Driver/Src/stm32f0xx_hal_gpio.c ****     
 300:Drivers/STM32F0xx_HAL_Driver/Src/stm32f0xx_hal_gpio.c ****     position++;
 345              		.loc 1 300 0
 346 015c 0133     		adds	r3, r3, #1
 347              	.LVL49:
 348              	.L2:
 199:Drivers/STM32F0xx_HAL_Driver/Src/stm32f0xx_hal_gpio.c ****   {
 349              		.loc 1 199 0
 350 015e 0A68     		ldr	r2, [r1]
 351 0160 1400     		movs	r4, r2
 352 0162 DC40     		lsrs	r4, r4, r3
 353 0164 00D0     		beq	.LCB352
 354 0166 51E7     		b	.L13	@long jump
 355              	.LCB352:
 301:Drivers/STM32F0xx_HAL_Driver/Src/stm32f0xx_hal_gpio.c ****   } 
 302:Drivers/STM32F0xx_HAL_Driver/Src/stm32f0xx_hal_gpio.c **** }
 356              		.loc 1 302 0
 357 0168 02B0     		add	sp, sp, #8
 358              		@ sp needed
 359 016a 04BC     		pop	{r2}
 360 016c 9046     		mov	r8, r2
 361 016e F0BD     		pop	{r4, r5, r6, r7, pc}
 362              	.L19:
 363              		.align	2
 364              	.L18:
 365 0170 00100240 		.word	1073876992
 366 0174 00000140 		.word	1073807360
 367 0178 00040048 		.word	1207960576
 368 017c 00080048 		.word	1207961600
 369 0180 000C0048 		.word	1207962624
 370 0184 00040140 		.word	1073808384
 371              		.cfi_endproc
 372              	.LFE35:
 374              		.section	.text.HAL_GPIO_DeInit,"ax",%progbits
 375              		.align	2
 376              		.global	HAL_GPIO_DeInit
 377              		.code	16
 378              		.thumb_func
 380              	HAL_GPIO_DeInit:
 381              	.LFB36:
 303:Drivers/STM32F0xx_HAL_Driver/Src/stm32f0xx_hal_gpio.c **** 
 304:Drivers/STM32F0xx_HAL_Driver/Src/stm32f0xx_hal_gpio.c **** /**
 305:Drivers/STM32F0xx_HAL_Driver/Src/stm32f0xx_hal_gpio.c ****   * @brief  De-initialize the GPIOx peripheral registers to their default reset values.
ARM GAS  D:\App\cygwin\tmp\ccXs60Yf.s 			page 13


 306:Drivers/STM32F0xx_HAL_Driver/Src/stm32f0xx_hal_gpio.c ****   * @param  GPIOx where x can be (A..F) to select the GPIO peripheral for STM32F0 family
 307:Drivers/STM32F0xx_HAL_Driver/Src/stm32f0xx_hal_gpio.c ****   * @param  GPIO_Pin specifies the port bit to be written.
 308:Drivers/STM32F0xx_HAL_Driver/Src/stm32f0xx_hal_gpio.c ****   *         This parameter can be one of GPIO_PIN_x where x can be (0..15).
 309:Drivers/STM32F0xx_HAL_Driver/Src/stm32f0xx_hal_gpio.c ****   * @retval None
 310:Drivers/STM32F0xx_HAL_Driver/Src/stm32f0xx_hal_gpio.c ****   */
 311:Drivers/STM32F0xx_HAL_Driver/Src/stm32f0xx_hal_gpio.c **** void HAL_GPIO_DeInit(GPIO_TypeDef  *GPIOx, uint32_t GPIO_Pin)
 312:Drivers/STM32F0xx_HAL_Driver/Src/stm32f0xx_hal_gpio.c **** {
 382              		.loc 1 312 0
 383              		.cfi_startproc
 384              		@ args = 0, pretend = 0, frame = 0
 385              		@ frame_needed = 0, uses_anonymous_args = 0
 386              	.LVL50:
 387 0000 F0B5     		push	{r4, r5, r6, r7, lr}
 388              	.LCFI3:
 389              		.cfi_def_cfa_offset 20
 390              		.cfi_offset 4, -20
 391              		.cfi_offset 5, -16
 392              		.cfi_offset 6, -12
 393              		.cfi_offset 7, -8
 394              		.cfi_offset 14, -4
 395 0002 5746     		mov	r7, r10
 396 0004 4E46     		mov	r6, r9
 397 0006 4546     		mov	r5, r8
 398 0008 E0B4     		push	{r5, r6, r7}
 399              	.LCFI4:
 400              		.cfi_def_cfa_offset 32
 401              		.cfi_offset 8, -32
 402              		.cfi_offset 9, -28
 403              		.cfi_offset 10, -24
 404              	.LVL51:
 313:Drivers/STM32F0xx_HAL_Driver/Src/stm32f0xx_hal_gpio.c ****   uint32_t position = 0x00U;
 405              		.loc 1 313 0
 406 000a 0023     		movs	r3, #0
 314:Drivers/STM32F0xx_HAL_Driver/Src/stm32f0xx_hal_gpio.c ****   uint32_t iocurrent = 0x00U;
 315:Drivers/STM32F0xx_HAL_Driver/Src/stm32f0xx_hal_gpio.c ****   uint32_t tmp = 0x00U;
 316:Drivers/STM32F0xx_HAL_Driver/Src/stm32f0xx_hal_gpio.c **** 
 317:Drivers/STM32F0xx_HAL_Driver/Src/stm32f0xx_hal_gpio.c ****   /* Check the parameters */
 318:Drivers/STM32F0xx_HAL_Driver/Src/stm32f0xx_hal_gpio.c ****   assert_param(IS_GPIO_ALL_INSTANCE(GPIOx));
 319:Drivers/STM32F0xx_HAL_Driver/Src/stm32f0xx_hal_gpio.c ****   assert_param(IS_GPIO_PIN(GPIO_Pin));
 320:Drivers/STM32F0xx_HAL_Driver/Src/stm32f0xx_hal_gpio.c **** 
 321:Drivers/STM32F0xx_HAL_Driver/Src/stm32f0xx_hal_gpio.c ****   /* Configure the port pins */
 322:Drivers/STM32F0xx_HAL_Driver/Src/stm32f0xx_hal_gpio.c ****   while ((GPIO_Pin >> position) != RESET)
 407              		.loc 1 322 0
 408 000c 64E0     		b	.L21
 409              	.LVL52:
 410              	.L24:
 323:Drivers/STM32F0xx_HAL_Driver/Src/stm32f0xx_hal_gpio.c ****   {
 324:Drivers/STM32F0xx_HAL_Driver/Src/stm32f0xx_hal_gpio.c ****     /* Get current io position */
 325:Drivers/STM32F0xx_HAL_Driver/Src/stm32f0xx_hal_gpio.c ****     iocurrent = GPIO_Pin & (1U << position);
 411              		.loc 1 325 0
 412 000e 0122     		movs	r2, #1
 413 0010 9A40     		lsls	r2, r2, r3
 414 0012 1700     		movs	r7, r2
 415 0014 0F40     		ands	r7, r1
 416 0016 BA46     		mov	r10, r7
 417              	.LVL53:
 326:Drivers/STM32F0xx_HAL_Driver/Src/stm32f0xx_hal_gpio.c **** 
ARM GAS  D:\App\cygwin\tmp\ccXs60Yf.s 			page 14


 327:Drivers/STM32F0xx_HAL_Driver/Src/stm32f0xx_hal_gpio.c ****     if (iocurrent)
 418              		.loc 1 327 0
 419 0018 5DD0     		beq	.L22
 328:Drivers/STM32F0xx_HAL_Driver/Src/stm32f0xx_hal_gpio.c ****     {
 329:Drivers/STM32F0xx_HAL_Driver/Src/stm32f0xx_hal_gpio.c ****       /*------------------------- GPIO Mode Configuration --------------------*/
 330:Drivers/STM32F0xx_HAL_Driver/Src/stm32f0xx_hal_gpio.c ****       /* Configure IO Direction in Input Floting Mode */
 331:Drivers/STM32F0xx_HAL_Driver/Src/stm32f0xx_hal_gpio.c ****       CLEAR_BIT(GPIOx->MODER, GPIO_MODER_MODER0 << (position * 2U)); 
 420              		.loc 1 331 0
 421 001a 0668     		ldr	r6, [r0]
 422 001c 5D00     		lsls	r5, r3, #1
 423 001e 0324     		movs	r4, #3
 424 0020 2700     		movs	r7, r4
 425              	.LVL54:
 426 0022 AF40     		lsls	r7, r7, r5
 427 0024 FD43     		mvns	r5, r7
 428 0026 2E40     		ands	r6, r5
 429 0028 0660     		str	r6, [r0]
 332:Drivers/STM32F0xx_HAL_Driver/Src/stm32f0xx_hal_gpio.c ****   
 333:Drivers/STM32F0xx_HAL_Driver/Src/stm32f0xx_hal_gpio.c ****       /* Configure the default Alternate Function in current IO */ 
 334:Drivers/STM32F0xx_HAL_Driver/Src/stm32f0xx_hal_gpio.c ****       CLEAR_BIT(GPIOx->AFR[position >> 3U], 0xFU << ((uint32_t)(position & 0x07U) * 4U)) ;
 430              		.loc 1 334 0
 431 002a DE08     		lsrs	r6, r3, #3
 432 002c 0836     		adds	r6, r6, #8
 433 002e B600     		lsls	r6, r6, #2
 434 0030 B446     		mov	ip, r6
 435 0032 3658     		ldr	r6, [r6, r0]
 436 0034 B146     		mov	r9, r6
 437 0036 0726     		movs	r6, #7
 438 0038 1E40     		ands	r6, r3
 439 003a B600     		lsls	r6, r6, #2
 440 003c 0F27     		movs	r7, #15
 441 003e B846     		mov	r8, r7
 442 0040 B740     		lsls	r7, r7, r6
 443 0042 3E00     		movs	r6, r7
 444 0044 4F46     		mov	r7, r9
 445 0046 B743     		bics	r7, r6
 446 0048 3E00     		movs	r6, r7
 447 004a 6746     		mov	r7, ip
 448 004c 3E50     		str	r6, [r7, r0]
 335:Drivers/STM32F0xx_HAL_Driver/Src/stm32f0xx_hal_gpio.c ****   
 336:Drivers/STM32F0xx_HAL_Driver/Src/stm32f0xx_hal_gpio.c ****       /* Configure the default value for IO Speed */
 337:Drivers/STM32F0xx_HAL_Driver/Src/stm32f0xx_hal_gpio.c ****       CLEAR_BIT(GPIOx->OSPEEDR, GPIO_OSPEEDER_OSPEEDR0 << (position * 2U));
 449              		.loc 1 337 0
 450 004e 8668     		ldr	r6, [r0, #8]
 451 0050 2E40     		ands	r6, r5
 452 0052 8660     		str	r6, [r0, #8]
 338:Drivers/STM32F0xx_HAL_Driver/Src/stm32f0xx_hal_gpio.c ****                   
 339:Drivers/STM32F0xx_HAL_Driver/Src/stm32f0xx_hal_gpio.c ****       /* Configure the default value IO Output Type */
 340:Drivers/STM32F0xx_HAL_Driver/Src/stm32f0xx_hal_gpio.c ****       CLEAR_BIT(GPIOx->OTYPER, GPIO_OTYPER_OT_0 << position) ;
 453              		.loc 1 340 0
 454 0054 4668     		ldr	r6, [r0, #4]
 455 0056 9643     		bics	r6, r2
 456 0058 4660     		str	r6, [r0, #4]
 341:Drivers/STM32F0xx_HAL_Driver/Src/stm32f0xx_hal_gpio.c ****   
 342:Drivers/STM32F0xx_HAL_Driver/Src/stm32f0xx_hal_gpio.c ****       /* Deactivate the Pull-up oand Pull-down resistor for the current IO */
 343:Drivers/STM32F0xx_HAL_Driver/Src/stm32f0xx_hal_gpio.c ****       CLEAR_BIT(GPIOx->PUPDR, GPIO_PUPDR_PUPDR0 << (position * 2U));
 457              		.loc 1 343 0
ARM GAS  D:\App\cygwin\tmp\ccXs60Yf.s 			page 15


 458 005a C268     		ldr	r2, [r0, #12]
 459 005c 1540     		ands	r5, r2
 460 005e C560     		str	r5, [r0, #12]
 344:Drivers/STM32F0xx_HAL_Driver/Src/stm32f0xx_hal_gpio.c **** 
 345:Drivers/STM32F0xx_HAL_Driver/Src/stm32f0xx_hal_gpio.c ****       /*------------------------- EXTI Mode Configuration --------------------*/
 346:Drivers/STM32F0xx_HAL_Driver/Src/stm32f0xx_hal_gpio.c ****       /* Clear the External Interrupt or Event for the current IO */
 347:Drivers/STM32F0xx_HAL_Driver/Src/stm32f0xx_hal_gpio.c ****       
 348:Drivers/STM32F0xx_HAL_Driver/Src/stm32f0xx_hal_gpio.c ****       tmp = SYSCFG->EXTICR[position >> 2U];
 461              		.loc 1 348 0
 462 0060 9D08     		lsrs	r5, r3, #2
 463 0062 AA1C     		adds	r2, r5, #2
 464 0064 9200     		lsls	r2, r2, #2
 465 0066 204E     		ldr	r6, .L29
 466 0068 9659     		ldr	r6, [r2, r6]
 467              	.LVL55:
 349:Drivers/STM32F0xx_HAL_Driver/Src/stm32f0xx_hal_gpio.c ****       tmp &= ((0x0FU) << (4U * (position & 0x03U)));
 468              		.loc 1 349 0
 469 006a 2200     		movs	r2, r4
 470 006c 1A40     		ands	r2, r3
 471 006e 9200     		lsls	r2, r2, #2
 472 0070 4446     		mov	r4, r8
 473 0072 9440     		lsls	r4, r4, r2
 474 0074 A046     		mov	r8, r4
 475 0076 3440     		ands	r4, r6
 476              	.LVL56:
 350:Drivers/STM32F0xx_HAL_Driver/Src/stm32f0xx_hal_gpio.c ****       if(tmp == (GPIO_GET_INDEX(GPIOx) << (4U * (position & 0x03U))))
 477              		.loc 1 350 0
 478 0078 9026     		movs	r6, #144
 479 007a F605     		lsls	r6, r6, #23
 480 007c B042     		cmp	r0, r6
 481 007e 0AD0     		beq	.L25
 482              		.loc 1 350 0 is_stmt 0 discriminator 1
 483 0080 1A4E     		ldr	r6, .L29+4
 484 0082 B042     		cmp	r0, r6
 485 0084 09D0     		beq	.L26
 486              		.loc 1 350 0 discriminator 3
 487 0086 1A4E     		ldr	r6, .L29+8
 488 0088 B042     		cmp	r0, r6
 489 008a 08D0     		beq	.L27
 490              		.loc 1 350 0 discriminator 5
 491 008c 194E     		ldr	r6, .L29+12
 492 008e B042     		cmp	r0, r6
 493 0090 07D1     		bne	.L28
 494              		.loc 1 350 0
 495 0092 0326     		movs	r6, #3
 496 0094 06E0     		b	.L23
 497              	.L25:
 498 0096 0026     		movs	r6, #0
 499 0098 04E0     		b	.L23
 500              	.L26:
 501 009a 0126     		movs	r6, #1
 502 009c 02E0     		b	.L23
 503              	.L27:
 504 009e 0226     		movs	r6, #2
 505 00a0 00E0     		b	.L23
 506              	.L28:
 507 00a2 0526     		movs	r6, #5
ARM GAS  D:\App\cygwin\tmp\ccXs60Yf.s 			page 16


 508              	.L23:
 509              		.loc 1 350 0 discriminator 16
 510 00a4 9640     		lsls	r6, r6, r2
 511 00a6 B442     		cmp	r4, r6
 512 00a8 15D1     		bne	.L22
 513              	.LVL57:
 351:Drivers/STM32F0xx_HAL_Driver/Src/stm32f0xx_hal_gpio.c ****       {
 352:Drivers/STM32F0xx_HAL_Driver/Src/stm32f0xx_hal_gpio.c ****         tmp = (0x0FU) << (4U * (position & 0x03U));
 353:Drivers/STM32F0xx_HAL_Driver/Src/stm32f0xx_hal_gpio.c ****         CLEAR_BIT(SYSCFG->EXTICR[position >> 2U], tmp);
 514              		.loc 1 353 0 is_stmt 1
 515 00aa 0F4C     		ldr	r4, .L29
 516 00ac 0235     		adds	r5, r5, #2
 517 00ae AD00     		lsls	r5, r5, #2
 518 00b0 2A59     		ldr	r2, [r5, r4]
 519 00b2 4646     		mov	r6, r8
 520 00b4 B243     		bics	r2, r6
 521 00b6 2A51     		str	r2, [r5, r4]
 354:Drivers/STM32F0xx_HAL_Driver/Src/stm32f0xx_hal_gpio.c ****         
 355:Drivers/STM32F0xx_HAL_Driver/Src/stm32f0xx_hal_gpio.c ****         /* Clear EXTI line configuration */
 356:Drivers/STM32F0xx_HAL_Driver/Src/stm32f0xx_hal_gpio.c ****         CLEAR_BIT(EXTI->IMR, (uint32_t)iocurrent);
 522              		.loc 1 356 0
 523 00b8 0F4C     		ldr	r4, .L29+16
 524 00ba 2568     		ldr	r5, [r4]
 525 00bc 5246     		mov	r2, r10
 526 00be D243     		mvns	r2, r2
 527 00c0 1540     		ands	r5, r2
 528 00c2 2560     		str	r5, [r4]
 357:Drivers/STM32F0xx_HAL_Driver/Src/stm32f0xx_hal_gpio.c ****         CLEAR_BIT(EXTI->EMR, (uint32_t)iocurrent);
 529              		.loc 1 357 0
 530 00c4 6568     		ldr	r5, [r4, #4]
 531 00c6 1540     		ands	r5, r2
 532 00c8 6560     		str	r5, [r4, #4]
 358:Drivers/STM32F0xx_HAL_Driver/Src/stm32f0xx_hal_gpio.c ****         
 359:Drivers/STM32F0xx_HAL_Driver/Src/stm32f0xx_hal_gpio.c ****         /* Clear Rising Falling edge configuration */
 360:Drivers/STM32F0xx_HAL_Driver/Src/stm32f0xx_hal_gpio.c ****         CLEAR_BIT(EXTI->RTSR, (uint32_t)iocurrent);
 533              		.loc 1 360 0
 534 00ca A568     		ldr	r5, [r4, #8]
 535 00cc 1540     		ands	r5, r2
 536 00ce A560     		str	r5, [r4, #8]
 361:Drivers/STM32F0xx_HAL_Driver/Src/stm32f0xx_hal_gpio.c ****         CLEAR_BIT(EXTI->FTSR, (uint32_t)iocurrent);
 537              		.loc 1 361 0
 538 00d0 E568     		ldr	r5, [r4, #12]
 539 00d2 2A40     		ands	r2, r5
 540 00d4 E260     		str	r2, [r4, #12]
 541              	.LVL58:
 542              	.L22:
 362:Drivers/STM32F0xx_HAL_Driver/Src/stm32f0xx_hal_gpio.c ****       }
 363:Drivers/STM32F0xx_HAL_Driver/Src/stm32f0xx_hal_gpio.c ****     }
 364:Drivers/STM32F0xx_HAL_Driver/Src/stm32f0xx_hal_gpio.c ****     
 365:Drivers/STM32F0xx_HAL_Driver/Src/stm32f0xx_hal_gpio.c ****     position++;
 543              		.loc 1 365 0
 544 00d6 0133     		adds	r3, r3, #1
 545              	.LVL59:
 546              	.L21:
 322:Drivers/STM32F0xx_HAL_Driver/Src/stm32f0xx_hal_gpio.c ****   {
 547              		.loc 1 322 0
 548 00d8 0A00     		movs	r2, r1
ARM GAS  D:\App\cygwin\tmp\ccXs60Yf.s 			page 17


 549 00da DA40     		lsrs	r2, r2, r3
 550 00dc 97D1     		bne	.L24
 366:Drivers/STM32F0xx_HAL_Driver/Src/stm32f0xx_hal_gpio.c ****   }
 367:Drivers/STM32F0xx_HAL_Driver/Src/stm32f0xx_hal_gpio.c **** }
 551              		.loc 1 367 0
 552              		@ sp needed
 553 00de 1CBC     		pop	{r2, r3, r4}
 554 00e0 9046     		mov	r8, r2
 555 00e2 9946     		mov	r9, r3
 556 00e4 A246     		mov	r10, r4
 557 00e6 F0BD     		pop	{r4, r5, r6, r7, pc}
 558              	.L30:
 559              		.align	2
 560              	.L29:
 561 00e8 00000140 		.word	1073807360
 562 00ec 00040048 		.word	1207960576
 563 00f0 00080048 		.word	1207961600
 564 00f4 000C0048 		.word	1207962624
 565 00f8 00040140 		.word	1073808384
 566              		.cfi_endproc
 567              	.LFE36:
 569              		.section	.text.HAL_GPIO_ReadPin,"ax",%progbits
 570              		.align	2
 571              		.global	HAL_GPIO_ReadPin
 572              		.code	16
 573              		.thumb_func
 575              	HAL_GPIO_ReadPin:
 576              	.LFB37:
 368:Drivers/STM32F0xx_HAL_Driver/Src/stm32f0xx_hal_gpio.c **** 
 369:Drivers/STM32F0xx_HAL_Driver/Src/stm32f0xx_hal_gpio.c **** /**
 370:Drivers/STM32F0xx_HAL_Driver/Src/stm32f0xx_hal_gpio.c ****   * @}
 371:Drivers/STM32F0xx_HAL_Driver/Src/stm32f0xx_hal_gpio.c ****   */
 372:Drivers/STM32F0xx_HAL_Driver/Src/stm32f0xx_hal_gpio.c **** 
 373:Drivers/STM32F0xx_HAL_Driver/Src/stm32f0xx_hal_gpio.c **** /** @defgroup GPIO_Exported_Functions_Group2 IO operation functions 
 374:Drivers/STM32F0xx_HAL_Driver/Src/stm32f0xx_hal_gpio.c ****  *  @brief GPIO Read, Write, Toggle, Lock and EXTI management functions.
 375:Drivers/STM32F0xx_HAL_Driver/Src/stm32f0xx_hal_gpio.c ****  *
 376:Drivers/STM32F0xx_HAL_Driver/Src/stm32f0xx_hal_gpio.c **** @verbatim   
 377:Drivers/STM32F0xx_HAL_Driver/Src/stm32f0xx_hal_gpio.c ****  ===============================================================================
 378:Drivers/STM32F0xx_HAL_Driver/Src/stm32f0xx_hal_gpio.c ****                        ##### IO operation functions #####
 379:Drivers/STM32F0xx_HAL_Driver/Src/stm32f0xx_hal_gpio.c ****  ===============================================================================  
 380:Drivers/STM32F0xx_HAL_Driver/Src/stm32f0xx_hal_gpio.c **** 
 381:Drivers/STM32F0xx_HAL_Driver/Src/stm32f0xx_hal_gpio.c **** @endverbatim
 382:Drivers/STM32F0xx_HAL_Driver/Src/stm32f0xx_hal_gpio.c ****   * @{
 383:Drivers/STM32F0xx_HAL_Driver/Src/stm32f0xx_hal_gpio.c ****   */
 384:Drivers/STM32F0xx_HAL_Driver/Src/stm32f0xx_hal_gpio.c **** 
 385:Drivers/STM32F0xx_HAL_Driver/Src/stm32f0xx_hal_gpio.c **** /**
 386:Drivers/STM32F0xx_HAL_Driver/Src/stm32f0xx_hal_gpio.c ****   * @brief  Read the specified input port pin.
 387:Drivers/STM32F0xx_HAL_Driver/Src/stm32f0xx_hal_gpio.c ****   * @param  GPIOx where x can be (A..F) to select the GPIO peripheral for STM32F0 family
 388:Drivers/STM32F0xx_HAL_Driver/Src/stm32f0xx_hal_gpio.c ****   * @param  GPIO_Pin specifies the port bit to read.
 389:Drivers/STM32F0xx_HAL_Driver/Src/stm32f0xx_hal_gpio.c ****   *         This parameter can be GPIO_PIN_x where x can be (0..15).
 390:Drivers/STM32F0xx_HAL_Driver/Src/stm32f0xx_hal_gpio.c ****   * @retval The input port pin value.
 391:Drivers/STM32F0xx_HAL_Driver/Src/stm32f0xx_hal_gpio.c ****   */
 392:Drivers/STM32F0xx_HAL_Driver/Src/stm32f0xx_hal_gpio.c **** GPIO_PinState HAL_GPIO_ReadPin(GPIO_TypeDef* GPIOx, uint16_t GPIO_Pin)
 393:Drivers/STM32F0xx_HAL_Driver/Src/stm32f0xx_hal_gpio.c **** {
 577              		.loc 1 393 0
 578              		.cfi_startproc
 579              		@ args = 0, pretend = 0, frame = 0
ARM GAS  D:\App\cygwin\tmp\ccXs60Yf.s 			page 18


 580              		@ frame_needed = 0, uses_anonymous_args = 0
 581              		@ link register save eliminated.
 582              	.LVL60:
 394:Drivers/STM32F0xx_HAL_Driver/Src/stm32f0xx_hal_gpio.c ****   GPIO_PinState bitstatus;
 395:Drivers/STM32F0xx_HAL_Driver/Src/stm32f0xx_hal_gpio.c **** 
 396:Drivers/STM32F0xx_HAL_Driver/Src/stm32f0xx_hal_gpio.c ****   /* Check the parameters */
 397:Drivers/STM32F0xx_HAL_Driver/Src/stm32f0xx_hal_gpio.c ****   assert_param(IS_GPIO_PIN(GPIO_Pin));
 398:Drivers/STM32F0xx_HAL_Driver/Src/stm32f0xx_hal_gpio.c **** 
 399:Drivers/STM32F0xx_HAL_Driver/Src/stm32f0xx_hal_gpio.c ****   if ((GPIOx->IDR & GPIO_Pin) != (uint32_t)GPIO_PIN_RESET)
 583              		.loc 1 399 0
 584 0000 0369     		ldr	r3, [r0, #16]
 585 0002 0B42     		tst	r3, r1
 586 0004 01D0     		beq	.L33
 400:Drivers/STM32F0xx_HAL_Driver/Src/stm32f0xx_hal_gpio.c ****   {
 401:Drivers/STM32F0xx_HAL_Driver/Src/stm32f0xx_hal_gpio.c ****     bitstatus = GPIO_PIN_SET;
 587              		.loc 1 401 0
 588 0006 0120     		movs	r0, #1
 589              	.LVL61:
 590 0008 00E0     		b	.L32
 591              	.LVL62:
 592              	.L33:
 402:Drivers/STM32F0xx_HAL_Driver/Src/stm32f0xx_hal_gpio.c ****   }
 403:Drivers/STM32F0xx_HAL_Driver/Src/stm32f0xx_hal_gpio.c ****   else
 404:Drivers/STM32F0xx_HAL_Driver/Src/stm32f0xx_hal_gpio.c ****   {
 405:Drivers/STM32F0xx_HAL_Driver/Src/stm32f0xx_hal_gpio.c ****     bitstatus = GPIO_PIN_RESET;
 593              		.loc 1 405 0
 594 000a 0020     		movs	r0, #0
 595              	.LVL63:
 596              	.L32:
 406:Drivers/STM32F0xx_HAL_Driver/Src/stm32f0xx_hal_gpio.c ****   }
 407:Drivers/STM32F0xx_HAL_Driver/Src/stm32f0xx_hal_gpio.c ****   return bitstatus;
 408:Drivers/STM32F0xx_HAL_Driver/Src/stm32f0xx_hal_gpio.c ****   }
 597              		.loc 1 408 0
 598              		@ sp needed
 599 000c 7047     		bx	lr
 600              		.cfi_endproc
 601              	.LFE37:
 603 000e C046     		.section	.text.HAL_GPIO_WritePin,"ax",%progbits
 604              		.align	2
 605              		.global	HAL_GPIO_WritePin
 606              		.code	16
 607              		.thumb_func
 609              	HAL_GPIO_WritePin:
 610              	.LFB38:
 409:Drivers/STM32F0xx_HAL_Driver/Src/stm32f0xx_hal_gpio.c **** 
 410:Drivers/STM32F0xx_HAL_Driver/Src/stm32f0xx_hal_gpio.c **** /**
 411:Drivers/STM32F0xx_HAL_Driver/Src/stm32f0xx_hal_gpio.c ****   * @brief  Set or clear the selected data port bit.
 412:Drivers/STM32F0xx_HAL_Driver/Src/stm32f0xx_hal_gpio.c ****   * @note   This function uses GPIOx_BSRR and GPIOx_BRR registers to allow atomic read/modify
 413:Drivers/STM32F0xx_HAL_Driver/Src/stm32f0xx_hal_gpio.c ****   *         accesses. In this way, there is no risk of an IRQ occurring between
 414:Drivers/STM32F0xx_HAL_Driver/Src/stm32f0xx_hal_gpio.c ****   *         the read and the modify access.
 415:Drivers/STM32F0xx_HAL_Driver/Src/stm32f0xx_hal_gpio.c ****   *
 416:Drivers/STM32F0xx_HAL_Driver/Src/stm32f0xx_hal_gpio.c ****   * @param  GPIOx where x can be (A..H) to select the GPIO peripheral for STM32F0 family
 417:Drivers/STM32F0xx_HAL_Driver/Src/stm32f0xx_hal_gpio.c ****   * @param  GPIO_Pin specifies the port bit to be written.
 418:Drivers/STM32F0xx_HAL_Driver/Src/stm32f0xx_hal_gpio.c ****   *          This parameter can be one of GPIO_PIN_x where x can be (0..15).
 419:Drivers/STM32F0xx_HAL_Driver/Src/stm32f0xx_hal_gpio.c ****   * @param  PinState specifies the value to be written to the selected bit.
 420:Drivers/STM32F0xx_HAL_Driver/Src/stm32f0xx_hal_gpio.c ****   *          This parameter can be one of the GPIO_PinState enum values:
 421:Drivers/STM32F0xx_HAL_Driver/Src/stm32f0xx_hal_gpio.c ****   *            @arg GPIO_PIN_RESET: to clear the port pin
ARM GAS  D:\App\cygwin\tmp\ccXs60Yf.s 			page 19


 422:Drivers/STM32F0xx_HAL_Driver/Src/stm32f0xx_hal_gpio.c ****   *            @arg GPIO_PIN_SET: to set the port pin
 423:Drivers/STM32F0xx_HAL_Driver/Src/stm32f0xx_hal_gpio.c ****   * @retval None
 424:Drivers/STM32F0xx_HAL_Driver/Src/stm32f0xx_hal_gpio.c ****   */
 425:Drivers/STM32F0xx_HAL_Driver/Src/stm32f0xx_hal_gpio.c **** void HAL_GPIO_WritePin(GPIO_TypeDef* GPIOx, uint16_t GPIO_Pin, GPIO_PinState PinState)
 426:Drivers/STM32F0xx_HAL_Driver/Src/stm32f0xx_hal_gpio.c **** {
 611              		.loc 1 426 0
 612              		.cfi_startproc
 613              		@ args = 0, pretend = 0, frame = 0
 614              		@ frame_needed = 0, uses_anonymous_args = 0
 615              		@ link register save eliminated.
 616              	.LVL64:
 427:Drivers/STM32F0xx_HAL_Driver/Src/stm32f0xx_hal_gpio.c ****   /* Check the parameters */
 428:Drivers/STM32F0xx_HAL_Driver/Src/stm32f0xx_hal_gpio.c ****   assert_param(IS_GPIO_PIN(GPIO_Pin));
 429:Drivers/STM32F0xx_HAL_Driver/Src/stm32f0xx_hal_gpio.c ****   assert_param(IS_GPIO_PIN_ACTION(PinState));
 430:Drivers/STM32F0xx_HAL_Driver/Src/stm32f0xx_hal_gpio.c **** 
 431:Drivers/STM32F0xx_HAL_Driver/Src/stm32f0xx_hal_gpio.c ****   if (PinState != GPIO_PIN_RESET)
 617              		.loc 1 431 0
 618 0000 002A     		cmp	r2, #0
 619 0002 01D0     		beq	.L35
 432:Drivers/STM32F0xx_HAL_Driver/Src/stm32f0xx_hal_gpio.c ****   {
 433:Drivers/STM32F0xx_HAL_Driver/Src/stm32f0xx_hal_gpio.c ****     GPIOx->BSRR = (uint32_t)GPIO_Pin;
 620              		.loc 1 433 0
 621 0004 8161     		str	r1, [r0, #24]
 622 0006 00E0     		b	.L34
 623              	.L35:
 434:Drivers/STM32F0xx_HAL_Driver/Src/stm32f0xx_hal_gpio.c ****   }
 435:Drivers/STM32F0xx_HAL_Driver/Src/stm32f0xx_hal_gpio.c ****   else
 436:Drivers/STM32F0xx_HAL_Driver/Src/stm32f0xx_hal_gpio.c ****   {
 437:Drivers/STM32F0xx_HAL_Driver/Src/stm32f0xx_hal_gpio.c ****     GPIOx->BRR = (uint32_t)GPIO_Pin;
 624              		.loc 1 437 0
 625 0008 8162     		str	r1, [r0, #40]
 626              	.L34:
 438:Drivers/STM32F0xx_HAL_Driver/Src/stm32f0xx_hal_gpio.c ****   }
 439:Drivers/STM32F0xx_HAL_Driver/Src/stm32f0xx_hal_gpio.c **** }
 627              		.loc 1 439 0
 628              		@ sp needed
 629 000a 7047     		bx	lr
 630              		.cfi_endproc
 631              	.LFE38:
 633              		.section	.text.HAL_GPIO_TogglePin,"ax",%progbits
 634              		.align	2
 635              		.global	HAL_GPIO_TogglePin
 636              		.code	16
 637              		.thumb_func
 639              	HAL_GPIO_TogglePin:
 640              	.LFB39:
 440:Drivers/STM32F0xx_HAL_Driver/Src/stm32f0xx_hal_gpio.c ****   
 441:Drivers/STM32F0xx_HAL_Driver/Src/stm32f0xx_hal_gpio.c **** /**
 442:Drivers/STM32F0xx_HAL_Driver/Src/stm32f0xx_hal_gpio.c ****   * @brief  Toggle the specified GPIO pin.
 443:Drivers/STM32F0xx_HAL_Driver/Src/stm32f0xx_hal_gpio.c ****   * @param  GPIOx where x can be (A..F) to select the GPIO peripheral for STM32F0 family
 444:Drivers/STM32F0xx_HAL_Driver/Src/stm32f0xx_hal_gpio.c ****   * @param  GPIO_Pin specifies the pin to be toggled.
 445:Drivers/STM32F0xx_HAL_Driver/Src/stm32f0xx_hal_gpio.c ****   * @retval None
 446:Drivers/STM32F0xx_HAL_Driver/Src/stm32f0xx_hal_gpio.c ****   */
 447:Drivers/STM32F0xx_HAL_Driver/Src/stm32f0xx_hal_gpio.c **** void HAL_GPIO_TogglePin(GPIO_TypeDef* GPIOx, uint16_t GPIO_Pin)
 448:Drivers/STM32F0xx_HAL_Driver/Src/stm32f0xx_hal_gpio.c **** {
 641              		.loc 1 448 0
 642              		.cfi_startproc
ARM GAS  D:\App\cygwin\tmp\ccXs60Yf.s 			page 20


 643              		@ args = 0, pretend = 0, frame = 0
 644              		@ frame_needed = 0, uses_anonymous_args = 0
 645              		@ link register save eliminated.
 646              	.LVL65:
 449:Drivers/STM32F0xx_HAL_Driver/Src/stm32f0xx_hal_gpio.c ****   /* Check the parameters */
 450:Drivers/STM32F0xx_HAL_Driver/Src/stm32f0xx_hal_gpio.c ****   assert_param(IS_GPIO_PIN(GPIO_Pin));
 451:Drivers/STM32F0xx_HAL_Driver/Src/stm32f0xx_hal_gpio.c **** 
 452:Drivers/STM32F0xx_HAL_Driver/Src/stm32f0xx_hal_gpio.c ****   GPIOx->ODR ^= GPIO_Pin;
 647              		.loc 1 452 0
 648 0000 4369     		ldr	r3, [r0, #20]
 649 0002 5940     		eors	r1, r3
 650              	.LVL66:
 651 0004 4161     		str	r1, [r0, #20]
 453:Drivers/STM32F0xx_HAL_Driver/Src/stm32f0xx_hal_gpio.c **** }
 652              		.loc 1 453 0
 653              		@ sp needed
 654 0006 7047     		bx	lr
 655              		.cfi_endproc
 656              	.LFE39:
 658              		.section	.text.HAL_GPIO_LockPin,"ax",%progbits
 659              		.align	2
 660              		.global	HAL_GPIO_LockPin
 661              		.code	16
 662              		.thumb_func
 664              	HAL_GPIO_LockPin:
 665              	.LFB40:
 454:Drivers/STM32F0xx_HAL_Driver/Src/stm32f0xx_hal_gpio.c **** 
 455:Drivers/STM32F0xx_HAL_Driver/Src/stm32f0xx_hal_gpio.c **** /**
 456:Drivers/STM32F0xx_HAL_Driver/Src/stm32f0xx_hal_gpio.c **** * @brief  Locks GPIO Pins configuration registers.
 457:Drivers/STM32F0xx_HAL_Driver/Src/stm32f0xx_hal_gpio.c **** * @note   The locked registers are GPIOx_MODER, GPIOx_OTYPER, GPIOx_OSPEEDR,
 458:Drivers/STM32F0xx_HAL_Driver/Src/stm32f0xx_hal_gpio.c **** *         GPIOx_PUPDR, GPIOx_AFRL and GPIOx_AFRH.
 459:Drivers/STM32F0xx_HAL_Driver/Src/stm32f0xx_hal_gpio.c **** * @note   The configuration of the locked GPIO pins can no longer be modified
 460:Drivers/STM32F0xx_HAL_Driver/Src/stm32f0xx_hal_gpio.c **** *         until the next reset.
 461:Drivers/STM32F0xx_HAL_Driver/Src/stm32f0xx_hal_gpio.c ****   * @param  GPIOx where x can be (A..F) to select the GPIO peripheral for STM32F0 family
 462:Drivers/STM32F0xx_HAL_Driver/Src/stm32f0xx_hal_gpio.c ****   * @param  GPIO_Pin specifies the port bits to be locked.
 463:Drivers/STM32F0xx_HAL_Driver/Src/stm32f0xx_hal_gpio.c **** *         This parameter can be any combination of GPIO_Pin_x where x can be (0..15).
 464:Drivers/STM32F0xx_HAL_Driver/Src/stm32f0xx_hal_gpio.c **** * @retval None
 465:Drivers/STM32F0xx_HAL_Driver/Src/stm32f0xx_hal_gpio.c **** */
 466:Drivers/STM32F0xx_HAL_Driver/Src/stm32f0xx_hal_gpio.c **** HAL_StatusTypeDef HAL_GPIO_LockPin(GPIO_TypeDef* GPIOx, uint16_t GPIO_Pin)
 467:Drivers/STM32F0xx_HAL_Driver/Src/stm32f0xx_hal_gpio.c **** {
 666              		.loc 1 467 0
 667              		.cfi_startproc
 668              		@ args = 0, pretend = 0, frame = 8
 669              		@ frame_needed = 0, uses_anonymous_args = 0
 670              		@ link register save eliminated.
 671              	.LVL67:
 672 0000 82B0     		sub	sp, sp, #8
 673              	.LCFI5:
 674              		.cfi_def_cfa_offset 8
 468:Drivers/STM32F0xx_HAL_Driver/Src/stm32f0xx_hal_gpio.c ****   __IO uint32_t tmp = GPIO_LCKR_LCKK;
 675              		.loc 1 468 0
 676 0002 8022     		movs	r2, #128
 677 0004 5202     		lsls	r2, r2, #9
 678 0006 0192     		str	r2, [sp, #4]
 469:Drivers/STM32F0xx_HAL_Driver/Src/stm32f0xx_hal_gpio.c **** 
 470:Drivers/STM32F0xx_HAL_Driver/Src/stm32f0xx_hal_gpio.c ****   /* Check the parameters */
 471:Drivers/STM32F0xx_HAL_Driver/Src/stm32f0xx_hal_gpio.c ****   assert_param(IS_GPIO_LOCK_INSTANCE(GPIOx));
ARM GAS  D:\App\cygwin\tmp\ccXs60Yf.s 			page 21


 472:Drivers/STM32F0xx_HAL_Driver/Src/stm32f0xx_hal_gpio.c ****   assert_param(IS_GPIO_PIN(GPIO_Pin));
 473:Drivers/STM32F0xx_HAL_Driver/Src/stm32f0xx_hal_gpio.c **** 
 474:Drivers/STM32F0xx_HAL_Driver/Src/stm32f0xx_hal_gpio.c ****   /* Apply lock key write sequence */
 475:Drivers/STM32F0xx_HAL_Driver/Src/stm32f0xx_hal_gpio.c ****   SET_BIT(tmp, GPIO_Pin);
 679              		.loc 1 475 0
 680 0008 019B     		ldr	r3, [sp, #4]
 681 000a 0B43     		orrs	r3, r1
 682 000c 0193     		str	r3, [sp, #4]
 476:Drivers/STM32F0xx_HAL_Driver/Src/stm32f0xx_hal_gpio.c ****   /* Set LCKx bit(s): LCKK='1' + LCK[15-0] */
 477:Drivers/STM32F0xx_HAL_Driver/Src/stm32f0xx_hal_gpio.c ****   GPIOx->LCKR = tmp;
 683              		.loc 1 477 0
 684 000e 019B     		ldr	r3, [sp, #4]
 685 0010 C361     		str	r3, [r0, #28]
 478:Drivers/STM32F0xx_HAL_Driver/Src/stm32f0xx_hal_gpio.c ****   /* Reset LCKx bit(s): LCKK='0' + LCK[15-0] */
 479:Drivers/STM32F0xx_HAL_Driver/Src/stm32f0xx_hal_gpio.c ****   GPIOx->LCKR = GPIO_Pin;
 686              		.loc 1 479 0
 687 0012 C161     		str	r1, [r0, #28]
 480:Drivers/STM32F0xx_HAL_Driver/Src/stm32f0xx_hal_gpio.c ****   /* Set LCKx bit(s): LCKK='1' + LCK[15-0] */
 481:Drivers/STM32F0xx_HAL_Driver/Src/stm32f0xx_hal_gpio.c ****   GPIOx->LCKR = tmp;
 688              		.loc 1 481 0
 689 0014 019B     		ldr	r3, [sp, #4]
 690 0016 C361     		str	r3, [r0, #28]
 482:Drivers/STM32F0xx_HAL_Driver/Src/stm32f0xx_hal_gpio.c ****   /* Read LCKK bit*/
 483:Drivers/STM32F0xx_HAL_Driver/Src/stm32f0xx_hal_gpio.c ****   tmp = GPIOx->LCKR;
 691              		.loc 1 483 0
 692 0018 C369     		ldr	r3, [r0, #28]
 693 001a 0193     		str	r3, [sp, #4]
 484:Drivers/STM32F0xx_HAL_Driver/Src/stm32f0xx_hal_gpio.c **** 
 485:Drivers/STM32F0xx_HAL_Driver/Src/stm32f0xx_hal_gpio.c ****   if((GPIOx->LCKR & GPIO_LCKR_LCKK) != RESET)
 694              		.loc 1 485 0
 695 001c C369     		ldr	r3, [r0, #28]
 696 001e 1342     		tst	r3, r2
 697 0020 01D0     		beq	.L40
 486:Drivers/STM32F0xx_HAL_Driver/Src/stm32f0xx_hal_gpio.c ****   {
 487:Drivers/STM32F0xx_HAL_Driver/Src/stm32f0xx_hal_gpio.c ****     return HAL_OK;
 698              		.loc 1 487 0
 699 0022 0020     		movs	r0, #0
 700              	.LVL68:
 701 0024 00E0     		b	.L39
 702              	.LVL69:
 703              	.L40:
 488:Drivers/STM32F0xx_HAL_Driver/Src/stm32f0xx_hal_gpio.c ****   }
 489:Drivers/STM32F0xx_HAL_Driver/Src/stm32f0xx_hal_gpio.c ****   else
 490:Drivers/STM32F0xx_HAL_Driver/Src/stm32f0xx_hal_gpio.c ****   {
 491:Drivers/STM32F0xx_HAL_Driver/Src/stm32f0xx_hal_gpio.c ****     return HAL_ERROR;
 704              		.loc 1 491 0
 705 0026 0120     		movs	r0, #1
 706              	.LVL70:
 707              	.L39:
 492:Drivers/STM32F0xx_HAL_Driver/Src/stm32f0xx_hal_gpio.c ****   }
 493:Drivers/STM32F0xx_HAL_Driver/Src/stm32f0xx_hal_gpio.c **** }
 708              		.loc 1 493 0
 709 0028 02B0     		add	sp, sp, #8
 710              		@ sp needed
 711 002a 7047     		bx	lr
 712              		.cfi_endproc
 713              	.LFE40:
ARM GAS  D:\App\cygwin\tmp\ccXs60Yf.s 			page 22


 715              		.section	.text.HAL_GPIO_EXTI_Callback,"ax",%progbits
 716              		.align	2
 717              		.weak	HAL_GPIO_EXTI_Callback
 718              		.code	16
 719              		.thumb_func
 721              	HAL_GPIO_EXTI_Callback:
 722              	.LFB42:
 494:Drivers/STM32F0xx_HAL_Driver/Src/stm32f0xx_hal_gpio.c **** 
 495:Drivers/STM32F0xx_HAL_Driver/Src/stm32f0xx_hal_gpio.c **** /**
 496:Drivers/STM32F0xx_HAL_Driver/Src/stm32f0xx_hal_gpio.c ****   * @brief  Handle EXTI interrupt request.
 497:Drivers/STM32F0xx_HAL_Driver/Src/stm32f0xx_hal_gpio.c ****   * @param  GPIO_Pin Specifies the port pin connected to corresponding EXTI line.
 498:Drivers/STM32F0xx_HAL_Driver/Src/stm32f0xx_hal_gpio.c ****   * @retval None
 499:Drivers/STM32F0xx_HAL_Driver/Src/stm32f0xx_hal_gpio.c ****   */
 500:Drivers/STM32F0xx_HAL_Driver/Src/stm32f0xx_hal_gpio.c **** void HAL_GPIO_EXTI_IRQHandler(uint16_t GPIO_Pin)
 501:Drivers/STM32F0xx_HAL_Driver/Src/stm32f0xx_hal_gpio.c **** {
 502:Drivers/STM32F0xx_HAL_Driver/Src/stm32f0xx_hal_gpio.c ****   /* EXTI line interrupt detected */
 503:Drivers/STM32F0xx_HAL_Driver/Src/stm32f0xx_hal_gpio.c ****   if(__HAL_GPIO_EXTI_GET_IT(GPIO_Pin) != RESET) 
 504:Drivers/STM32F0xx_HAL_Driver/Src/stm32f0xx_hal_gpio.c ****   { 
 505:Drivers/STM32F0xx_HAL_Driver/Src/stm32f0xx_hal_gpio.c ****     __HAL_GPIO_EXTI_CLEAR_IT(GPIO_Pin);
 506:Drivers/STM32F0xx_HAL_Driver/Src/stm32f0xx_hal_gpio.c ****     HAL_GPIO_EXTI_Callback(GPIO_Pin);
 507:Drivers/STM32F0xx_HAL_Driver/Src/stm32f0xx_hal_gpio.c ****   }
 508:Drivers/STM32F0xx_HAL_Driver/Src/stm32f0xx_hal_gpio.c **** }
 509:Drivers/STM32F0xx_HAL_Driver/Src/stm32f0xx_hal_gpio.c **** 
 510:Drivers/STM32F0xx_HAL_Driver/Src/stm32f0xx_hal_gpio.c **** /**
 511:Drivers/STM32F0xx_HAL_Driver/Src/stm32f0xx_hal_gpio.c ****   * @brief  EXTI line detection callback.
 512:Drivers/STM32F0xx_HAL_Driver/Src/stm32f0xx_hal_gpio.c ****   * @param  GPIO_Pin Specifies the port pin connected to corresponding EXTI line.
 513:Drivers/STM32F0xx_HAL_Driver/Src/stm32f0xx_hal_gpio.c ****   * @retval None
 514:Drivers/STM32F0xx_HAL_Driver/Src/stm32f0xx_hal_gpio.c ****   */
 515:Drivers/STM32F0xx_HAL_Driver/Src/stm32f0xx_hal_gpio.c **** __weak void HAL_GPIO_EXTI_Callback(uint16_t GPIO_Pin)
 516:Drivers/STM32F0xx_HAL_Driver/Src/stm32f0xx_hal_gpio.c **** {
 723              		.loc 1 516 0
 724              		.cfi_startproc
 725              		@ args = 0, pretend = 0, frame = 0
 726              		@ frame_needed = 0, uses_anonymous_args = 0
 727              		@ link register save eliminated.
 728              	.LVL71:
 517:Drivers/STM32F0xx_HAL_Driver/Src/stm32f0xx_hal_gpio.c ****   /* Prevent unused argument(s) compilation warning */
 518:Drivers/STM32F0xx_HAL_Driver/Src/stm32f0xx_hal_gpio.c ****   UNUSED(GPIO_Pin);
 519:Drivers/STM32F0xx_HAL_Driver/Src/stm32f0xx_hal_gpio.c **** 
 520:Drivers/STM32F0xx_HAL_Driver/Src/stm32f0xx_hal_gpio.c ****   /* NOTE: This function should not be modified, when the callback is needed,
 521:Drivers/STM32F0xx_HAL_Driver/Src/stm32f0xx_hal_gpio.c ****             the HAL_GPIO_EXTI_Callback could be implemented in the user file
 522:Drivers/STM32F0xx_HAL_Driver/Src/stm32f0xx_hal_gpio.c ****    */ 
 523:Drivers/STM32F0xx_HAL_Driver/Src/stm32f0xx_hal_gpio.c **** }
 729              		.loc 1 523 0
 730              		@ sp needed
 731 0000 7047     		bx	lr
 732              		.cfi_endproc
 733              	.LFE42:
 735 0002 C046     		.section	.text.HAL_GPIO_EXTI_IRQHandler,"ax",%progbits
 736              		.align	2
 737              		.global	HAL_GPIO_EXTI_IRQHandler
 738              		.code	16
 739              		.thumb_func
 741              	HAL_GPIO_EXTI_IRQHandler:
 742              	.LFB41:
 501:Drivers/STM32F0xx_HAL_Driver/Src/stm32f0xx_hal_gpio.c ****   /* EXTI line interrupt detected */
 743              		.loc 1 501 0
ARM GAS  D:\App\cygwin\tmp\ccXs60Yf.s 			page 23


 744              		.cfi_startproc
 745              		@ args = 0, pretend = 0, frame = 0
 746              		@ frame_needed = 0, uses_anonymous_args = 0
 747              	.LVL72:
 748 0000 10B5     		push	{r4, lr}
 749              	.LCFI6:
 750              		.cfi_def_cfa_offset 8
 751              		.cfi_offset 4, -8
 752              		.cfi_offset 14, -4
 503:Drivers/STM32F0xx_HAL_Driver/Src/stm32f0xx_hal_gpio.c ****   { 
 753              		.loc 1 503 0
 754 0002 044B     		ldr	r3, .L44
 755 0004 5B69     		ldr	r3, [r3, #20]
 756 0006 1842     		tst	r0, r3
 757 0008 03D0     		beq	.L42
 505:Drivers/STM32F0xx_HAL_Driver/Src/stm32f0xx_hal_gpio.c ****     HAL_GPIO_EXTI_Callback(GPIO_Pin);
 758              		.loc 1 505 0
 759 000a 024B     		ldr	r3, .L44
 760 000c 5861     		str	r0, [r3, #20]
 506:Drivers/STM32F0xx_HAL_Driver/Src/stm32f0xx_hal_gpio.c ****   }
 761              		.loc 1 506 0
 762 000e FFF7FEFF 		bl	HAL_GPIO_EXTI_Callback
 763              	.LVL73:
 764              	.L42:
 508:Drivers/STM32F0xx_HAL_Driver/Src/stm32f0xx_hal_gpio.c **** 
 765              		.loc 1 508 0
 766              		@ sp needed
 767 0012 10BD     		pop	{r4, pc}
 768              	.L45:
 769              		.align	2
 770              	.L44:
 771 0014 00040140 		.word	1073808384
 772              		.cfi_endproc
 773              	.LFE41:
 775              		.text
 776              	.Letext0:
 777              		.file 2 "d:\\app\\armgcc\\arm-none-eabi\\include\\machine\\_default_types.h"
 778              		.file 3 "d:\\app\\armgcc\\arm-none-eabi\\include\\sys\\_stdint.h"
 779              		.file 4 "Drivers/CMSIS/Device/ST/STM32F0xx/Include/stm32f030x6.h"
 780              		.file 5 "Drivers/CMSIS/Device/ST/STM32F0xx/Include/stm32f0xx.h"
 781              		.file 6 "Drivers/STM32F0xx_HAL_Driver/Inc/stm32f0xx_hal_def.h"
 782              		.file 7 "Drivers/STM32F0xx_HAL_Driver/Inc/stm32f0xx_hal_gpio.h"
ARM GAS  D:\App\cygwin\tmp\ccXs60Yf.s 			page 24


DEFINED SYMBOLS
                            *ABS*:00000000 stm32f0xx_hal_gpio.c
D:\App\cygwin\tmp\ccXs60Yf.s:20     .text.HAL_GPIO_Init:00000000 $t
D:\App\cygwin\tmp\ccXs60Yf.s:25     .text.HAL_GPIO_Init:00000000 HAL_GPIO_Init
D:\App\cygwin\tmp\ccXs60Yf.s:365    .text.HAL_GPIO_Init:00000170 $d
D:\App\cygwin\tmp\ccXs60Yf.s:375    .text.HAL_GPIO_DeInit:00000000 $t
D:\App\cygwin\tmp\ccXs60Yf.s:380    .text.HAL_GPIO_DeInit:00000000 HAL_GPIO_DeInit
D:\App\cygwin\tmp\ccXs60Yf.s:561    .text.HAL_GPIO_DeInit:000000e8 $d
D:\App\cygwin\tmp\ccXs60Yf.s:570    .text.HAL_GPIO_ReadPin:00000000 $t
D:\App\cygwin\tmp\ccXs60Yf.s:575    .text.HAL_GPIO_ReadPin:00000000 HAL_GPIO_ReadPin
D:\App\cygwin\tmp\ccXs60Yf.s:604    .text.HAL_GPIO_WritePin:00000000 $t
D:\App\cygwin\tmp\ccXs60Yf.s:609    .text.HAL_GPIO_WritePin:00000000 HAL_GPIO_WritePin
D:\App\cygwin\tmp\ccXs60Yf.s:634    .text.HAL_GPIO_TogglePin:00000000 $t
D:\App\cygwin\tmp\ccXs60Yf.s:639    .text.HAL_GPIO_TogglePin:00000000 HAL_GPIO_TogglePin
D:\App\cygwin\tmp\ccXs60Yf.s:659    .text.HAL_GPIO_LockPin:00000000 $t
D:\App\cygwin\tmp\ccXs60Yf.s:664    .text.HAL_GPIO_LockPin:00000000 HAL_GPIO_LockPin
D:\App\cygwin\tmp\ccXs60Yf.s:716    .text.HAL_GPIO_EXTI_Callback:00000000 $t
D:\App\cygwin\tmp\ccXs60Yf.s:721    .text.HAL_GPIO_EXTI_Callback:00000000 HAL_GPIO_EXTI_Callback
D:\App\cygwin\tmp\ccXs60Yf.s:736    .text.HAL_GPIO_EXTI_IRQHandler:00000000 $t
D:\App\cygwin\tmp\ccXs60Yf.s:741    .text.HAL_GPIO_EXTI_IRQHandler:00000000 HAL_GPIO_EXTI_IRQHandler
D:\App\cygwin\tmp\ccXs60Yf.s:771    .text.HAL_GPIO_EXTI_IRQHandler:00000014 $d
                     .debug_frame:00000010 $d

NO UNDEFINED SYMBOLS
