ARM GAS  D:\App\cygwin\tmp\ccQK11Dj.s 			page 1


   1              		.syntax unified
   2              		.cpu cortex-m0
   3              		.fpu softvfp
   4              		.eabi_attribute 20, 1
   5              		.eabi_attribute 21, 1
   6              		.eabi_attribute 23, 3
   7              		.eabi_attribute 24, 1
   8              		.eabi_attribute 25, 1
   9              		.eabi_attribute 26, 1
  10              		.eabi_attribute 30, 1
  11              		.eabi_attribute 34, 0
  12              		.eabi_attribute 18, 4
  13              		.thumb
  14              		.syntax unified
  15              		.file	"stm32f0xx_it.c"
  16              		.text
  17              	.Ltext0:
  18              		.cfi_sections	.debug_frame
  19              		.section	.text.NMI_Handler,"ax",%progbits
  20              		.align	2
  21              		.global	NMI_Handler
  22              		.code	16
  23              		.thumb_func
  25              	NMI_Handler:
  26              	.LFB35:
  27              		.file 1 "Src/stm32f0xx_it.c"
   1:Src/stm32f0xx_it.c **** /* USER CODE BEGIN Header */
   2:Src/stm32f0xx_it.c **** /**
   3:Src/stm32f0xx_it.c ****   ******************************************************************************
   4:Src/stm32f0xx_it.c ****   * @file    stm32f0xx_it.c
   5:Src/stm32f0xx_it.c ****   * @brief   Interrupt Service Routines.
   6:Src/stm32f0xx_it.c ****   ******************************************************************************
   7:Src/stm32f0xx_it.c ****   * @attention
   8:Src/stm32f0xx_it.c ****   *
   9:Src/stm32f0xx_it.c ****   * <h2><center>&copy; Copyright (c) 2019 STMicroelectronics.
  10:Src/stm32f0xx_it.c ****   * All rights reserved.</center></h2>
  11:Src/stm32f0xx_it.c ****   *
  12:Src/stm32f0xx_it.c ****   * This software component is licensed by ST under BSD 3-Clause license,
  13:Src/stm32f0xx_it.c ****   * the "License"; You may not use this file except in compliance with the
  14:Src/stm32f0xx_it.c ****   * License. You may obtain a copy of the License at:
  15:Src/stm32f0xx_it.c ****   *                        opensource.org/licenses/BSD-3-Clause
  16:Src/stm32f0xx_it.c ****   *
  17:Src/stm32f0xx_it.c ****   ******************************************************************************
  18:Src/stm32f0xx_it.c ****   */
  19:Src/stm32f0xx_it.c **** /* USER CODE END Header */
  20:Src/stm32f0xx_it.c **** 
  21:Src/stm32f0xx_it.c **** /* Includes ------------------------------------------------------------------*/
  22:Src/stm32f0xx_it.c **** #include "main.h"
  23:Src/stm32f0xx_it.c **** #include "stm32f0xx_it.h"
  24:Src/stm32f0xx_it.c **** /* Private includes ----------------------------------------------------------*/
  25:Src/stm32f0xx_it.c **** /* USER CODE BEGIN Includes */
  26:Src/stm32f0xx_it.c **** /* USER CODE END Includes */
  27:Src/stm32f0xx_it.c **** 
  28:Src/stm32f0xx_it.c **** /* Private typedef -----------------------------------------------------------*/
  29:Src/stm32f0xx_it.c **** /* USER CODE BEGIN TD */
  30:Src/stm32f0xx_it.c **** 
  31:Src/stm32f0xx_it.c **** /* USER CODE END TD */
ARM GAS  D:\App\cygwin\tmp\ccQK11Dj.s 			page 2


  32:Src/stm32f0xx_it.c **** 
  33:Src/stm32f0xx_it.c **** /* Private define ------------------------------------------------------------*/
  34:Src/stm32f0xx_it.c **** /* USER CODE BEGIN PD */
  35:Src/stm32f0xx_it.c ****  
  36:Src/stm32f0xx_it.c **** /* USER CODE END PD */
  37:Src/stm32f0xx_it.c **** 
  38:Src/stm32f0xx_it.c **** /* Private macro -------------------------------------------------------------*/
  39:Src/stm32f0xx_it.c **** /* USER CODE BEGIN PM */
  40:Src/stm32f0xx_it.c **** 
  41:Src/stm32f0xx_it.c **** /* USER CODE END PM */
  42:Src/stm32f0xx_it.c **** 
  43:Src/stm32f0xx_it.c **** /* Private variables ---------------------------------------------------------*/
  44:Src/stm32f0xx_it.c **** /* USER CODE BEGIN PV */
  45:Src/stm32f0xx_it.c **** 
  46:Src/stm32f0xx_it.c **** /* USER CODE END PV */
  47:Src/stm32f0xx_it.c **** 
  48:Src/stm32f0xx_it.c **** /* Private function prototypes -----------------------------------------------*/
  49:Src/stm32f0xx_it.c **** /* USER CODE BEGIN PFP */
  50:Src/stm32f0xx_it.c **** 
  51:Src/stm32f0xx_it.c **** /* USER CODE END PFP */
  52:Src/stm32f0xx_it.c **** 
  53:Src/stm32f0xx_it.c **** /* Private user code ---------------------------------------------------------*/
  54:Src/stm32f0xx_it.c **** /* USER CODE BEGIN 0 */
  55:Src/stm32f0xx_it.c **** 
  56:Src/stm32f0xx_it.c **** /* USER CODE END 0 */
  57:Src/stm32f0xx_it.c **** 
  58:Src/stm32f0xx_it.c **** /* External variables --------------------------------------------------------*/
  59:Src/stm32f0xx_it.c **** extern DMA_HandleTypeDef hdma_adc;
  60:Src/stm32f0xx_it.c **** extern DMA_HandleTypeDef hdma_usart1_rx;
  61:Src/stm32f0xx_it.c **** extern DMA_HandleTypeDef hdma_usart1_tx;
  62:Src/stm32f0xx_it.c **** /* USER CODE BEGIN EV */
  63:Src/stm32f0xx_it.c **** 
  64:Src/stm32f0xx_it.c **** /* USER CODE END EV */
  65:Src/stm32f0xx_it.c **** 
  66:Src/stm32f0xx_it.c **** /******************************************************************************/
  67:Src/stm32f0xx_it.c **** /*           Cortex-M0 Processor Interruption and Exception Handlers          */ 
  68:Src/stm32f0xx_it.c **** /******************************************************************************/
  69:Src/stm32f0xx_it.c **** /**
  70:Src/stm32f0xx_it.c ****   * @brief This function handles Non maskable interrupt.
  71:Src/stm32f0xx_it.c ****   */
  72:Src/stm32f0xx_it.c **** void NMI_Handler(void)
  73:Src/stm32f0xx_it.c **** {
  28              		.loc 1 73 0
  29              		.cfi_startproc
  30              		@ args = 0, pretend = 0, frame = 0
  31              		@ frame_needed = 0, uses_anonymous_args = 0
  32              		@ link register save eliminated.
  74:Src/stm32f0xx_it.c ****   /* USER CODE BEGIN NonMaskableInt_IRQn 0 */
  75:Src/stm32f0xx_it.c **** 
  76:Src/stm32f0xx_it.c ****   /* USER CODE END NonMaskableInt_IRQn 0 */
  77:Src/stm32f0xx_it.c ****   /* USER CODE BEGIN NonMaskableInt_IRQn 1 */
  78:Src/stm32f0xx_it.c **** 
  79:Src/stm32f0xx_it.c ****   /* USER CODE END NonMaskableInt_IRQn 1 */
  80:Src/stm32f0xx_it.c **** }
  33              		.loc 1 80 0
  34              		@ sp needed
  35 0000 7047     		bx	lr
ARM GAS  D:\App\cygwin\tmp\ccQK11Dj.s 			page 3


  36              		.cfi_endproc
  37              	.LFE35:
  39 0002 C046     		.section	.text.HardFault_Handler,"ax",%progbits
  40              		.align	2
  41              		.global	HardFault_Handler
  42              		.code	16
  43              		.thumb_func
  45              	HardFault_Handler:
  46              	.LFB36:
  81:Src/stm32f0xx_it.c **** 
  82:Src/stm32f0xx_it.c **** /**
  83:Src/stm32f0xx_it.c ****   * @brief This function handles Hard fault interrupt.
  84:Src/stm32f0xx_it.c ****   */
  85:Src/stm32f0xx_it.c **** void HardFault_Handler(void)
  86:Src/stm32f0xx_it.c **** {
  47              		.loc 1 86 0
  48              		.cfi_startproc
  49              		@ Volatile: function does not return.
  50              		@ args = 0, pretend = 0, frame = 0
  51              		@ frame_needed = 0, uses_anonymous_args = 0
  52              		@ link register save eliminated.
  53              	.L3:
  54 0000 FEE7     		b	.L3
  55              		.cfi_endproc
  56              	.LFE36:
  58 0002 C046     		.section	.text.SVC_Handler,"ax",%progbits
  59              		.align	2
  60              		.global	SVC_Handler
  61              		.code	16
  62              		.thumb_func
  64              	SVC_Handler:
  65              	.LFB37:
  87:Src/stm32f0xx_it.c ****   /* USER CODE BEGIN HardFault_IRQn 0 */
  88:Src/stm32f0xx_it.c **** 
  89:Src/stm32f0xx_it.c ****   /* USER CODE END HardFault_IRQn 0 */
  90:Src/stm32f0xx_it.c ****   while (1)
  91:Src/stm32f0xx_it.c ****   {
  92:Src/stm32f0xx_it.c ****     /* USER CODE BEGIN W1_HardFault_IRQn 0 */
  93:Src/stm32f0xx_it.c ****     /* USER CODE END W1_HardFault_IRQn 0 */
  94:Src/stm32f0xx_it.c ****   }
  95:Src/stm32f0xx_it.c **** }
  96:Src/stm32f0xx_it.c **** 
  97:Src/stm32f0xx_it.c **** /**
  98:Src/stm32f0xx_it.c ****   * @brief This function handles System service call via SWI instruction.
  99:Src/stm32f0xx_it.c ****   */
 100:Src/stm32f0xx_it.c **** void SVC_Handler(void)
 101:Src/stm32f0xx_it.c **** {
  66              		.loc 1 101 0
  67              		.cfi_startproc
  68              		@ args = 0, pretend = 0, frame = 0
  69              		@ frame_needed = 0, uses_anonymous_args = 0
  70              		@ link register save eliminated.
 102:Src/stm32f0xx_it.c ****   /* USER CODE BEGIN SVC_IRQn 0 */
 103:Src/stm32f0xx_it.c **** 
 104:Src/stm32f0xx_it.c ****   /* USER CODE END SVC_IRQn 0 */
 105:Src/stm32f0xx_it.c ****   /* USER CODE BEGIN SVC_IRQn 1 */
 106:Src/stm32f0xx_it.c **** 
ARM GAS  D:\App\cygwin\tmp\ccQK11Dj.s 			page 4


 107:Src/stm32f0xx_it.c ****   /* USER CODE END SVC_IRQn 1 */
 108:Src/stm32f0xx_it.c **** }
  71              		.loc 1 108 0
  72              		@ sp needed
  73 0000 7047     		bx	lr
  74              		.cfi_endproc
  75              	.LFE37:
  77 0002 C046     		.section	.text.PendSV_Handler,"ax",%progbits
  78              		.align	2
  79              		.global	PendSV_Handler
  80              		.code	16
  81              		.thumb_func
  83              	PendSV_Handler:
  84              	.LFB38:
 109:Src/stm32f0xx_it.c **** 
 110:Src/stm32f0xx_it.c **** /**
 111:Src/stm32f0xx_it.c ****   * @brief This function handles Pendable request for system service.
 112:Src/stm32f0xx_it.c ****   */
 113:Src/stm32f0xx_it.c **** void PendSV_Handler(void)
 114:Src/stm32f0xx_it.c **** {
  85              		.loc 1 114 0
  86              		.cfi_startproc
  87              		@ args = 0, pretend = 0, frame = 0
  88              		@ frame_needed = 0, uses_anonymous_args = 0
  89              		@ link register save eliminated.
 115:Src/stm32f0xx_it.c ****   /* USER CODE BEGIN PendSV_IRQn 0 */
 116:Src/stm32f0xx_it.c **** 
 117:Src/stm32f0xx_it.c ****   /* USER CODE END PendSV_IRQn 0 */
 118:Src/stm32f0xx_it.c ****   /* USER CODE BEGIN PendSV_IRQn 1 */
 119:Src/stm32f0xx_it.c **** 
 120:Src/stm32f0xx_it.c ****   /* USER CODE END PendSV_IRQn 1 */
 121:Src/stm32f0xx_it.c **** }
  90              		.loc 1 121 0
  91              		@ sp needed
  92 0000 7047     		bx	lr
  93              		.cfi_endproc
  94              	.LFE38:
  96 0002 C046     		.section	.text.SysTick_Handler,"ax",%progbits
  97              		.align	2
  98              		.global	SysTick_Handler
  99              		.code	16
 100              		.thumb_func
 102              	SysTick_Handler:
 103              	.LFB39:
 122:Src/stm32f0xx_it.c **** 
 123:Src/stm32f0xx_it.c **** /**
 124:Src/stm32f0xx_it.c ****   * @brief This function handles System tick timer.
 125:Src/stm32f0xx_it.c ****   */
 126:Src/stm32f0xx_it.c **** void SysTick_Handler(void)
 127:Src/stm32f0xx_it.c **** {
 104              		.loc 1 127 0
 105              		.cfi_startproc
 106              		@ args = 0, pretend = 0, frame = 0
 107              		@ frame_needed = 0, uses_anonymous_args = 0
 108 0000 10B5     		push	{r4, lr}
 109              	.LCFI0:
 110              		.cfi_def_cfa_offset 8
ARM GAS  D:\App\cygwin\tmp\ccQK11Dj.s 			page 5


 111              		.cfi_offset 4, -8
 112              		.cfi_offset 14, -4
 128:Src/stm32f0xx_it.c ****   /* USER CODE BEGIN SysTick_IRQn 0 */
 129:Src/stm32f0xx_it.c **** 
 130:Src/stm32f0xx_it.c ****   /* USER CODE END SysTick_IRQn 0 */
 131:Src/stm32f0xx_it.c ****   HAL_IncTick();
 113              		.loc 1 131 0
 114 0002 FFF7FEFF 		bl	HAL_IncTick
 115              	.LVL0:
 132:Src/stm32f0xx_it.c ****   /* USER CODE BEGIN SysTick_IRQn 1 */
 133:Src/stm32f0xx_it.c **** 
 134:Src/stm32f0xx_it.c ****   /* USER CODE END SysTick_IRQn 1 */
 135:Src/stm32f0xx_it.c **** }
 116              		.loc 1 135 0
 117              		@ sp needed
 118 0006 10BD     		pop	{r4, pc}
 119              		.cfi_endproc
 120              	.LFE39:
 122              		.section	.text.DMA1_Channel1_IRQHandler,"ax",%progbits
 123              		.align	2
 124              		.global	DMA1_Channel1_IRQHandler
 125              		.code	16
 126              		.thumb_func
 128              	DMA1_Channel1_IRQHandler:
 129              	.LFB40:
 136:Src/stm32f0xx_it.c **** 
 137:Src/stm32f0xx_it.c **** /******************************************************************************/
 138:Src/stm32f0xx_it.c **** /* STM32F0xx Peripheral Interrupt Handlers                                    */
 139:Src/stm32f0xx_it.c **** /* Add here the Interrupt Handlers for the used peripherals.                  */
 140:Src/stm32f0xx_it.c **** /* For the available peripheral interrupt handler names,                      */
 141:Src/stm32f0xx_it.c **** /* please refer to the startup file (startup_stm32f0xx.s).                    */
 142:Src/stm32f0xx_it.c **** /******************************************************************************/
 143:Src/stm32f0xx_it.c **** 
 144:Src/stm32f0xx_it.c **** /**
 145:Src/stm32f0xx_it.c ****   * @brief This function handles DMA1 channel 1 interrupt.
 146:Src/stm32f0xx_it.c ****   */
 147:Src/stm32f0xx_it.c **** void DMA1_Channel1_IRQHandler(void)
 148:Src/stm32f0xx_it.c **** {
 130              		.loc 1 148 0
 131              		.cfi_startproc
 132              		@ args = 0, pretend = 0, frame = 0
 133              		@ frame_needed = 0, uses_anonymous_args = 0
 134 0000 10B5     		push	{r4, lr}
 135              	.LCFI1:
 136              		.cfi_def_cfa_offset 8
 137              		.cfi_offset 4, -8
 138              		.cfi_offset 14, -4
 149:Src/stm32f0xx_it.c ****   /* USER CODE BEGIN DMA1_Channel1_IRQn 0 */
 150:Src/stm32f0xx_it.c **** 
 151:Src/stm32f0xx_it.c ****   /* USER CODE END DMA1_Channel1_IRQn 0 */
 152:Src/stm32f0xx_it.c ****   HAL_DMA_IRQHandler(&hdma_adc);
 139              		.loc 1 152 0
 140 0002 0248     		ldr	r0, .L8
 141 0004 FFF7FEFF 		bl	HAL_DMA_IRQHandler
 142              	.LVL1:
 153:Src/stm32f0xx_it.c ****   /* USER CODE BEGIN DMA1_Channel1_IRQn 1 */
 154:Src/stm32f0xx_it.c **** 
ARM GAS  D:\App\cygwin\tmp\ccQK11Dj.s 			page 6


 155:Src/stm32f0xx_it.c ****   /* USER CODE END DMA1_Channel1_IRQn 1 */
 156:Src/stm32f0xx_it.c **** }
 143              		.loc 1 156 0
 144              		@ sp needed
 145 0008 10BD     		pop	{r4, pc}
 146              	.L9:
 147 000a C046     		.align	2
 148              	.L8:
 149 000c 00000000 		.word	hdma_adc
 150              		.cfi_endproc
 151              	.LFE40:
 153              		.section	.text.DMA1_Channel2_3_IRQHandler,"ax",%progbits
 154              		.align	2
 155              		.global	DMA1_Channel2_3_IRQHandler
 156              		.code	16
 157              		.thumb_func
 159              	DMA1_Channel2_3_IRQHandler:
 160              	.LFB41:
 157:Src/stm32f0xx_it.c **** 
 158:Src/stm32f0xx_it.c **** /**
 159:Src/stm32f0xx_it.c ****   * @brief This function handles DMA1 channel 2 and 3 interrupts.
 160:Src/stm32f0xx_it.c ****   */
 161:Src/stm32f0xx_it.c **** void DMA1_Channel2_3_IRQHandler(void)
 162:Src/stm32f0xx_it.c **** {
 161              		.loc 1 162 0
 162              		.cfi_startproc
 163              		@ args = 0, pretend = 0, frame = 0
 164              		@ frame_needed = 0, uses_anonymous_args = 0
 165 0000 10B5     		push	{r4, lr}
 166              	.LCFI2:
 167              		.cfi_def_cfa_offset 8
 168              		.cfi_offset 4, -8
 169              		.cfi_offset 14, -4
 163:Src/stm32f0xx_it.c ****   /* USER CODE BEGIN DMA1_Channel2_3_IRQn 0 */
 164:Src/stm32f0xx_it.c **** 
 165:Src/stm32f0xx_it.c ****   /* USER CODE END DMA1_Channel2_3_IRQn 0 */
 166:Src/stm32f0xx_it.c ****   HAL_DMA_IRQHandler(&hdma_usart1_tx);
 170              		.loc 1 166 0
 171 0002 0348     		ldr	r0, .L11
 172 0004 FFF7FEFF 		bl	HAL_DMA_IRQHandler
 173              	.LVL2:
 167:Src/stm32f0xx_it.c ****   HAL_DMA_IRQHandler(&hdma_usart1_rx);
 174              		.loc 1 167 0
 175 0008 0248     		ldr	r0, .L11+4
 176 000a FFF7FEFF 		bl	HAL_DMA_IRQHandler
 177              	.LVL3:
 168:Src/stm32f0xx_it.c ****   /* USER CODE BEGIN DMA1_Channel2_3_IRQn 1 */
 169:Src/stm32f0xx_it.c **** 
 170:Src/stm32f0xx_it.c ****   /* USER CODE END DMA1_Channel2_3_IRQn 1 */
 171:Src/stm32f0xx_it.c **** }
 178              		.loc 1 171 0
 179              		@ sp needed
 180 000e 10BD     		pop	{r4, pc}
 181              	.L12:
 182              		.align	2
 183              	.L11:
 184 0010 00000000 		.word	hdma_usart1_tx
ARM GAS  D:\App\cygwin\tmp\ccQK11Dj.s 			page 7


 185 0014 00000000 		.word	hdma_usart1_rx
 186              		.cfi_endproc
 187              	.LFE41:
 189              		.text
 190              	.Letext0:
 191              		.file 2 "d:\\app\\armgcc\\arm-none-eabi\\include\\machine\\_default_types.h"
 192              		.file 3 "d:\\app\\armgcc\\arm-none-eabi\\include\\sys\\_stdint.h"
 193              		.file 4 "Drivers/CMSIS/Device/ST/STM32F0xx/Include/stm32f030x6.h"
 194              		.file 5 "Drivers/STM32F0xx_HAL_Driver/Inc/stm32f0xx_hal_def.h"
 195              		.file 6 "Drivers/STM32F0xx_HAL_Driver/Inc/stm32f0xx_hal_dma.h"
 196              		.file 7 "Drivers/STM32F0xx_HAL_Driver/Inc/stm32f0xx_hal.h"
ARM GAS  D:\App\cygwin\tmp\ccQK11Dj.s 			page 8


DEFINED SYMBOLS
                            *ABS*:00000000 stm32f0xx_it.c
D:\App\cygwin\tmp\ccQK11Dj.s:20     .text.NMI_Handler:00000000 $t
D:\App\cygwin\tmp\ccQK11Dj.s:25     .text.NMI_Handler:00000000 NMI_Handler
D:\App\cygwin\tmp\ccQK11Dj.s:40     .text.HardFault_Handler:00000000 $t
D:\App\cygwin\tmp\ccQK11Dj.s:45     .text.HardFault_Handler:00000000 HardFault_Handler
D:\App\cygwin\tmp\ccQK11Dj.s:59     .text.SVC_Handler:00000000 $t
D:\App\cygwin\tmp\ccQK11Dj.s:64     .text.SVC_Handler:00000000 SVC_Handler
D:\App\cygwin\tmp\ccQK11Dj.s:78     .text.PendSV_Handler:00000000 $t
D:\App\cygwin\tmp\ccQK11Dj.s:83     .text.PendSV_Handler:00000000 PendSV_Handler
D:\App\cygwin\tmp\ccQK11Dj.s:97     .text.SysTick_Handler:00000000 $t
D:\App\cygwin\tmp\ccQK11Dj.s:102    .text.SysTick_Handler:00000000 SysTick_Handler
D:\App\cygwin\tmp\ccQK11Dj.s:123    .text.DMA1_Channel1_IRQHandler:00000000 $t
D:\App\cygwin\tmp\ccQK11Dj.s:128    .text.DMA1_Channel1_IRQHandler:00000000 DMA1_Channel1_IRQHandler
D:\App\cygwin\tmp\ccQK11Dj.s:149    .text.DMA1_Channel1_IRQHandler:0000000c $d
D:\App\cygwin\tmp\ccQK11Dj.s:154    .text.DMA1_Channel2_3_IRQHandler:00000000 $t
D:\App\cygwin\tmp\ccQK11Dj.s:159    .text.DMA1_Channel2_3_IRQHandler:00000000 DMA1_Channel2_3_IRQHandler
D:\App\cygwin\tmp\ccQK11Dj.s:184    .text.DMA1_Channel2_3_IRQHandler:00000010 $d
                     .debug_frame:00000010 $d

UNDEFINED SYMBOLS
HAL_IncTick
HAL_DMA_IRQHandler
hdma_adc
hdma_usart1_tx
hdma_usart1_rx
