ARM GAS  D:\App\cygwin\tmp\ccaEuAG5.s 			page 1


   1              		.syntax unified
   2              		.cpu cortex-m0
   3              		.fpu softvfp
   4              		.eabi_attribute 20, 1
   5              		.eabi_attribute 21, 1
   6              		.eabi_attribute 23, 3
   7              		.eabi_attribute 24, 1
   8              		.eabi_attribute 25, 1
   9              		.eabi_attribute 26, 1
  10              		.eabi_attribute 30, 1
  11              		.eabi_attribute 34, 0
  12              		.eabi_attribute 18, 4
  13              		.thumb
  14              		.syntax unified
  15              		.file	"stm32f0xx_hal_adc_ex.c"
  16              		.text
  17              	.Ltext0:
  18              		.cfi_sections	.debug_frame
  19              		.section	.text.HAL_ADCEx_Calibration_Start,"ax",%progbits
  20              		.align	2
  21              		.global	HAL_ADCEx_Calibration_Start
  22              		.code	16
  23              		.thumb_func
  25              	HAL_ADCEx_Calibration_Start:
  26              	.LFB35:
  27              		.file 1 "Drivers/STM32F0xx_HAL_Driver/Src/stm32f0xx_hal_adc_ex.c"
   1:Drivers/STM32F0xx_HAL_Driver/Src/stm32f0xx_hal_adc_ex.c **** /**
   2:Drivers/STM32F0xx_HAL_Driver/Src/stm32f0xx_hal_adc_ex.c ****   ******************************************************************************
   3:Drivers/STM32F0xx_HAL_Driver/Src/stm32f0xx_hal_adc_ex.c ****   * @file    stm32f0xx_hal_adc_ex.c
   4:Drivers/STM32F0xx_HAL_Driver/Src/stm32f0xx_hal_adc_ex.c ****   * @author  MCD Application Team
   5:Drivers/STM32F0xx_HAL_Driver/Src/stm32f0xx_hal_adc_ex.c ****   * @brief   This file provides firmware functions to manage the following 
   6:Drivers/STM32F0xx_HAL_Driver/Src/stm32f0xx_hal_adc_ex.c ****   *          functionalities of the Analog to Digital Convertor (ADC)
   7:Drivers/STM32F0xx_HAL_Driver/Src/stm32f0xx_hal_adc_ex.c ****   *          peripheral:
   8:Drivers/STM32F0xx_HAL_Driver/Src/stm32f0xx_hal_adc_ex.c ****   *           + Operation functions
   9:Drivers/STM32F0xx_HAL_Driver/Src/stm32f0xx_hal_adc_ex.c ****   *             ++ Calibration (ADC automatic self-calibration)
  10:Drivers/STM32F0xx_HAL_Driver/Src/stm32f0xx_hal_adc_ex.c ****   *          Other functions (generic functions) are available in file 
  11:Drivers/STM32F0xx_HAL_Driver/Src/stm32f0xx_hal_adc_ex.c ****   *          "stm32f0xx_hal_adc.c".
  12:Drivers/STM32F0xx_HAL_Driver/Src/stm32f0xx_hal_adc_ex.c ****   *
  13:Drivers/STM32F0xx_HAL_Driver/Src/stm32f0xx_hal_adc_ex.c ****   @verbatim
  14:Drivers/STM32F0xx_HAL_Driver/Src/stm32f0xx_hal_adc_ex.c ****   [..] 
  15:Drivers/STM32F0xx_HAL_Driver/Src/stm32f0xx_hal_adc_ex.c ****   (@) Sections "ADC peripheral features" and "How to use this driver" are
  16:Drivers/STM32F0xx_HAL_Driver/Src/stm32f0xx_hal_adc_ex.c ****       available in file of generic functions "stm32l1xx_hal_adc.c".
  17:Drivers/STM32F0xx_HAL_Driver/Src/stm32f0xx_hal_adc_ex.c ****   [..]
  18:Drivers/STM32F0xx_HAL_Driver/Src/stm32f0xx_hal_adc_ex.c ****   @endverbatim
  19:Drivers/STM32F0xx_HAL_Driver/Src/stm32f0xx_hal_adc_ex.c ****   ******************************************************************************
  20:Drivers/STM32F0xx_HAL_Driver/Src/stm32f0xx_hal_adc_ex.c ****   * @attention
  21:Drivers/STM32F0xx_HAL_Driver/Src/stm32f0xx_hal_adc_ex.c ****   *
  22:Drivers/STM32F0xx_HAL_Driver/Src/stm32f0xx_hal_adc_ex.c ****   * <h2><center>&copy; COPYRIGHT(c) 2016 STMicroelectronics</center></h2>
  23:Drivers/STM32F0xx_HAL_Driver/Src/stm32f0xx_hal_adc_ex.c ****   *
  24:Drivers/STM32F0xx_HAL_Driver/Src/stm32f0xx_hal_adc_ex.c ****   * Redistribution and use in source and binary forms, with or without modification,
  25:Drivers/STM32F0xx_HAL_Driver/Src/stm32f0xx_hal_adc_ex.c ****   * are permitted provided that the following conditions are met:
  26:Drivers/STM32F0xx_HAL_Driver/Src/stm32f0xx_hal_adc_ex.c ****   *   1. Redistributions of source code must retain the above copyright notice,
  27:Drivers/STM32F0xx_HAL_Driver/Src/stm32f0xx_hal_adc_ex.c ****   *      this list of conditions and the following disclaimer.
  28:Drivers/STM32F0xx_HAL_Driver/Src/stm32f0xx_hal_adc_ex.c ****   *   2. Redistributions in binary form must reproduce the above copyright notice,
  29:Drivers/STM32F0xx_HAL_Driver/Src/stm32f0xx_hal_adc_ex.c ****   *      this list of conditions and the following disclaimer in the documentation
  30:Drivers/STM32F0xx_HAL_Driver/Src/stm32f0xx_hal_adc_ex.c ****   *      and/or other materials provided with the distribution.
  31:Drivers/STM32F0xx_HAL_Driver/Src/stm32f0xx_hal_adc_ex.c ****   *   3. Neither the name of STMicroelectronics nor the names of its contributors
ARM GAS  D:\App\cygwin\tmp\ccaEuAG5.s 			page 2


  32:Drivers/STM32F0xx_HAL_Driver/Src/stm32f0xx_hal_adc_ex.c ****   *      may be used to endorse or promote products derived from this software
  33:Drivers/STM32F0xx_HAL_Driver/Src/stm32f0xx_hal_adc_ex.c ****   *      without specific prior written permission.
  34:Drivers/STM32F0xx_HAL_Driver/Src/stm32f0xx_hal_adc_ex.c ****   *
  35:Drivers/STM32F0xx_HAL_Driver/Src/stm32f0xx_hal_adc_ex.c ****   * THIS SOFTWARE IS PROVIDED BY THE COPYRIGHT HOLDERS AND CONTRIBUTORS "AS IS"
  36:Drivers/STM32F0xx_HAL_Driver/Src/stm32f0xx_hal_adc_ex.c ****   * AND ANY EXPRESS OR IMPLIED WARRANTIES, INCLUDING, BUT NOT LIMITED TO, THE
  37:Drivers/STM32F0xx_HAL_Driver/Src/stm32f0xx_hal_adc_ex.c ****   * IMPLIED WARRANTIES OF MERCHANTABILITY AND FITNESS FOR A PARTICULAR PURPOSE ARE
  38:Drivers/STM32F0xx_HAL_Driver/Src/stm32f0xx_hal_adc_ex.c ****   * DISCLAIMED. IN NO EVENT SHALL THE COPYRIGHT HOLDER OR CONTRIBUTORS BE LIABLE
  39:Drivers/STM32F0xx_HAL_Driver/Src/stm32f0xx_hal_adc_ex.c ****   * FOR ANY DIRECT, INDIRECT, INCIDENTAL, SPECIAL, EXEMPLARY, OR CONSEQUENTIAL
  40:Drivers/STM32F0xx_HAL_Driver/Src/stm32f0xx_hal_adc_ex.c ****   * DAMAGES (INCLUDING, BUT NOT LIMITED TO, PROCUREMENT OF SUBSTITUTE GOODS OR
  41:Drivers/STM32F0xx_HAL_Driver/Src/stm32f0xx_hal_adc_ex.c ****   * SERVICES; LOSS OF USE, DATA, OR PROFITS; OR BUSINESS INTERRUPTION) HOWEVER
  42:Drivers/STM32F0xx_HAL_Driver/Src/stm32f0xx_hal_adc_ex.c ****   * CAUSED AND ON ANY THEORY OF LIABILITY, WHETHER IN CONTRACT, STRICT LIABILITY,
  43:Drivers/STM32F0xx_HAL_Driver/Src/stm32f0xx_hal_adc_ex.c ****   * OR TORT (INCLUDING NEGLIGENCE OR OTHERWISE) ARISING IN ANY WAY OUT OF THE USE
  44:Drivers/STM32F0xx_HAL_Driver/Src/stm32f0xx_hal_adc_ex.c ****   * OF THIS SOFTWARE, EVEN IF ADVISED OF THE POSSIBILITY OF SUCH DAMAGE.
  45:Drivers/STM32F0xx_HAL_Driver/Src/stm32f0xx_hal_adc_ex.c ****   *
  46:Drivers/STM32F0xx_HAL_Driver/Src/stm32f0xx_hal_adc_ex.c ****   ******************************************************************************  
  47:Drivers/STM32F0xx_HAL_Driver/Src/stm32f0xx_hal_adc_ex.c ****   */
  48:Drivers/STM32F0xx_HAL_Driver/Src/stm32f0xx_hal_adc_ex.c **** 
  49:Drivers/STM32F0xx_HAL_Driver/Src/stm32f0xx_hal_adc_ex.c **** /* Includes ------------------------------------------------------------------*/
  50:Drivers/STM32F0xx_HAL_Driver/Src/stm32f0xx_hal_adc_ex.c **** #include "stm32f0xx_hal.h"
  51:Drivers/STM32F0xx_HAL_Driver/Src/stm32f0xx_hal_adc_ex.c **** 
  52:Drivers/STM32F0xx_HAL_Driver/Src/stm32f0xx_hal_adc_ex.c **** /** @addtogroup STM32F0xx_HAL_Driver
  53:Drivers/STM32F0xx_HAL_Driver/Src/stm32f0xx_hal_adc_ex.c ****   * @{
  54:Drivers/STM32F0xx_HAL_Driver/Src/stm32f0xx_hal_adc_ex.c ****   */
  55:Drivers/STM32F0xx_HAL_Driver/Src/stm32f0xx_hal_adc_ex.c **** 
  56:Drivers/STM32F0xx_HAL_Driver/Src/stm32f0xx_hal_adc_ex.c **** /** @defgroup ADCEx ADCEx
  57:Drivers/STM32F0xx_HAL_Driver/Src/stm32f0xx_hal_adc_ex.c ****   * @brief ADC HAL module driver
  58:Drivers/STM32F0xx_HAL_Driver/Src/stm32f0xx_hal_adc_ex.c ****   * @{
  59:Drivers/STM32F0xx_HAL_Driver/Src/stm32f0xx_hal_adc_ex.c ****   */
  60:Drivers/STM32F0xx_HAL_Driver/Src/stm32f0xx_hal_adc_ex.c **** 
  61:Drivers/STM32F0xx_HAL_Driver/Src/stm32f0xx_hal_adc_ex.c **** #ifdef HAL_ADC_MODULE_ENABLED
  62:Drivers/STM32F0xx_HAL_Driver/Src/stm32f0xx_hal_adc_ex.c **** 
  63:Drivers/STM32F0xx_HAL_Driver/Src/stm32f0xx_hal_adc_ex.c **** /* Private typedef -----------------------------------------------------------*/
  64:Drivers/STM32F0xx_HAL_Driver/Src/stm32f0xx_hal_adc_ex.c **** /* Private define ------------------------------------------------------------*/
  65:Drivers/STM32F0xx_HAL_Driver/Src/stm32f0xx_hal_adc_ex.c **** /** @defgroup ADCEx_Private_Constants ADCEx Private Constants
  66:Drivers/STM32F0xx_HAL_Driver/Src/stm32f0xx_hal_adc_ex.c ****   * @{
  67:Drivers/STM32F0xx_HAL_Driver/Src/stm32f0xx_hal_adc_ex.c ****   */ 
  68:Drivers/STM32F0xx_HAL_Driver/Src/stm32f0xx_hal_adc_ex.c ****  
  69:Drivers/STM32F0xx_HAL_Driver/Src/stm32f0xx_hal_adc_ex.c **** /* Fixed timeout values for ADC calibration, enable settling time, disable  */
  70:Drivers/STM32F0xx_HAL_Driver/Src/stm32f0xx_hal_adc_ex.c ****   /* settling time.                                                           */
  71:Drivers/STM32F0xx_HAL_Driver/Src/stm32f0xx_hal_adc_ex.c ****   /* Values defined to be higher than worst cases: low clock frequency,       */
  72:Drivers/STM32F0xx_HAL_Driver/Src/stm32f0xx_hal_adc_ex.c ****   /* maximum prescaler.                                                       */
  73:Drivers/STM32F0xx_HAL_Driver/Src/stm32f0xx_hal_adc_ex.c ****   /* Ex of profile low frequency : Clock source at 0.1 MHz, ADC clock         */
  74:Drivers/STM32F0xx_HAL_Driver/Src/stm32f0xx_hal_adc_ex.c ****   /* prescaler 4.                                                             */
  75:Drivers/STM32F0xx_HAL_Driver/Src/stm32f0xx_hal_adc_ex.c ****   /* Unit: ms                                                                 */
  76:Drivers/STM32F0xx_HAL_Driver/Src/stm32f0xx_hal_adc_ex.c ****   #define ADC_DISABLE_TIMEOUT           2
  77:Drivers/STM32F0xx_HAL_Driver/Src/stm32f0xx_hal_adc_ex.c ****   #define ADC_CALIBRATION_TIMEOUT       2U      
  78:Drivers/STM32F0xx_HAL_Driver/Src/stm32f0xx_hal_adc_ex.c **** /**
  79:Drivers/STM32F0xx_HAL_Driver/Src/stm32f0xx_hal_adc_ex.c ****   * @}
  80:Drivers/STM32F0xx_HAL_Driver/Src/stm32f0xx_hal_adc_ex.c ****   */
  81:Drivers/STM32F0xx_HAL_Driver/Src/stm32f0xx_hal_adc_ex.c **** 
  82:Drivers/STM32F0xx_HAL_Driver/Src/stm32f0xx_hal_adc_ex.c **** /* Private macros -------------------------------------------------------------*/
  83:Drivers/STM32F0xx_HAL_Driver/Src/stm32f0xx_hal_adc_ex.c **** /* Private variables ---------------------------------------------------------*/
  84:Drivers/STM32F0xx_HAL_Driver/Src/stm32f0xx_hal_adc_ex.c **** /* Private function prototypes -----------------------------------------------*/
  85:Drivers/STM32F0xx_HAL_Driver/Src/stm32f0xx_hal_adc_ex.c **** /* Private functions ---------------------------------------------------------*/
  86:Drivers/STM32F0xx_HAL_Driver/Src/stm32f0xx_hal_adc_ex.c **** 
  87:Drivers/STM32F0xx_HAL_Driver/Src/stm32f0xx_hal_adc_ex.c **** /** @defgroup ADCEx_Exported_Functions ADCEx Exported Functions
  88:Drivers/STM32F0xx_HAL_Driver/Src/stm32f0xx_hal_adc_ex.c ****   * @{
ARM GAS  D:\App\cygwin\tmp\ccaEuAG5.s 			page 3


  89:Drivers/STM32F0xx_HAL_Driver/Src/stm32f0xx_hal_adc_ex.c ****   */
  90:Drivers/STM32F0xx_HAL_Driver/Src/stm32f0xx_hal_adc_ex.c **** 
  91:Drivers/STM32F0xx_HAL_Driver/Src/stm32f0xx_hal_adc_ex.c **** /** @defgroup ADCEx_Exported_Functions_Group1 Extended Initialization/de-initialization functions 
  92:Drivers/STM32F0xx_HAL_Driver/Src/stm32f0xx_hal_adc_ex.c ****  *  @brief    Extended Initialization and Configuration functions
  93:Drivers/STM32F0xx_HAL_Driver/Src/stm32f0xx_hal_adc_ex.c ****  *
  94:Drivers/STM32F0xx_HAL_Driver/Src/stm32f0xx_hal_adc_ex.c **** @verbatim
  95:Drivers/STM32F0xx_HAL_Driver/Src/stm32f0xx_hal_adc_ex.c ****  ===============================================================================
  96:Drivers/STM32F0xx_HAL_Driver/Src/stm32f0xx_hal_adc_ex.c ****                       ##### IO operation functions #####
  97:Drivers/STM32F0xx_HAL_Driver/Src/stm32f0xx_hal_adc_ex.c ****  ===============================================================================
  98:Drivers/STM32F0xx_HAL_Driver/Src/stm32f0xx_hal_adc_ex.c ****     [..]  This section provides functions allowing to:
  99:Drivers/STM32F0xx_HAL_Driver/Src/stm32f0xx_hal_adc_ex.c ****       (+) Perform the ADC calibration. 
 100:Drivers/STM32F0xx_HAL_Driver/Src/stm32f0xx_hal_adc_ex.c **** @endverbatim
 101:Drivers/STM32F0xx_HAL_Driver/Src/stm32f0xx_hal_adc_ex.c ****   * @{
 102:Drivers/STM32F0xx_HAL_Driver/Src/stm32f0xx_hal_adc_ex.c ****   */
 103:Drivers/STM32F0xx_HAL_Driver/Src/stm32f0xx_hal_adc_ex.c **** 
 104:Drivers/STM32F0xx_HAL_Driver/Src/stm32f0xx_hal_adc_ex.c **** /**
 105:Drivers/STM32F0xx_HAL_Driver/Src/stm32f0xx_hal_adc_ex.c ****   * @brief  Perform an ADC automatic self-calibration
 106:Drivers/STM32F0xx_HAL_Driver/Src/stm32f0xx_hal_adc_ex.c ****   *         Calibration prerequisite: ADC must be disabled (execute this
 107:Drivers/STM32F0xx_HAL_Driver/Src/stm32f0xx_hal_adc_ex.c ****   *         function before HAL_ADC_Start() or after HAL_ADC_Stop() ).
 108:Drivers/STM32F0xx_HAL_Driver/Src/stm32f0xx_hal_adc_ex.c ****   * @note   Calibration factor can be read after calibration, using function
 109:Drivers/STM32F0xx_HAL_Driver/Src/stm32f0xx_hal_adc_ex.c ****   *         HAL_ADC_GetValue() (value on 7 bits: from DR[6;0]).
 110:Drivers/STM32F0xx_HAL_Driver/Src/stm32f0xx_hal_adc_ex.c ****   * @param  hadc ADC handle
 111:Drivers/STM32F0xx_HAL_Driver/Src/stm32f0xx_hal_adc_ex.c ****   * @retval HAL status
 112:Drivers/STM32F0xx_HAL_Driver/Src/stm32f0xx_hal_adc_ex.c ****   */
 113:Drivers/STM32F0xx_HAL_Driver/Src/stm32f0xx_hal_adc_ex.c **** HAL_StatusTypeDef HAL_ADCEx_Calibration_Start(ADC_HandleTypeDef* hadc)
 114:Drivers/STM32F0xx_HAL_Driver/Src/stm32f0xx_hal_adc_ex.c **** {
  28              		.loc 1 114 0
  29              		.cfi_startproc
  30              		@ args = 0, pretend = 0, frame = 0
  31              		@ frame_needed = 0, uses_anonymous_args = 0
  32              	.LVL0:
  33 0000 70B5     		push	{r4, r5, r6, lr}
  34              	.LCFI0:
  35              		.cfi_def_cfa_offset 16
  36              		.cfi_offset 4, -16
  37              		.cfi_offset 5, -12
  38              		.cfi_offset 6, -8
  39              		.cfi_offset 14, -4
  40 0002 0400     		movs	r4, r0
  41              	.LVL1:
 115:Drivers/STM32F0xx_HAL_Driver/Src/stm32f0xx_hal_adc_ex.c ****   HAL_StatusTypeDef tmp_hal_status = HAL_OK;
 116:Drivers/STM32F0xx_HAL_Driver/Src/stm32f0xx_hal_adc_ex.c ****   uint32_t tickstart = 0U;
 117:Drivers/STM32F0xx_HAL_Driver/Src/stm32f0xx_hal_adc_ex.c ****   uint32_t backup_setting_adc_dma_transfer = 0; /* Note: Variable not declared as volatile because 
 118:Drivers/STM32F0xx_HAL_Driver/Src/stm32f0xx_hal_adc_ex.c ****   
 119:Drivers/STM32F0xx_HAL_Driver/Src/stm32f0xx_hal_adc_ex.c ****   /* Check the parameters */
 120:Drivers/STM32F0xx_HAL_Driver/Src/stm32f0xx_hal_adc_ex.c ****   assert_param(IS_ADC_ALL_INSTANCE(hadc->Instance));
 121:Drivers/STM32F0xx_HAL_Driver/Src/stm32f0xx_hal_adc_ex.c **** 
 122:Drivers/STM32F0xx_HAL_Driver/Src/stm32f0xx_hal_adc_ex.c ****   /* Process locked */
 123:Drivers/STM32F0xx_HAL_Driver/Src/stm32f0xx_hal_adc_ex.c ****   __HAL_LOCK(hadc);
  42              		.loc 1 123 0
  43 0004 4023     		movs	r3, #64
  44 0006 C35C     		ldrb	r3, [r0, r3]
  45 0008 012B     		cmp	r3, #1
  46 000a 55D0     		beq	.L8
  47              		.loc 1 123 0 is_stmt 0 discriminator 2
  48 000c 0122     		movs	r2, #1
  49 000e 4023     		movs	r3, #64
ARM GAS  D:\App\cygwin\tmp\ccaEuAG5.s 			page 4


  50 0010 C254     		strb	r2, [r0, r3]
 124:Drivers/STM32F0xx_HAL_Driver/Src/stm32f0xx_hal_adc_ex.c ****   
 125:Drivers/STM32F0xx_HAL_Driver/Src/stm32f0xx_hal_adc_ex.c ****   /* Calibration prerequisite: ADC must be disabled. */
 126:Drivers/STM32F0xx_HAL_Driver/Src/stm32f0xx_hal_adc_ex.c ****   if (ADC_IS_ENABLE(hadc) == RESET)
  51              		.loc 1 126 0 is_stmt 1 discriminator 2
  52 0012 0268     		ldr	r2, [r0]
  53 0014 9368     		ldr	r3, [r2, #8]
  54 0016 0321     		movs	r1, #3
  55 0018 0B40     		ands	r3, r1
  56 001a 012B     		cmp	r3, #1
  57 001c 07D1     		bne	.L9
  58              		.loc 1 126 0 is_stmt 0 discriminator 1
  59 001e 1368     		ldr	r3, [r2]
  60 0020 DB07     		lsls	r3, r3, #31
  61 0022 06D4     		bmi	.L10
  62              		.loc 1 126 0 discriminator 4
  63 0024 D368     		ldr	r3, [r2, #12]
  64 0026 1B04     		lsls	r3, r3, #16
  65 0028 05D4     		bmi	.L11
  66              		.loc 1 126 0
  67 002a 0023     		movs	r3, #0
  68 002c 04E0     		b	.L3
  69              	.L9:
  70 002e 0023     		movs	r3, #0
  71 0030 02E0     		b	.L3
  72              	.L10:
  73 0032 0123     		movs	r3, #1
  74 0034 00E0     		b	.L3
  75              	.L11:
  76 0036 0123     		movs	r3, #1
  77              	.L3:
  78              		.loc 1 126 0 discriminator 8
  79 0038 002B     		cmp	r3, #0
  80 003a 34D1     		bne	.L4
 127:Drivers/STM32F0xx_HAL_Driver/Src/stm32f0xx_hal_adc_ex.c ****   {
 128:Drivers/STM32F0xx_HAL_Driver/Src/stm32f0xx_hal_adc_ex.c ****     /* Set ADC state */
 129:Drivers/STM32F0xx_HAL_Driver/Src/stm32f0xx_hal_adc_ex.c ****     ADC_STATE_CLR_SET(hadc->State, 
  81              		.loc 1 129 0 is_stmt 1
  82 003c 616C     		ldr	r1, [r4, #68]
  83 003e 1F4B     		ldr	r3, .L12
  84 0040 0B40     		ands	r3, r1
  85 0042 0221     		movs	r1, #2
  86 0044 0B43     		orrs	r3, r1
  87 0046 6364     		str	r3, [r4, #68]
 130:Drivers/STM32F0xx_HAL_Driver/Src/stm32f0xx_hal_adc_ex.c ****                       HAL_ADC_STATE_REG_BUSY,
 131:Drivers/STM32F0xx_HAL_Driver/Src/stm32f0xx_hal_adc_ex.c ****                       HAL_ADC_STATE_BUSY_INTERNAL);
 132:Drivers/STM32F0xx_HAL_Driver/Src/stm32f0xx_hal_adc_ex.c ****     
 133:Drivers/STM32F0xx_HAL_Driver/Src/stm32f0xx_hal_adc_ex.c ****     /* Disable ADC DMA transfer request during calibration */
 134:Drivers/STM32F0xx_HAL_Driver/Src/stm32f0xx_hal_adc_ex.c ****     /* Note: Specificity of this STM32 serie: Calibration factor is           */
 135:Drivers/STM32F0xx_HAL_Driver/Src/stm32f0xx_hal_adc_ex.c ****     /*       available in data register and also transfered by DMA.           */
 136:Drivers/STM32F0xx_HAL_Driver/Src/stm32f0xx_hal_adc_ex.c ****     /*       To not insert ADC calibration factor among ADC conversion data   */
 137:Drivers/STM32F0xx_HAL_Driver/Src/stm32f0xx_hal_adc_ex.c ****     /*       in array variable, DMA transfer must be disabled during          */
 138:Drivers/STM32F0xx_HAL_Driver/Src/stm32f0xx_hal_adc_ex.c ****     /*       calibration.                                                     */
 139:Drivers/STM32F0xx_HAL_Driver/Src/stm32f0xx_hal_adc_ex.c ****     backup_setting_adc_dma_transfer = READ_BIT(hadc->Instance->CFGR1, ADC_CFGR1_DMAEN | ADC_CFGR1_D
  88              		.loc 1 139 0
  89 0048 D668     		ldr	r6, [r2, #12]
  90 004a 0131     		adds	r1, r1, #1
ARM GAS  D:\App\cygwin\tmp\ccaEuAG5.s 			page 5


  91 004c 0E40     		ands	r6, r1
  92              	.LVL2:
 140:Drivers/STM32F0xx_HAL_Driver/Src/stm32f0xx_hal_adc_ex.c ****     CLEAR_BIT(hadc->Instance->CFGR1, ADC_CFGR1_DMAEN | ADC_CFGR1_DMACFG);
  93              		.loc 1 140 0
  94 004e D368     		ldr	r3, [r2, #12]
  95 0050 8B43     		bics	r3, r1
  96 0052 D360     		str	r3, [r2, #12]
 141:Drivers/STM32F0xx_HAL_Driver/Src/stm32f0xx_hal_adc_ex.c **** 
 142:Drivers/STM32F0xx_HAL_Driver/Src/stm32f0xx_hal_adc_ex.c ****     /* Start ADC calibration */
 143:Drivers/STM32F0xx_HAL_Driver/Src/stm32f0xx_hal_adc_ex.c ****     hadc->Instance->CR |= ADC_CR_ADCAL;
  97              		.loc 1 143 0
  98 0054 2268     		ldr	r2, [r4]
  99 0056 9368     		ldr	r3, [r2, #8]
 100 0058 8021     		movs	r1, #128
 101 005a 0906     		lsls	r1, r1, #24
 102 005c 0B43     		orrs	r3, r1
 103 005e 9360     		str	r3, [r2, #8]
 144:Drivers/STM32F0xx_HAL_Driver/Src/stm32f0xx_hal_adc_ex.c **** 
 145:Drivers/STM32F0xx_HAL_Driver/Src/stm32f0xx_hal_adc_ex.c ****     tickstart = HAL_GetTick();  
 104              		.loc 1 145 0
 105 0060 FFF7FEFF 		bl	HAL_GetTick
 106              	.LVL3:
 107 0064 0500     		movs	r5, r0
 108              	.LVL4:
 146:Drivers/STM32F0xx_HAL_Driver/Src/stm32f0xx_hal_adc_ex.c **** 
 147:Drivers/STM32F0xx_HAL_Driver/Src/stm32f0xx_hal_adc_ex.c ****     /* Wait for calibration completion */
 148:Drivers/STM32F0xx_HAL_Driver/Src/stm32f0xx_hal_adc_ex.c ****     while(HAL_IS_BIT_SET(hadc->Instance->CR, ADC_CR_ADCAL))
 109              		.loc 1 148 0
 110 0066 0FE0     		b	.L5
 111              	.LVL5:
 112              	.L6:
 149:Drivers/STM32F0xx_HAL_Driver/Src/stm32f0xx_hal_adc_ex.c ****     {
 150:Drivers/STM32F0xx_HAL_Driver/Src/stm32f0xx_hal_adc_ex.c ****       if((HAL_GetTick() - tickstart) > ADC_CALIBRATION_TIMEOUT)
 113              		.loc 1 150 0
 114 0068 FFF7FEFF 		bl	HAL_GetTick
 115              	.LVL6:
 116 006c 401B     		subs	r0, r0, r5
 117 006e 0228     		cmp	r0, #2
 118 0070 0AD9     		bls	.L5
 151:Drivers/STM32F0xx_HAL_Driver/Src/stm32f0xx_hal_adc_ex.c ****       {
 152:Drivers/STM32F0xx_HAL_Driver/Src/stm32f0xx_hal_adc_ex.c ****         /* Update ADC state machine to error */
 153:Drivers/STM32F0xx_HAL_Driver/Src/stm32f0xx_hal_adc_ex.c ****         ADC_STATE_CLR_SET(hadc->State,
 119              		.loc 1 153 0
 120 0072 636C     		ldr	r3, [r4, #68]
 121 0074 1222     		movs	r2, #18
 122 0076 9343     		bics	r3, r2
 123 0078 023A     		subs	r2, r2, #2
 124 007a 1343     		orrs	r3, r2
 125 007c 6364     		str	r3, [r4, #68]
 154:Drivers/STM32F0xx_HAL_Driver/Src/stm32f0xx_hal_adc_ex.c ****                           HAL_ADC_STATE_BUSY_INTERNAL,
 155:Drivers/STM32F0xx_HAL_Driver/Src/stm32f0xx_hal_adc_ex.c ****                           HAL_ADC_STATE_ERROR_INTERNAL);
 156:Drivers/STM32F0xx_HAL_Driver/Src/stm32f0xx_hal_adc_ex.c ****         
 157:Drivers/STM32F0xx_HAL_Driver/Src/stm32f0xx_hal_adc_ex.c ****         /* Process unlocked */
 158:Drivers/STM32F0xx_HAL_Driver/Src/stm32f0xx_hal_adc_ex.c ****         __HAL_UNLOCK(hadc);
 126              		.loc 1 158 0
 127 007e 0022     		movs	r2, #0
 128 0080 4023     		movs	r3, #64
ARM GAS  D:\App\cygwin\tmp\ccaEuAG5.s 			page 6


 129 0082 E254     		strb	r2, [r4, r3]
 159:Drivers/STM32F0xx_HAL_Driver/Src/stm32f0xx_hal_adc_ex.c ****         
 160:Drivers/STM32F0xx_HAL_Driver/Src/stm32f0xx_hal_adc_ex.c ****         return HAL_ERROR;
 130              		.loc 1 160 0
 131 0084 0120     		movs	r0, #1
 132 0086 18E0     		b	.L2
 133              	.L5:
 148:Drivers/STM32F0xx_HAL_Driver/Src/stm32f0xx_hal_adc_ex.c ****     {
 134              		.loc 1 148 0
 135 0088 2368     		ldr	r3, [r4]
 136 008a 9A68     		ldr	r2, [r3, #8]
 137 008c 002A     		cmp	r2, #0
 138 008e EBDB     		blt	.L6
 161:Drivers/STM32F0xx_HAL_Driver/Src/stm32f0xx_hal_adc_ex.c ****       }
 162:Drivers/STM32F0xx_HAL_Driver/Src/stm32f0xx_hal_adc_ex.c ****     }
 163:Drivers/STM32F0xx_HAL_Driver/Src/stm32f0xx_hal_adc_ex.c ****     
 164:Drivers/STM32F0xx_HAL_Driver/Src/stm32f0xx_hal_adc_ex.c ****     /* Restore ADC DMA transfer request after calibration */
 165:Drivers/STM32F0xx_HAL_Driver/Src/stm32f0xx_hal_adc_ex.c ****     SET_BIT(hadc->Instance->CFGR1, backup_setting_adc_dma_transfer);
 139              		.loc 1 165 0
 140 0090 DA68     		ldr	r2, [r3, #12]
 141 0092 1643     		orrs	r6, r2
 142              	.LVL7:
 143 0094 DE60     		str	r6, [r3, #12]
 166:Drivers/STM32F0xx_HAL_Driver/Src/stm32f0xx_hal_adc_ex.c **** 
 167:Drivers/STM32F0xx_HAL_Driver/Src/stm32f0xx_hal_adc_ex.c ****     /* Set ADC state */
 168:Drivers/STM32F0xx_HAL_Driver/Src/stm32f0xx_hal_adc_ex.c ****     ADC_STATE_CLR_SET(hadc->State,
 144              		.loc 1 168 0
 145 0096 636C     		ldr	r3, [r4, #68]
 146 0098 0322     		movs	r2, #3
 147 009a 9343     		bics	r3, r2
 148 009c 023A     		subs	r2, r2, #2
 149 009e 1343     		orrs	r3, r2
 150 00a0 6364     		str	r3, [r4, #68]
 115:Drivers/STM32F0xx_HAL_Driver/Src/stm32f0xx_hal_adc_ex.c ****   uint32_t tickstart = 0U;
 151              		.loc 1 115 0
 152 00a2 0020     		movs	r0, #0
 153 00a4 04E0     		b	.L7
 154              	.LVL8:
 155              	.L4:
 169:Drivers/STM32F0xx_HAL_Driver/Src/stm32f0xx_hal_adc_ex.c ****                       HAL_ADC_STATE_BUSY_INTERNAL,
 170:Drivers/STM32F0xx_HAL_Driver/Src/stm32f0xx_hal_adc_ex.c ****                       HAL_ADC_STATE_READY);
 171:Drivers/STM32F0xx_HAL_Driver/Src/stm32f0xx_hal_adc_ex.c ****   }
 172:Drivers/STM32F0xx_HAL_Driver/Src/stm32f0xx_hal_adc_ex.c ****   else
 173:Drivers/STM32F0xx_HAL_Driver/Src/stm32f0xx_hal_adc_ex.c ****   {
 174:Drivers/STM32F0xx_HAL_Driver/Src/stm32f0xx_hal_adc_ex.c ****     /* Update ADC state machine to error */
 175:Drivers/STM32F0xx_HAL_Driver/Src/stm32f0xx_hal_adc_ex.c ****     SET_BIT(hadc->State, HAL_ADC_STATE_ERROR_CONFIG);
 156              		.loc 1 175 0
 157 00a6 626C     		ldr	r2, [r4, #68]
 158 00a8 2023     		movs	r3, #32
 159 00aa 1343     		orrs	r3, r2
 160 00ac 6364     		str	r3, [r4, #68]
 161              	.LVL9:
 176:Drivers/STM32F0xx_HAL_Driver/Src/stm32f0xx_hal_adc_ex.c ****     
 177:Drivers/STM32F0xx_HAL_Driver/Src/stm32f0xx_hal_adc_ex.c ****     tmp_hal_status = HAL_ERROR;
 162              		.loc 1 177 0
 163 00ae 0120     		movs	r0, #1
 164              	.LVL10:
ARM GAS  D:\App\cygwin\tmp\ccaEuAG5.s 			page 7


 165              	.L7:
 178:Drivers/STM32F0xx_HAL_Driver/Src/stm32f0xx_hal_adc_ex.c ****   }
 179:Drivers/STM32F0xx_HAL_Driver/Src/stm32f0xx_hal_adc_ex.c ****   
 180:Drivers/STM32F0xx_HAL_Driver/Src/stm32f0xx_hal_adc_ex.c ****   /* Process unlocked */
 181:Drivers/STM32F0xx_HAL_Driver/Src/stm32f0xx_hal_adc_ex.c ****   __HAL_UNLOCK(hadc);
 166              		.loc 1 181 0
 167 00b0 0022     		movs	r2, #0
 168 00b2 4023     		movs	r3, #64
 169 00b4 E254     		strb	r2, [r4, r3]
 182:Drivers/STM32F0xx_HAL_Driver/Src/stm32f0xx_hal_adc_ex.c ****   
 183:Drivers/STM32F0xx_HAL_Driver/Src/stm32f0xx_hal_adc_ex.c ****   /* Return function status */
 184:Drivers/STM32F0xx_HAL_Driver/Src/stm32f0xx_hal_adc_ex.c ****   return tmp_hal_status;
 170              		.loc 1 184 0
 171 00b6 00E0     		b	.L2
 172              	.LVL11:
 173              	.L8:
 123:Drivers/STM32F0xx_HAL_Driver/Src/stm32f0xx_hal_adc_ex.c ****   
 174              		.loc 1 123 0
 175 00b8 0220     		movs	r0, #2
 176              	.LVL12:
 177              	.L2:
 185:Drivers/STM32F0xx_HAL_Driver/Src/stm32f0xx_hal_adc_ex.c **** }
 178              		.loc 1 185 0
 179              		@ sp needed
 180              	.LVL13:
 181 00ba 70BD     		pop	{r4, r5, r6, pc}
 182              	.L13:
 183              		.align	2
 184              	.L12:
 185 00bc FDFEFFFF 		.word	-259
 186              		.cfi_endproc
 187              	.LFE35:
 189              		.text
 190              	.Letext0:
 191              		.file 2 "d:\\app\\armgcc\\arm-none-eabi\\include\\machine\\_default_types.h"
 192              		.file 3 "d:\\app\\armgcc\\arm-none-eabi\\include\\sys\\_stdint.h"
 193              		.file 4 "Drivers/CMSIS/Device/ST/STM32F0xx/Include/stm32f030x6.h"
 194              		.file 5 "Drivers/CMSIS/Device/ST/STM32F0xx/Include/stm32f0xx.h"
 195              		.file 6 "Drivers/STM32F0xx_HAL_Driver/Inc/stm32f0xx_hal_def.h"
 196              		.file 7 "Drivers/STM32F0xx_HAL_Driver/Inc/stm32f0xx_hal_dma.h"
 197              		.file 8 "Drivers/STM32F0xx_HAL_Driver/Inc/stm32f0xx_hal_adc.h"
 198              		.file 9 "Drivers/STM32F0xx_HAL_Driver/Inc/stm32f0xx_hal.h"
ARM GAS  D:\App\cygwin\tmp\ccaEuAG5.s 			page 8


DEFINED SYMBOLS
                            *ABS*:00000000 stm32f0xx_hal_adc_ex.c
D:\App\cygwin\tmp\ccaEuAG5.s:20     .text.HAL_ADCEx_Calibration_Start:00000000 $t
D:\App\cygwin\tmp\ccaEuAG5.s:25     .text.HAL_ADCEx_Calibration_Start:00000000 HAL_ADCEx_Calibration_Start
D:\App\cygwin\tmp\ccaEuAG5.s:185    .text.HAL_ADCEx_Calibration_Start:000000bc $d
                     .debug_frame:00000010 $d

UNDEFINED SYMBOLS
HAL_GetTick
