ARM GAS  D:\App\cygwin\tmp\ccBjtW9G.s 			page 1


   1              		.syntax unified
   2              		.cpu cortex-m0
   3              		.fpu softvfp
   4              		.eabi_attribute 20, 1
   5              		.eabi_attribute 21, 1
   6              		.eabi_attribute 23, 3
   7              		.eabi_attribute 24, 1
   8              		.eabi_attribute 25, 1
   9              		.eabi_attribute 26, 1
  10              		.eabi_attribute 30, 1
  11              		.eabi_attribute 34, 0
  12              		.eabi_attribute 18, 4
  13              		.thumb
  14              		.syntax unified
  15              		.file	"stm32f0xx_hal_i2c_ex.c"
  16              		.text
  17              	.Ltext0:
  18              		.cfi_sections	.debug_frame
  19              		.section	.text.HAL_I2CEx_ConfigAnalogFilter,"ax",%progbits
  20              		.align	2
  21              		.global	HAL_I2CEx_ConfigAnalogFilter
  22              		.code	16
  23              		.thumb_func
  25              	HAL_I2CEx_ConfigAnalogFilter:
  26              	.LFB35:
  27              		.file 1 "Drivers/STM32F0xx_HAL_Driver/Src/stm32f0xx_hal_i2c_ex.c"
   1:Drivers/STM32F0xx_HAL_Driver/Src/stm32f0xx_hal_i2c_ex.c **** /**
   2:Drivers/STM32F0xx_HAL_Driver/Src/stm32f0xx_hal_i2c_ex.c ****   ******************************************************************************
   3:Drivers/STM32F0xx_HAL_Driver/Src/stm32f0xx_hal_i2c_ex.c ****   * @file    stm32f0xx_hal_i2c_ex.c
   4:Drivers/STM32F0xx_HAL_Driver/Src/stm32f0xx_hal_i2c_ex.c ****   * @author  MCD Application Team
   5:Drivers/STM32F0xx_HAL_Driver/Src/stm32f0xx_hal_i2c_ex.c ****   * @brief   I2C Extended HAL module driver.
   6:Drivers/STM32F0xx_HAL_Driver/Src/stm32f0xx_hal_i2c_ex.c ****   *          This file provides firmware functions to manage the following
   7:Drivers/STM32F0xx_HAL_Driver/Src/stm32f0xx_hal_i2c_ex.c ****   *          functionalities of I2C Extended peripheral:
   8:Drivers/STM32F0xx_HAL_Driver/Src/stm32f0xx_hal_i2c_ex.c ****   *           + Extended features functions
   9:Drivers/STM32F0xx_HAL_Driver/Src/stm32f0xx_hal_i2c_ex.c ****   *
  10:Drivers/STM32F0xx_HAL_Driver/Src/stm32f0xx_hal_i2c_ex.c ****   @verbatim
  11:Drivers/STM32F0xx_HAL_Driver/Src/stm32f0xx_hal_i2c_ex.c ****   ==============================================================================
  12:Drivers/STM32F0xx_HAL_Driver/Src/stm32f0xx_hal_i2c_ex.c ****                ##### I2C peripheral Extended features  #####
  13:Drivers/STM32F0xx_HAL_Driver/Src/stm32f0xx_hal_i2c_ex.c ****   ==============================================================================
  14:Drivers/STM32F0xx_HAL_Driver/Src/stm32f0xx_hal_i2c_ex.c **** 
  15:Drivers/STM32F0xx_HAL_Driver/Src/stm32f0xx_hal_i2c_ex.c ****   [..] Comparing to other previous devices, the I2C interface for STM32F0xx
  16:Drivers/STM32F0xx_HAL_Driver/Src/stm32f0xx_hal_i2c_ex.c ****        devices contains the following additional features
  17:Drivers/STM32F0xx_HAL_Driver/Src/stm32f0xx_hal_i2c_ex.c **** 
  18:Drivers/STM32F0xx_HAL_Driver/Src/stm32f0xx_hal_i2c_ex.c ****        (+) Possibility to disable or enable Analog Noise Filter
  19:Drivers/STM32F0xx_HAL_Driver/Src/stm32f0xx_hal_i2c_ex.c ****        (+) Use of a configured Digital Noise Filter
  20:Drivers/STM32F0xx_HAL_Driver/Src/stm32f0xx_hal_i2c_ex.c ****        (+) Disable or enable wakeup from Stop mode
  21:Drivers/STM32F0xx_HAL_Driver/Src/stm32f0xx_hal_i2c_ex.c **** 
  22:Drivers/STM32F0xx_HAL_Driver/Src/stm32f0xx_hal_i2c_ex.c ****                      ##### How to use this driver #####
  23:Drivers/STM32F0xx_HAL_Driver/Src/stm32f0xx_hal_i2c_ex.c ****   ==============================================================================
  24:Drivers/STM32F0xx_HAL_Driver/Src/stm32f0xx_hal_i2c_ex.c ****   [..] This driver provides functions to configure Noise Filter and Wake Up Feature
  25:Drivers/STM32F0xx_HAL_Driver/Src/stm32f0xx_hal_i2c_ex.c ****     (#) Configure I2C Analog noise filter using the function HAL_I2CEx_ConfigAnalogFilter()
  26:Drivers/STM32F0xx_HAL_Driver/Src/stm32f0xx_hal_i2c_ex.c ****     (#) Configure I2C Digital noise filter using the function HAL_I2CEx_ConfigDigitalFilter()
  27:Drivers/STM32F0xx_HAL_Driver/Src/stm32f0xx_hal_i2c_ex.c ****     (#) Configure the enable or disable of I2C Wake Up Mode using the functions :
  28:Drivers/STM32F0xx_HAL_Driver/Src/stm32f0xx_hal_i2c_ex.c ****           (++) HAL_I2CEx_EnableWakeUp()
  29:Drivers/STM32F0xx_HAL_Driver/Src/stm32f0xx_hal_i2c_ex.c ****           (++) HAL_I2CEx_DisableWakeUp()
  30:Drivers/STM32F0xx_HAL_Driver/Src/stm32f0xx_hal_i2c_ex.c ****     (#) Configure the enable or disable of fast mode plus driving capability using the functions :
  31:Drivers/STM32F0xx_HAL_Driver/Src/stm32f0xx_hal_i2c_ex.c ****           (++) HAL_I2CEx_EnableFastModePlus()
ARM GAS  D:\App\cygwin\tmp\ccBjtW9G.s 			page 2


  32:Drivers/STM32F0xx_HAL_Driver/Src/stm32f0xx_hal_i2c_ex.c ****           (++) HAL_I2CEx_DisableFastModePlus()
  33:Drivers/STM32F0xx_HAL_Driver/Src/stm32f0xx_hal_i2c_ex.c ****   @endverbatim
  34:Drivers/STM32F0xx_HAL_Driver/Src/stm32f0xx_hal_i2c_ex.c ****   ******************************************************************************
  35:Drivers/STM32F0xx_HAL_Driver/Src/stm32f0xx_hal_i2c_ex.c ****   * @attention
  36:Drivers/STM32F0xx_HAL_Driver/Src/stm32f0xx_hal_i2c_ex.c ****   *
  37:Drivers/STM32F0xx_HAL_Driver/Src/stm32f0xx_hal_i2c_ex.c ****   * <h2><center>&copy; COPYRIGHT(c) 2016 STMicroelectronics</center></h2>
  38:Drivers/STM32F0xx_HAL_Driver/Src/stm32f0xx_hal_i2c_ex.c ****   *
  39:Drivers/STM32F0xx_HAL_Driver/Src/stm32f0xx_hal_i2c_ex.c ****   * Redistribution and use in source and binary forms, with or without modification,
  40:Drivers/STM32F0xx_HAL_Driver/Src/stm32f0xx_hal_i2c_ex.c ****   * are permitted provided that the following conditions are met:
  41:Drivers/STM32F0xx_HAL_Driver/Src/stm32f0xx_hal_i2c_ex.c ****   *   1. Redistributions of source code must retain the above copyright notice,
  42:Drivers/STM32F0xx_HAL_Driver/Src/stm32f0xx_hal_i2c_ex.c ****   *      this list of conditions and the following disclaimer.
  43:Drivers/STM32F0xx_HAL_Driver/Src/stm32f0xx_hal_i2c_ex.c ****   *   2. Redistributions in binary form must reproduce the above copyright notice,
  44:Drivers/STM32F0xx_HAL_Driver/Src/stm32f0xx_hal_i2c_ex.c ****   *      this list of conditions and the following disclaimer in the documentation
  45:Drivers/STM32F0xx_HAL_Driver/Src/stm32f0xx_hal_i2c_ex.c ****   *      and/or other materials provided with the distribution.
  46:Drivers/STM32F0xx_HAL_Driver/Src/stm32f0xx_hal_i2c_ex.c ****   *   3. Neither the name of STMicroelectronics nor the names of its contributors
  47:Drivers/STM32F0xx_HAL_Driver/Src/stm32f0xx_hal_i2c_ex.c ****   *      may be used to endorse or promote products derived from this software
  48:Drivers/STM32F0xx_HAL_Driver/Src/stm32f0xx_hal_i2c_ex.c ****   *      without specific prior written permission.
  49:Drivers/STM32F0xx_HAL_Driver/Src/stm32f0xx_hal_i2c_ex.c ****   *
  50:Drivers/STM32F0xx_HAL_Driver/Src/stm32f0xx_hal_i2c_ex.c ****   * THIS SOFTWARE IS PROVIDED BY THE COPYRIGHT HOLDERS AND CONTRIBUTORS "AS IS"
  51:Drivers/STM32F0xx_HAL_Driver/Src/stm32f0xx_hal_i2c_ex.c ****   * AND ANY EXPRESS OR IMPLIED WARRANTIES, INCLUDING, BUT NOT LIMITED TO, THE
  52:Drivers/STM32F0xx_HAL_Driver/Src/stm32f0xx_hal_i2c_ex.c ****   * IMPLIED WARRANTIES OF MERCHANTABILITY AND FITNESS FOR A PARTICULAR PURPOSE ARE
  53:Drivers/STM32F0xx_HAL_Driver/Src/stm32f0xx_hal_i2c_ex.c ****   * DISCLAIMED. IN NO EVENT SHALL THE COPYRIGHT HOLDER OR CONTRIBUTORS BE LIABLE
  54:Drivers/STM32F0xx_HAL_Driver/Src/stm32f0xx_hal_i2c_ex.c ****   * FOR ANY DIRECT, INDIRECT, INCIDENTAL, SPECIAL, EXEMPLARY, OR CONSEQUENTIAL
  55:Drivers/STM32F0xx_HAL_Driver/Src/stm32f0xx_hal_i2c_ex.c ****   * DAMAGES (INCLUDING, BUT NOT LIMITED TO, PROCUREMENT OF SUBSTITUTE GOODS OR
  56:Drivers/STM32F0xx_HAL_Driver/Src/stm32f0xx_hal_i2c_ex.c ****   * SERVICES; LOSS OF USE, DATA, OR PROFITS; OR BUSINESS INTERRUPTION) HOWEVER
  57:Drivers/STM32F0xx_HAL_Driver/Src/stm32f0xx_hal_i2c_ex.c ****   * CAUSED AND ON ANY THEORY OF LIABILITY, WHETHER IN CONTRACT, STRICT LIABILITY,
  58:Drivers/STM32F0xx_HAL_Driver/Src/stm32f0xx_hal_i2c_ex.c ****   * OR TORT (INCLUDING NEGLIGENCE OR OTHERWISE) ARISING IN ANY WAY OUT OF THE USE
  59:Drivers/STM32F0xx_HAL_Driver/Src/stm32f0xx_hal_i2c_ex.c ****   * OF THIS SOFTWARE, EVEN IF ADVISED OF THE POSSIBILITY OF SUCH DAMAGE.
  60:Drivers/STM32F0xx_HAL_Driver/Src/stm32f0xx_hal_i2c_ex.c ****   *
  61:Drivers/STM32F0xx_HAL_Driver/Src/stm32f0xx_hal_i2c_ex.c ****   ******************************************************************************
  62:Drivers/STM32F0xx_HAL_Driver/Src/stm32f0xx_hal_i2c_ex.c ****   */
  63:Drivers/STM32F0xx_HAL_Driver/Src/stm32f0xx_hal_i2c_ex.c **** 
  64:Drivers/STM32F0xx_HAL_Driver/Src/stm32f0xx_hal_i2c_ex.c **** /* Includes ------------------------------------------------------------------*/
  65:Drivers/STM32F0xx_HAL_Driver/Src/stm32f0xx_hal_i2c_ex.c **** #include "stm32f0xx_hal.h"
  66:Drivers/STM32F0xx_HAL_Driver/Src/stm32f0xx_hal_i2c_ex.c **** 
  67:Drivers/STM32F0xx_HAL_Driver/Src/stm32f0xx_hal_i2c_ex.c **** /** @addtogroup STM32F0xx_HAL_Driver
  68:Drivers/STM32F0xx_HAL_Driver/Src/stm32f0xx_hal_i2c_ex.c ****   * @{
  69:Drivers/STM32F0xx_HAL_Driver/Src/stm32f0xx_hal_i2c_ex.c ****   */
  70:Drivers/STM32F0xx_HAL_Driver/Src/stm32f0xx_hal_i2c_ex.c **** 
  71:Drivers/STM32F0xx_HAL_Driver/Src/stm32f0xx_hal_i2c_ex.c **** /** @defgroup I2CEx I2CEx
  72:Drivers/STM32F0xx_HAL_Driver/Src/stm32f0xx_hal_i2c_ex.c ****   * @brief I2C Extended HAL module driver
  73:Drivers/STM32F0xx_HAL_Driver/Src/stm32f0xx_hal_i2c_ex.c ****   * @{
  74:Drivers/STM32F0xx_HAL_Driver/Src/stm32f0xx_hal_i2c_ex.c ****   */
  75:Drivers/STM32F0xx_HAL_Driver/Src/stm32f0xx_hal_i2c_ex.c **** 
  76:Drivers/STM32F0xx_HAL_Driver/Src/stm32f0xx_hal_i2c_ex.c **** #ifdef HAL_I2C_MODULE_ENABLED
  77:Drivers/STM32F0xx_HAL_Driver/Src/stm32f0xx_hal_i2c_ex.c **** 
  78:Drivers/STM32F0xx_HAL_Driver/Src/stm32f0xx_hal_i2c_ex.c **** /* Private typedef -----------------------------------------------------------*/
  79:Drivers/STM32F0xx_HAL_Driver/Src/stm32f0xx_hal_i2c_ex.c **** /* Private define ------------------------------------------------------------*/
  80:Drivers/STM32F0xx_HAL_Driver/Src/stm32f0xx_hal_i2c_ex.c **** /* Private macro -------------------------------------------------------------*/
  81:Drivers/STM32F0xx_HAL_Driver/Src/stm32f0xx_hal_i2c_ex.c **** /* Private variables ---------------------------------------------------------*/
  82:Drivers/STM32F0xx_HAL_Driver/Src/stm32f0xx_hal_i2c_ex.c **** /* Private function prototypes -----------------------------------------------*/
  83:Drivers/STM32F0xx_HAL_Driver/Src/stm32f0xx_hal_i2c_ex.c **** /* Private functions ---------------------------------------------------------*/
  84:Drivers/STM32F0xx_HAL_Driver/Src/stm32f0xx_hal_i2c_ex.c **** 
  85:Drivers/STM32F0xx_HAL_Driver/Src/stm32f0xx_hal_i2c_ex.c **** /** @defgroup I2CEx_Exported_Functions I2C Extended Exported Functions
  86:Drivers/STM32F0xx_HAL_Driver/Src/stm32f0xx_hal_i2c_ex.c ****   * @{
  87:Drivers/STM32F0xx_HAL_Driver/Src/stm32f0xx_hal_i2c_ex.c ****   */
  88:Drivers/STM32F0xx_HAL_Driver/Src/stm32f0xx_hal_i2c_ex.c **** 
ARM GAS  D:\App\cygwin\tmp\ccBjtW9G.s 			page 3


  89:Drivers/STM32F0xx_HAL_Driver/Src/stm32f0xx_hal_i2c_ex.c **** /** @defgroup I2CEx_Exported_Functions_Group1 Extended features functions
  90:Drivers/STM32F0xx_HAL_Driver/Src/stm32f0xx_hal_i2c_ex.c ****   * @brief    Extended features functions
  91:Drivers/STM32F0xx_HAL_Driver/Src/stm32f0xx_hal_i2c_ex.c ****  *
  92:Drivers/STM32F0xx_HAL_Driver/Src/stm32f0xx_hal_i2c_ex.c **** @verbatim
  93:Drivers/STM32F0xx_HAL_Driver/Src/stm32f0xx_hal_i2c_ex.c ****  ===============================================================================
  94:Drivers/STM32F0xx_HAL_Driver/Src/stm32f0xx_hal_i2c_ex.c ****                       ##### Extended features functions #####
  95:Drivers/STM32F0xx_HAL_Driver/Src/stm32f0xx_hal_i2c_ex.c ****  ===============================================================================
  96:Drivers/STM32F0xx_HAL_Driver/Src/stm32f0xx_hal_i2c_ex.c ****     [..] This section provides functions allowing to:
  97:Drivers/STM32F0xx_HAL_Driver/Src/stm32f0xx_hal_i2c_ex.c ****       (+) Configure Noise Filters
  98:Drivers/STM32F0xx_HAL_Driver/Src/stm32f0xx_hal_i2c_ex.c ****       (+) Configure Wake Up Feature
  99:Drivers/STM32F0xx_HAL_Driver/Src/stm32f0xx_hal_i2c_ex.c **** 
 100:Drivers/STM32F0xx_HAL_Driver/Src/stm32f0xx_hal_i2c_ex.c **** @endverbatim
 101:Drivers/STM32F0xx_HAL_Driver/Src/stm32f0xx_hal_i2c_ex.c ****   * @{
 102:Drivers/STM32F0xx_HAL_Driver/Src/stm32f0xx_hal_i2c_ex.c ****   */
 103:Drivers/STM32F0xx_HAL_Driver/Src/stm32f0xx_hal_i2c_ex.c **** 
 104:Drivers/STM32F0xx_HAL_Driver/Src/stm32f0xx_hal_i2c_ex.c **** /**
 105:Drivers/STM32F0xx_HAL_Driver/Src/stm32f0xx_hal_i2c_ex.c ****   * @brief  Configure I2C Analog noise filter.
 106:Drivers/STM32F0xx_HAL_Driver/Src/stm32f0xx_hal_i2c_ex.c ****   * @param  hi2c Pointer to a I2C_HandleTypeDef structure that contains
 107:Drivers/STM32F0xx_HAL_Driver/Src/stm32f0xx_hal_i2c_ex.c ****   *                the configuration information for the specified I2Cx peripheral.
 108:Drivers/STM32F0xx_HAL_Driver/Src/stm32f0xx_hal_i2c_ex.c ****   * @param  AnalogFilter New state of the Analog filter.
 109:Drivers/STM32F0xx_HAL_Driver/Src/stm32f0xx_hal_i2c_ex.c ****   * @retval HAL status
 110:Drivers/STM32F0xx_HAL_Driver/Src/stm32f0xx_hal_i2c_ex.c ****   */
 111:Drivers/STM32F0xx_HAL_Driver/Src/stm32f0xx_hal_i2c_ex.c **** HAL_StatusTypeDef HAL_I2CEx_ConfigAnalogFilter(I2C_HandleTypeDef *hi2c, uint32_t AnalogFilter)
 112:Drivers/STM32F0xx_HAL_Driver/Src/stm32f0xx_hal_i2c_ex.c **** {
  28              		.loc 1 112 0
  29              		.cfi_startproc
  30              		@ args = 0, pretend = 0, frame = 0
  31              		@ frame_needed = 0, uses_anonymous_args = 0
  32              	.LVL0:
  33 0000 F0B5     		push	{r4, r5, r6, r7, lr}
  34              	.LCFI0:
  35              		.cfi_def_cfa_offset 20
  36              		.cfi_offset 4, -20
  37              		.cfi_offset 5, -16
  38              		.cfi_offset 6, -12
  39              		.cfi_offset 7, -8
  40              		.cfi_offset 14, -4
 113:Drivers/STM32F0xx_HAL_Driver/Src/stm32f0xx_hal_i2c_ex.c ****   /* Check the parameters */
 114:Drivers/STM32F0xx_HAL_Driver/Src/stm32f0xx_hal_i2c_ex.c ****   assert_param(IS_I2C_ALL_INSTANCE(hi2c->Instance));
 115:Drivers/STM32F0xx_HAL_Driver/Src/stm32f0xx_hal_i2c_ex.c ****   assert_param(IS_I2C_ANALOG_FILTER(AnalogFilter));
 116:Drivers/STM32F0xx_HAL_Driver/Src/stm32f0xx_hal_i2c_ex.c **** 
 117:Drivers/STM32F0xx_HAL_Driver/Src/stm32f0xx_hal_i2c_ex.c ****   if (hi2c->State == HAL_I2C_STATE_READY)
  41              		.loc 1 117 0
  42 0002 4123     		movs	r3, #65
  43 0004 C35C     		ldrb	r3, [r0, r3]
  44 0006 202B     		cmp	r3, #32
  45 0008 20D1     		bne	.L3
 118:Drivers/STM32F0xx_HAL_Driver/Src/stm32f0xx_hal_i2c_ex.c ****   {
 119:Drivers/STM32F0xx_HAL_Driver/Src/stm32f0xx_hal_i2c_ex.c ****     /* Process Locked */
 120:Drivers/STM32F0xx_HAL_Driver/Src/stm32f0xx_hal_i2c_ex.c ****     __HAL_LOCK(hi2c);
  46              		.loc 1 120 0
  47 000a 2033     		adds	r3, r3, #32
  48 000c C35C     		ldrb	r3, [r0, r3]
  49 000e 012B     		cmp	r3, #1
  50 0010 1ED0     		beq	.L4
  51              		.loc 1 120 0 is_stmt 0 discriminator 2
  52 0012 4024     		movs	r4, #64
ARM GAS  D:\App\cygwin\tmp\ccBjtW9G.s 			page 4


  53 0014 0123     		movs	r3, #1
  54 0016 0355     		strb	r3, [r0, r4]
 121:Drivers/STM32F0xx_HAL_Driver/Src/stm32f0xx_hal_i2c_ex.c **** 
 122:Drivers/STM32F0xx_HAL_Driver/Src/stm32f0xx_hal_i2c_ex.c ****     hi2c->State = HAL_I2C_STATE_BUSY;
  55              		.loc 1 122 0 is_stmt 1 discriminator 2
  56 0018 4125     		movs	r5, #65
  57 001a 2422     		movs	r2, #36
  58 001c 4255     		strb	r2, [r0, r5]
 123:Drivers/STM32F0xx_HAL_Driver/Src/stm32f0xx_hal_i2c_ex.c **** 
 124:Drivers/STM32F0xx_HAL_Driver/Src/stm32f0xx_hal_i2c_ex.c ****     /* Disable the selected I2C peripheral */
 125:Drivers/STM32F0xx_HAL_Driver/Src/stm32f0xx_hal_i2c_ex.c ****     __HAL_I2C_DISABLE(hi2c);
  59              		.loc 1 125 0 discriminator 2
  60 001e 0668     		ldr	r6, [r0]
  61 0020 3268     		ldr	r2, [r6]
  62 0022 9A43     		bics	r2, r3
  63 0024 3260     		str	r2, [r6]
 126:Drivers/STM32F0xx_HAL_Driver/Src/stm32f0xx_hal_i2c_ex.c **** 
 127:Drivers/STM32F0xx_HAL_Driver/Src/stm32f0xx_hal_i2c_ex.c ****     /* Reset I2Cx ANOFF bit */
 128:Drivers/STM32F0xx_HAL_Driver/Src/stm32f0xx_hal_i2c_ex.c ****     hi2c->Instance->CR1 &= ~(I2C_CR1_ANFOFF);
  64              		.loc 1 128 0 discriminator 2
  65 0026 0668     		ldr	r6, [r0]
  66 0028 3768     		ldr	r7, [r6]
  67 002a 0A4A     		ldr	r2, .L5
  68 002c 3A40     		ands	r2, r7
  69 002e 3260     		str	r2, [r6]
 129:Drivers/STM32F0xx_HAL_Driver/Src/stm32f0xx_hal_i2c_ex.c **** 
 130:Drivers/STM32F0xx_HAL_Driver/Src/stm32f0xx_hal_i2c_ex.c ****     /* Set analog filter bit*/
 131:Drivers/STM32F0xx_HAL_Driver/Src/stm32f0xx_hal_i2c_ex.c ****     hi2c->Instance->CR1 |= AnalogFilter;
  70              		.loc 1 131 0 discriminator 2
  71 0030 0268     		ldr	r2, [r0]
  72 0032 1668     		ldr	r6, [r2]
  73 0034 3143     		orrs	r1, r6
  74              	.LVL1:
  75 0036 1160     		str	r1, [r2]
 132:Drivers/STM32F0xx_HAL_Driver/Src/stm32f0xx_hal_i2c_ex.c **** 
 133:Drivers/STM32F0xx_HAL_Driver/Src/stm32f0xx_hal_i2c_ex.c ****     __HAL_I2C_ENABLE(hi2c);
  76              		.loc 1 133 0 discriminator 2
  77 0038 0268     		ldr	r2, [r0]
  78 003a 1168     		ldr	r1, [r2]
  79 003c 0B43     		orrs	r3, r1
  80 003e 1360     		str	r3, [r2]
 134:Drivers/STM32F0xx_HAL_Driver/Src/stm32f0xx_hal_i2c_ex.c **** 
 135:Drivers/STM32F0xx_HAL_Driver/Src/stm32f0xx_hal_i2c_ex.c ****     hi2c->State = HAL_I2C_STATE_READY;
  81              		.loc 1 135 0 discriminator 2
  82 0040 2023     		movs	r3, #32
  83 0042 4355     		strb	r3, [r0, r5]
 136:Drivers/STM32F0xx_HAL_Driver/Src/stm32f0xx_hal_i2c_ex.c **** 
 137:Drivers/STM32F0xx_HAL_Driver/Src/stm32f0xx_hal_i2c_ex.c ****     /* Process Unlocked */
 138:Drivers/STM32F0xx_HAL_Driver/Src/stm32f0xx_hal_i2c_ex.c ****     __HAL_UNLOCK(hi2c);
  84              		.loc 1 138 0 discriminator 2
  85 0044 0023     		movs	r3, #0
  86 0046 0355     		strb	r3, [r0, r4]
 139:Drivers/STM32F0xx_HAL_Driver/Src/stm32f0xx_hal_i2c_ex.c **** 
 140:Drivers/STM32F0xx_HAL_Driver/Src/stm32f0xx_hal_i2c_ex.c ****     return HAL_OK;
  87              		.loc 1 140 0 discriminator 2
  88 0048 0020     		movs	r0, #0
  89              	.LVL2:
ARM GAS  D:\App\cygwin\tmp\ccBjtW9G.s 			page 5


  90 004a 02E0     		b	.L2
  91              	.LVL3:
  92              	.L3:
 141:Drivers/STM32F0xx_HAL_Driver/Src/stm32f0xx_hal_i2c_ex.c ****   }
 142:Drivers/STM32F0xx_HAL_Driver/Src/stm32f0xx_hal_i2c_ex.c ****   else
 143:Drivers/STM32F0xx_HAL_Driver/Src/stm32f0xx_hal_i2c_ex.c ****   {
 144:Drivers/STM32F0xx_HAL_Driver/Src/stm32f0xx_hal_i2c_ex.c ****     return HAL_BUSY;
  93              		.loc 1 144 0
  94 004c 0220     		movs	r0, #2
  95              	.LVL4:
  96 004e 00E0     		b	.L2
  97              	.LVL5:
  98              	.L4:
 120:Drivers/STM32F0xx_HAL_Driver/Src/stm32f0xx_hal_i2c_ex.c **** 
  99              		.loc 1 120 0
 100 0050 0220     		movs	r0, #2
 101              	.LVL6:
 102              	.L2:
 145:Drivers/STM32F0xx_HAL_Driver/Src/stm32f0xx_hal_i2c_ex.c ****   }
 146:Drivers/STM32F0xx_HAL_Driver/Src/stm32f0xx_hal_i2c_ex.c **** }
 103              		.loc 1 146 0
 104              		@ sp needed
 105 0052 F0BD     		pop	{r4, r5, r6, r7, pc}
 106              	.L6:
 107              		.align	2
 108              	.L5:
 109 0054 FFEFFFFF 		.word	-4097
 110              		.cfi_endproc
 111              	.LFE35:
 113              		.section	.text.HAL_I2CEx_ConfigDigitalFilter,"ax",%progbits
 114              		.align	2
 115              		.global	HAL_I2CEx_ConfigDigitalFilter
 116              		.code	16
 117              		.thumb_func
 119              	HAL_I2CEx_ConfigDigitalFilter:
 120              	.LFB36:
 147:Drivers/STM32F0xx_HAL_Driver/Src/stm32f0xx_hal_i2c_ex.c **** 
 148:Drivers/STM32F0xx_HAL_Driver/Src/stm32f0xx_hal_i2c_ex.c **** /**
 149:Drivers/STM32F0xx_HAL_Driver/Src/stm32f0xx_hal_i2c_ex.c ****   * @brief  Configure I2C Digital noise filter.
 150:Drivers/STM32F0xx_HAL_Driver/Src/stm32f0xx_hal_i2c_ex.c ****   * @param  hi2c Pointer to a I2C_HandleTypeDef structure that contains
 151:Drivers/STM32F0xx_HAL_Driver/Src/stm32f0xx_hal_i2c_ex.c ****   *                the configuration information for the specified I2Cx peripheral.
 152:Drivers/STM32F0xx_HAL_Driver/Src/stm32f0xx_hal_i2c_ex.c ****   * @param  DigitalFilter Coefficient of digital noise filter between Min_Data=0x00 and Max_Data=0x
 153:Drivers/STM32F0xx_HAL_Driver/Src/stm32f0xx_hal_i2c_ex.c ****   * @retval HAL status
 154:Drivers/STM32F0xx_HAL_Driver/Src/stm32f0xx_hal_i2c_ex.c ****   */
 155:Drivers/STM32F0xx_HAL_Driver/Src/stm32f0xx_hal_i2c_ex.c **** HAL_StatusTypeDef HAL_I2CEx_ConfigDigitalFilter(I2C_HandleTypeDef *hi2c, uint32_t DigitalFilter)
 156:Drivers/STM32F0xx_HAL_Driver/Src/stm32f0xx_hal_i2c_ex.c **** {
 121              		.loc 1 156 0
 122              		.cfi_startproc
 123              		@ args = 0, pretend = 0, frame = 0
 124              		@ frame_needed = 0, uses_anonymous_args = 0
 125              	.LVL7:
 126 0000 F0B5     		push	{r4, r5, r6, r7, lr}
 127              	.LCFI1:
 128              		.cfi_def_cfa_offset 20
 129              		.cfi_offset 4, -20
 130              		.cfi_offset 5, -16
 131              		.cfi_offset 6, -12
ARM GAS  D:\App\cygwin\tmp\ccBjtW9G.s 			page 6


 132              		.cfi_offset 7, -8
 133              		.cfi_offset 14, -4
 134              	.LVL8:
 157:Drivers/STM32F0xx_HAL_Driver/Src/stm32f0xx_hal_i2c_ex.c ****   uint32_t tmpreg = 0U;
 158:Drivers/STM32F0xx_HAL_Driver/Src/stm32f0xx_hal_i2c_ex.c **** 
 159:Drivers/STM32F0xx_HAL_Driver/Src/stm32f0xx_hal_i2c_ex.c ****   /* Check the parameters */
 160:Drivers/STM32F0xx_HAL_Driver/Src/stm32f0xx_hal_i2c_ex.c ****   assert_param(IS_I2C_ALL_INSTANCE(hi2c->Instance));
 161:Drivers/STM32F0xx_HAL_Driver/Src/stm32f0xx_hal_i2c_ex.c ****   assert_param(IS_I2C_DIGITAL_FILTER(DigitalFilter));
 162:Drivers/STM32F0xx_HAL_Driver/Src/stm32f0xx_hal_i2c_ex.c **** 
 163:Drivers/STM32F0xx_HAL_Driver/Src/stm32f0xx_hal_i2c_ex.c ****   if (hi2c->State == HAL_I2C_STATE_READY)
 135              		.loc 1 163 0
 136 0002 4123     		movs	r3, #65
 137 0004 C35C     		ldrb	r3, [r0, r3]
 138 0006 202B     		cmp	r3, #32
 139 0008 1ED1     		bne	.L9
 164:Drivers/STM32F0xx_HAL_Driver/Src/stm32f0xx_hal_i2c_ex.c ****   {
 165:Drivers/STM32F0xx_HAL_Driver/Src/stm32f0xx_hal_i2c_ex.c ****     /* Process Locked */
 166:Drivers/STM32F0xx_HAL_Driver/Src/stm32f0xx_hal_i2c_ex.c ****     __HAL_LOCK(hi2c);
 140              		.loc 1 166 0
 141 000a 2033     		adds	r3, r3, #32
 142 000c C35C     		ldrb	r3, [r0, r3]
 143 000e 012B     		cmp	r3, #1
 144 0010 1CD0     		beq	.L10
 145              		.loc 1 166 0 is_stmt 0 discriminator 2
 146 0012 4024     		movs	r4, #64
 147 0014 0123     		movs	r3, #1
 148 0016 0355     		strb	r3, [r0, r4]
 167:Drivers/STM32F0xx_HAL_Driver/Src/stm32f0xx_hal_i2c_ex.c **** 
 168:Drivers/STM32F0xx_HAL_Driver/Src/stm32f0xx_hal_i2c_ex.c ****     hi2c->State = HAL_I2C_STATE_BUSY;
 149              		.loc 1 168 0 is_stmt 1 discriminator 2
 150 0018 4125     		movs	r5, #65
 151 001a 2422     		movs	r2, #36
 152 001c 4255     		strb	r2, [r0, r5]
 169:Drivers/STM32F0xx_HAL_Driver/Src/stm32f0xx_hal_i2c_ex.c **** 
 170:Drivers/STM32F0xx_HAL_Driver/Src/stm32f0xx_hal_i2c_ex.c ****     /* Disable the selected I2C peripheral */
 171:Drivers/STM32F0xx_HAL_Driver/Src/stm32f0xx_hal_i2c_ex.c ****     __HAL_I2C_DISABLE(hi2c);
 153              		.loc 1 171 0 discriminator 2
 154 001e 0668     		ldr	r6, [r0]
 155 0020 3268     		ldr	r2, [r6]
 156 0022 9A43     		bics	r2, r3
 157 0024 3260     		str	r2, [r6]
 172:Drivers/STM32F0xx_HAL_Driver/Src/stm32f0xx_hal_i2c_ex.c **** 
 173:Drivers/STM32F0xx_HAL_Driver/Src/stm32f0xx_hal_i2c_ex.c ****     /* Get the old register value */
 174:Drivers/STM32F0xx_HAL_Driver/Src/stm32f0xx_hal_i2c_ex.c ****     tmpreg = hi2c->Instance->CR1;
 158              		.loc 1 174 0 discriminator 2
 159 0026 0668     		ldr	r6, [r0]
 160 0028 3768     		ldr	r7, [r6]
 161              	.LVL9:
 175:Drivers/STM32F0xx_HAL_Driver/Src/stm32f0xx_hal_i2c_ex.c **** 
 176:Drivers/STM32F0xx_HAL_Driver/Src/stm32f0xx_hal_i2c_ex.c ****     /* Reset I2Cx DNF bits [11:8] */
 177:Drivers/STM32F0xx_HAL_Driver/Src/stm32f0xx_hal_i2c_ex.c ****     tmpreg &= ~(I2C_CR1_DNF);
 162              		.loc 1 177 0 discriminator 2
 163 002a 094A     		ldr	r2, .L11
 164 002c 3A40     		ands	r2, r7
 165              	.LVL10:
 178:Drivers/STM32F0xx_HAL_Driver/Src/stm32f0xx_hal_i2c_ex.c **** 
 179:Drivers/STM32F0xx_HAL_Driver/Src/stm32f0xx_hal_i2c_ex.c ****     /* Set I2Cx DNF coefficient */
ARM GAS  D:\App\cygwin\tmp\ccBjtW9G.s 			page 7


 180:Drivers/STM32F0xx_HAL_Driver/Src/stm32f0xx_hal_i2c_ex.c ****     tmpreg |= DigitalFilter << 8U;
 166              		.loc 1 180 0 discriminator 2
 167 002e 0902     		lsls	r1, r1, #8
 168              	.LVL11:
 169 0030 1143     		orrs	r1, r2
 170              	.LVL12:
 181:Drivers/STM32F0xx_HAL_Driver/Src/stm32f0xx_hal_i2c_ex.c **** 
 182:Drivers/STM32F0xx_HAL_Driver/Src/stm32f0xx_hal_i2c_ex.c ****     /* Store the new register value */
 183:Drivers/STM32F0xx_HAL_Driver/Src/stm32f0xx_hal_i2c_ex.c ****     hi2c->Instance->CR1 = tmpreg;
 171              		.loc 1 183 0 discriminator 2
 172 0032 3160     		str	r1, [r6]
 184:Drivers/STM32F0xx_HAL_Driver/Src/stm32f0xx_hal_i2c_ex.c **** 
 185:Drivers/STM32F0xx_HAL_Driver/Src/stm32f0xx_hal_i2c_ex.c ****     __HAL_I2C_ENABLE(hi2c);
 173              		.loc 1 185 0 discriminator 2
 174 0034 0268     		ldr	r2, [r0]
 175 0036 1168     		ldr	r1, [r2]
 176              	.LVL13:
 177 0038 0B43     		orrs	r3, r1
 178 003a 1360     		str	r3, [r2]
 179              	.LVL14:
 186:Drivers/STM32F0xx_HAL_Driver/Src/stm32f0xx_hal_i2c_ex.c **** 
 187:Drivers/STM32F0xx_HAL_Driver/Src/stm32f0xx_hal_i2c_ex.c ****     hi2c->State = HAL_I2C_STATE_READY;
 180              		.loc 1 187 0 discriminator 2
 181 003c 2023     		movs	r3, #32
 182 003e 4355     		strb	r3, [r0, r5]
 188:Drivers/STM32F0xx_HAL_Driver/Src/stm32f0xx_hal_i2c_ex.c **** 
 189:Drivers/STM32F0xx_HAL_Driver/Src/stm32f0xx_hal_i2c_ex.c ****     /* Process Unlocked */
 190:Drivers/STM32F0xx_HAL_Driver/Src/stm32f0xx_hal_i2c_ex.c ****     __HAL_UNLOCK(hi2c);
 183              		.loc 1 190 0 discriminator 2
 184 0040 0023     		movs	r3, #0
 185 0042 0355     		strb	r3, [r0, r4]
 191:Drivers/STM32F0xx_HAL_Driver/Src/stm32f0xx_hal_i2c_ex.c **** 
 192:Drivers/STM32F0xx_HAL_Driver/Src/stm32f0xx_hal_i2c_ex.c ****     return HAL_OK;
 186              		.loc 1 192 0 discriminator 2
 187 0044 0020     		movs	r0, #0
 188              	.LVL15:
 189 0046 02E0     		b	.L8
 190              	.LVL16:
 191              	.L9:
 193:Drivers/STM32F0xx_HAL_Driver/Src/stm32f0xx_hal_i2c_ex.c ****   }
 194:Drivers/STM32F0xx_HAL_Driver/Src/stm32f0xx_hal_i2c_ex.c ****   else
 195:Drivers/STM32F0xx_HAL_Driver/Src/stm32f0xx_hal_i2c_ex.c ****   {
 196:Drivers/STM32F0xx_HAL_Driver/Src/stm32f0xx_hal_i2c_ex.c ****     return HAL_BUSY;
 192              		.loc 1 196 0
 193 0048 0220     		movs	r0, #2
 194              	.LVL17:
 195 004a 00E0     		b	.L8
 196              	.LVL18:
 197              	.L10:
 166:Drivers/STM32F0xx_HAL_Driver/Src/stm32f0xx_hal_i2c_ex.c **** 
 198              		.loc 1 166 0
 199 004c 0220     		movs	r0, #2
 200              	.LVL19:
 201              	.L8:
 197:Drivers/STM32F0xx_HAL_Driver/Src/stm32f0xx_hal_i2c_ex.c ****   }
 198:Drivers/STM32F0xx_HAL_Driver/Src/stm32f0xx_hal_i2c_ex.c **** }
 202              		.loc 1 198 0
ARM GAS  D:\App\cygwin\tmp\ccBjtW9G.s 			page 8


 203              		@ sp needed
 204 004e F0BD     		pop	{r4, r5, r6, r7, pc}
 205              	.L12:
 206              		.align	2
 207              	.L11:
 208 0050 FFF0FFFF 		.word	-3841
 209              		.cfi_endproc
 210              	.LFE36:
 212              		.section	.text.HAL_I2CEx_EnableFastModePlus,"ax",%progbits
 213              		.align	2
 214              		.global	HAL_I2CEx_EnableFastModePlus
 215              		.code	16
 216              		.thumb_func
 218              	HAL_I2CEx_EnableFastModePlus:
 219              	.LFB37:
 199:Drivers/STM32F0xx_HAL_Driver/Src/stm32f0xx_hal_i2c_ex.c **** #if defined(I2C_CR1_WUPEN)
 200:Drivers/STM32F0xx_HAL_Driver/Src/stm32f0xx_hal_i2c_ex.c **** 
 201:Drivers/STM32F0xx_HAL_Driver/Src/stm32f0xx_hal_i2c_ex.c **** /**
 202:Drivers/STM32F0xx_HAL_Driver/Src/stm32f0xx_hal_i2c_ex.c ****   * @brief  Enable I2C wakeup from stop mode.
 203:Drivers/STM32F0xx_HAL_Driver/Src/stm32f0xx_hal_i2c_ex.c ****   * @param  hi2c Pointer to a I2C_HandleTypeDef structure that contains
 204:Drivers/STM32F0xx_HAL_Driver/Src/stm32f0xx_hal_i2c_ex.c ****   *                the configuration information for the specified I2Cx peripheral.
 205:Drivers/STM32F0xx_HAL_Driver/Src/stm32f0xx_hal_i2c_ex.c ****   * @retval HAL status
 206:Drivers/STM32F0xx_HAL_Driver/Src/stm32f0xx_hal_i2c_ex.c ****   */
 207:Drivers/STM32F0xx_HAL_Driver/Src/stm32f0xx_hal_i2c_ex.c **** HAL_StatusTypeDef HAL_I2CEx_EnableWakeUp(I2C_HandleTypeDef *hi2c)
 208:Drivers/STM32F0xx_HAL_Driver/Src/stm32f0xx_hal_i2c_ex.c **** {
 209:Drivers/STM32F0xx_HAL_Driver/Src/stm32f0xx_hal_i2c_ex.c ****   /* Check the parameters */
 210:Drivers/STM32F0xx_HAL_Driver/Src/stm32f0xx_hal_i2c_ex.c ****   assert_param(IS_I2C_WAKEUP_FROMSTOP_INSTANCE(hi2c->Instance));
 211:Drivers/STM32F0xx_HAL_Driver/Src/stm32f0xx_hal_i2c_ex.c **** 
 212:Drivers/STM32F0xx_HAL_Driver/Src/stm32f0xx_hal_i2c_ex.c ****   if (hi2c->State == HAL_I2C_STATE_READY)
 213:Drivers/STM32F0xx_HAL_Driver/Src/stm32f0xx_hal_i2c_ex.c ****   {
 214:Drivers/STM32F0xx_HAL_Driver/Src/stm32f0xx_hal_i2c_ex.c ****     /* Process Locked */
 215:Drivers/STM32F0xx_HAL_Driver/Src/stm32f0xx_hal_i2c_ex.c ****     __HAL_LOCK(hi2c);
 216:Drivers/STM32F0xx_HAL_Driver/Src/stm32f0xx_hal_i2c_ex.c **** 
 217:Drivers/STM32F0xx_HAL_Driver/Src/stm32f0xx_hal_i2c_ex.c ****     hi2c->State = HAL_I2C_STATE_BUSY;
 218:Drivers/STM32F0xx_HAL_Driver/Src/stm32f0xx_hal_i2c_ex.c **** 
 219:Drivers/STM32F0xx_HAL_Driver/Src/stm32f0xx_hal_i2c_ex.c ****     /* Disable the selected I2C peripheral */
 220:Drivers/STM32F0xx_HAL_Driver/Src/stm32f0xx_hal_i2c_ex.c ****     __HAL_I2C_DISABLE(hi2c);
 221:Drivers/STM32F0xx_HAL_Driver/Src/stm32f0xx_hal_i2c_ex.c **** 
 222:Drivers/STM32F0xx_HAL_Driver/Src/stm32f0xx_hal_i2c_ex.c ****     /* Enable wakeup from stop mode */
 223:Drivers/STM32F0xx_HAL_Driver/Src/stm32f0xx_hal_i2c_ex.c ****     hi2c->Instance->CR1 |= I2C_CR1_WUPEN;
 224:Drivers/STM32F0xx_HAL_Driver/Src/stm32f0xx_hal_i2c_ex.c **** 
 225:Drivers/STM32F0xx_HAL_Driver/Src/stm32f0xx_hal_i2c_ex.c ****     __HAL_I2C_ENABLE(hi2c);
 226:Drivers/STM32F0xx_HAL_Driver/Src/stm32f0xx_hal_i2c_ex.c **** 
 227:Drivers/STM32F0xx_HAL_Driver/Src/stm32f0xx_hal_i2c_ex.c ****     hi2c->State = HAL_I2C_STATE_READY;
 228:Drivers/STM32F0xx_HAL_Driver/Src/stm32f0xx_hal_i2c_ex.c **** 
 229:Drivers/STM32F0xx_HAL_Driver/Src/stm32f0xx_hal_i2c_ex.c ****     /* Process Unlocked */
 230:Drivers/STM32F0xx_HAL_Driver/Src/stm32f0xx_hal_i2c_ex.c ****     __HAL_UNLOCK(hi2c);
 231:Drivers/STM32F0xx_HAL_Driver/Src/stm32f0xx_hal_i2c_ex.c **** 
 232:Drivers/STM32F0xx_HAL_Driver/Src/stm32f0xx_hal_i2c_ex.c ****     return HAL_OK;
 233:Drivers/STM32F0xx_HAL_Driver/Src/stm32f0xx_hal_i2c_ex.c ****   }
 234:Drivers/STM32F0xx_HAL_Driver/Src/stm32f0xx_hal_i2c_ex.c ****   else
 235:Drivers/STM32F0xx_HAL_Driver/Src/stm32f0xx_hal_i2c_ex.c ****   {
 236:Drivers/STM32F0xx_HAL_Driver/Src/stm32f0xx_hal_i2c_ex.c ****     return HAL_BUSY;
 237:Drivers/STM32F0xx_HAL_Driver/Src/stm32f0xx_hal_i2c_ex.c ****   }
 238:Drivers/STM32F0xx_HAL_Driver/Src/stm32f0xx_hal_i2c_ex.c **** }
 239:Drivers/STM32F0xx_HAL_Driver/Src/stm32f0xx_hal_i2c_ex.c **** 
 240:Drivers/STM32F0xx_HAL_Driver/Src/stm32f0xx_hal_i2c_ex.c **** /**
ARM GAS  D:\App\cygwin\tmp\ccBjtW9G.s 			page 9


 241:Drivers/STM32F0xx_HAL_Driver/Src/stm32f0xx_hal_i2c_ex.c ****   * @brief  Disable I2C wakeup from stop mode.
 242:Drivers/STM32F0xx_HAL_Driver/Src/stm32f0xx_hal_i2c_ex.c ****   * @param  hi2c Pointer to a I2C_HandleTypeDef structure that contains
 243:Drivers/STM32F0xx_HAL_Driver/Src/stm32f0xx_hal_i2c_ex.c ****   *                the configuration information for the specified I2Cx peripheral.
 244:Drivers/STM32F0xx_HAL_Driver/Src/stm32f0xx_hal_i2c_ex.c ****   * @retval HAL status
 245:Drivers/STM32F0xx_HAL_Driver/Src/stm32f0xx_hal_i2c_ex.c ****   */
 246:Drivers/STM32F0xx_HAL_Driver/Src/stm32f0xx_hal_i2c_ex.c **** HAL_StatusTypeDef HAL_I2CEx_DisableWakeUp(I2C_HandleTypeDef *hi2c)
 247:Drivers/STM32F0xx_HAL_Driver/Src/stm32f0xx_hal_i2c_ex.c **** {
 248:Drivers/STM32F0xx_HAL_Driver/Src/stm32f0xx_hal_i2c_ex.c ****   /* Check the parameters */
 249:Drivers/STM32F0xx_HAL_Driver/Src/stm32f0xx_hal_i2c_ex.c ****   assert_param(IS_I2C_WAKEUP_FROMSTOP_INSTANCE(hi2c->Instance));
 250:Drivers/STM32F0xx_HAL_Driver/Src/stm32f0xx_hal_i2c_ex.c **** 
 251:Drivers/STM32F0xx_HAL_Driver/Src/stm32f0xx_hal_i2c_ex.c ****   if (hi2c->State == HAL_I2C_STATE_READY)
 252:Drivers/STM32F0xx_HAL_Driver/Src/stm32f0xx_hal_i2c_ex.c ****   {
 253:Drivers/STM32F0xx_HAL_Driver/Src/stm32f0xx_hal_i2c_ex.c ****     /* Process Locked */
 254:Drivers/STM32F0xx_HAL_Driver/Src/stm32f0xx_hal_i2c_ex.c ****     __HAL_LOCK(hi2c);
 255:Drivers/STM32F0xx_HAL_Driver/Src/stm32f0xx_hal_i2c_ex.c **** 
 256:Drivers/STM32F0xx_HAL_Driver/Src/stm32f0xx_hal_i2c_ex.c ****     hi2c->State = HAL_I2C_STATE_BUSY;
 257:Drivers/STM32F0xx_HAL_Driver/Src/stm32f0xx_hal_i2c_ex.c **** 
 258:Drivers/STM32F0xx_HAL_Driver/Src/stm32f0xx_hal_i2c_ex.c ****     /* Disable the selected I2C peripheral */
 259:Drivers/STM32F0xx_HAL_Driver/Src/stm32f0xx_hal_i2c_ex.c ****     __HAL_I2C_DISABLE(hi2c);
 260:Drivers/STM32F0xx_HAL_Driver/Src/stm32f0xx_hal_i2c_ex.c **** 
 261:Drivers/STM32F0xx_HAL_Driver/Src/stm32f0xx_hal_i2c_ex.c ****     /* Enable wakeup from stop mode */
 262:Drivers/STM32F0xx_HAL_Driver/Src/stm32f0xx_hal_i2c_ex.c ****     hi2c->Instance->CR1 &= ~(I2C_CR1_WUPEN);
 263:Drivers/STM32F0xx_HAL_Driver/Src/stm32f0xx_hal_i2c_ex.c **** 
 264:Drivers/STM32F0xx_HAL_Driver/Src/stm32f0xx_hal_i2c_ex.c ****     __HAL_I2C_ENABLE(hi2c);
 265:Drivers/STM32F0xx_HAL_Driver/Src/stm32f0xx_hal_i2c_ex.c **** 
 266:Drivers/STM32F0xx_HAL_Driver/Src/stm32f0xx_hal_i2c_ex.c ****     hi2c->State = HAL_I2C_STATE_READY;
 267:Drivers/STM32F0xx_HAL_Driver/Src/stm32f0xx_hal_i2c_ex.c **** 
 268:Drivers/STM32F0xx_HAL_Driver/Src/stm32f0xx_hal_i2c_ex.c ****     /* Process Unlocked */
 269:Drivers/STM32F0xx_HAL_Driver/Src/stm32f0xx_hal_i2c_ex.c ****     __HAL_UNLOCK(hi2c);
 270:Drivers/STM32F0xx_HAL_Driver/Src/stm32f0xx_hal_i2c_ex.c **** 
 271:Drivers/STM32F0xx_HAL_Driver/Src/stm32f0xx_hal_i2c_ex.c ****     return HAL_OK;
 272:Drivers/STM32F0xx_HAL_Driver/Src/stm32f0xx_hal_i2c_ex.c ****   }
 273:Drivers/STM32F0xx_HAL_Driver/Src/stm32f0xx_hal_i2c_ex.c ****   else
 274:Drivers/STM32F0xx_HAL_Driver/Src/stm32f0xx_hal_i2c_ex.c ****   {
 275:Drivers/STM32F0xx_HAL_Driver/Src/stm32f0xx_hal_i2c_ex.c ****     return HAL_BUSY;
 276:Drivers/STM32F0xx_HAL_Driver/Src/stm32f0xx_hal_i2c_ex.c ****   }
 277:Drivers/STM32F0xx_HAL_Driver/Src/stm32f0xx_hal_i2c_ex.c **** }
 278:Drivers/STM32F0xx_HAL_Driver/Src/stm32f0xx_hal_i2c_ex.c **** #endif
 279:Drivers/STM32F0xx_HAL_Driver/Src/stm32f0xx_hal_i2c_ex.c **** 
 280:Drivers/STM32F0xx_HAL_Driver/Src/stm32f0xx_hal_i2c_ex.c **** /**
 281:Drivers/STM32F0xx_HAL_Driver/Src/stm32f0xx_hal_i2c_ex.c ****   * @brief Enable the I2C fast mode plus driving capability.
 282:Drivers/STM32F0xx_HAL_Driver/Src/stm32f0xx_hal_i2c_ex.c ****   * @param ConfigFastModePlus Selects the pin.
 283:Drivers/STM32F0xx_HAL_Driver/Src/stm32f0xx_hal_i2c_ex.c ****   *   This parameter can be one of the @ref I2CEx_FastModePlus values
 284:Drivers/STM32F0xx_HAL_Driver/Src/stm32f0xx_hal_i2c_ex.c ****   * @note  For I2C1, fast mode plus driving capability can be enabled on all selected
 285:Drivers/STM32F0xx_HAL_Driver/Src/stm32f0xx_hal_i2c_ex.c ****   *        I2C1 pins using I2C_FASTMODEPLUS_I2C1 parameter or independently
 286:Drivers/STM32F0xx_HAL_Driver/Src/stm32f0xx_hal_i2c_ex.c ****   *        on each one of the following pins PB6, PB7, PB8 and PB9.
 287:Drivers/STM32F0xx_HAL_Driver/Src/stm32f0xx_hal_i2c_ex.c ****   * @note  For remaining I2C1 pins (PA14, PA15...) fast mode plus driving capability
 288:Drivers/STM32F0xx_HAL_Driver/Src/stm32f0xx_hal_i2c_ex.c ****   *        can be enabled only by using I2C_FASTMODEPLUS_I2C1 parameter.
 289:Drivers/STM32F0xx_HAL_Driver/Src/stm32f0xx_hal_i2c_ex.c ****   * @note  For all I2C2 pins fast mode plus driving capability can be enabled
 290:Drivers/STM32F0xx_HAL_Driver/Src/stm32f0xx_hal_i2c_ex.c ****   *        only by using I2C_FASTMODEPLUS_I2C2 parameter.
 291:Drivers/STM32F0xx_HAL_Driver/Src/stm32f0xx_hal_i2c_ex.c ****   * @retval None
 292:Drivers/STM32F0xx_HAL_Driver/Src/stm32f0xx_hal_i2c_ex.c ****   */
 293:Drivers/STM32F0xx_HAL_Driver/Src/stm32f0xx_hal_i2c_ex.c **** void HAL_I2CEx_EnableFastModePlus(uint32_t ConfigFastModePlus)
 294:Drivers/STM32F0xx_HAL_Driver/Src/stm32f0xx_hal_i2c_ex.c **** {
 220              		.loc 1 294 0
 221              		.cfi_startproc
 222              		@ args = 0, pretend = 0, frame = 8
ARM GAS  D:\App\cygwin\tmp\ccBjtW9G.s 			page 10


 223              		@ frame_needed = 0, uses_anonymous_args = 0
 224              	.LVL20:
 225 0000 10B5     		push	{r4, lr}
 226              	.LCFI2:
 227              		.cfi_def_cfa_offset 8
 228              		.cfi_offset 4, -8
 229              		.cfi_offset 14, -4
 230 0002 82B0     		sub	sp, sp, #8
 231              	.LCFI3:
 232              		.cfi_def_cfa_offset 16
 233              	.LBB2:
 295:Drivers/STM32F0xx_HAL_Driver/Src/stm32f0xx_hal_i2c_ex.c ****   /* Check the parameter */
 296:Drivers/STM32F0xx_HAL_Driver/Src/stm32f0xx_hal_i2c_ex.c ****   assert_param(IS_I2C_FASTMODEPLUS(ConfigFastModePlus));
 297:Drivers/STM32F0xx_HAL_Driver/Src/stm32f0xx_hal_i2c_ex.c **** 
 298:Drivers/STM32F0xx_HAL_Driver/Src/stm32f0xx_hal_i2c_ex.c ****   /* Enable SYSCFG clock */
 299:Drivers/STM32F0xx_HAL_Driver/Src/stm32f0xx_hal_i2c_ex.c ****   __HAL_RCC_SYSCFG_CLK_ENABLE();
 234              		.loc 1 299 0
 235 0004 074A     		ldr	r2, .L14
 236 0006 9169     		ldr	r1, [r2, #24]
 237 0008 0124     		movs	r4, #1
 238 000a 2143     		orrs	r1, r4
 239 000c 9161     		str	r1, [r2, #24]
 240 000e 9369     		ldr	r3, [r2, #24]
 241 0010 2340     		ands	r3, r4
 242 0012 0193     		str	r3, [sp, #4]
 243 0014 019B     		ldr	r3, [sp, #4]
 244              	.LBE2:
 300:Drivers/STM32F0xx_HAL_Driver/Src/stm32f0xx_hal_i2c_ex.c **** 
 301:Drivers/STM32F0xx_HAL_Driver/Src/stm32f0xx_hal_i2c_ex.c ****   /* Enable fast mode plus driving capability for selected pin */
 302:Drivers/STM32F0xx_HAL_Driver/Src/stm32f0xx_hal_i2c_ex.c ****   SET_BIT(SYSCFG->CFGR1, (uint32_t)ConfigFastModePlus);
 245              		.loc 1 302 0
 246 0016 044B     		ldr	r3, .L14+4
 247 0018 1A68     		ldr	r2, [r3]
 248 001a 1043     		orrs	r0, r2
 249              	.LVL21:
 250 001c 1860     		str	r0, [r3]
 303:Drivers/STM32F0xx_HAL_Driver/Src/stm32f0xx_hal_i2c_ex.c **** }
 251              		.loc 1 303 0
 252 001e 02B0     		add	sp, sp, #8
 253              		@ sp needed
 254 0020 10BD     		pop	{r4, pc}
 255              	.L15:
 256 0022 C046     		.align	2
 257              	.L14:
 258 0024 00100240 		.word	1073876992
 259 0028 00000140 		.word	1073807360
 260              		.cfi_endproc
 261              	.LFE37:
 263              		.section	.text.HAL_I2CEx_DisableFastModePlus,"ax",%progbits
 264              		.align	2
 265              		.global	HAL_I2CEx_DisableFastModePlus
 266              		.code	16
 267              		.thumb_func
 269              	HAL_I2CEx_DisableFastModePlus:
 270              	.LFB38:
 304:Drivers/STM32F0xx_HAL_Driver/Src/stm32f0xx_hal_i2c_ex.c **** 
 305:Drivers/STM32F0xx_HAL_Driver/Src/stm32f0xx_hal_i2c_ex.c **** /**
ARM GAS  D:\App\cygwin\tmp\ccBjtW9G.s 			page 11


 306:Drivers/STM32F0xx_HAL_Driver/Src/stm32f0xx_hal_i2c_ex.c ****   * @brief Disable the I2C fast mode plus driving capability.
 307:Drivers/STM32F0xx_HAL_Driver/Src/stm32f0xx_hal_i2c_ex.c ****   * @param ConfigFastModePlus Selects the pin.
 308:Drivers/STM32F0xx_HAL_Driver/Src/stm32f0xx_hal_i2c_ex.c ****   *   This parameter can be one of the @ref I2CEx_FastModePlus values
 309:Drivers/STM32F0xx_HAL_Driver/Src/stm32f0xx_hal_i2c_ex.c ****   * @note  For I2C1, fast mode plus driving capability can be disabled on all selected
 310:Drivers/STM32F0xx_HAL_Driver/Src/stm32f0xx_hal_i2c_ex.c ****   *        I2C1 pins using I2C_FASTMODEPLUS_I2C1 parameter or independently
 311:Drivers/STM32F0xx_HAL_Driver/Src/stm32f0xx_hal_i2c_ex.c ****   *        on each one of the following pins PB6, PB7, PB8 and PB9.
 312:Drivers/STM32F0xx_HAL_Driver/Src/stm32f0xx_hal_i2c_ex.c ****   * @note  For remaining I2C1 pins (PA14, PA15...) fast mode plus driving capability
 313:Drivers/STM32F0xx_HAL_Driver/Src/stm32f0xx_hal_i2c_ex.c ****   *        can be disabled only by using I2C_FASTMODEPLUS_I2C1 parameter.
 314:Drivers/STM32F0xx_HAL_Driver/Src/stm32f0xx_hal_i2c_ex.c ****   * @note  For all I2C2 pins fast mode plus driving capability can be disabled
 315:Drivers/STM32F0xx_HAL_Driver/Src/stm32f0xx_hal_i2c_ex.c ****   *        only by using I2C_FASTMODEPLUS_I2C2 parameter.
 316:Drivers/STM32F0xx_HAL_Driver/Src/stm32f0xx_hal_i2c_ex.c ****   * @retval None
 317:Drivers/STM32F0xx_HAL_Driver/Src/stm32f0xx_hal_i2c_ex.c ****   */
 318:Drivers/STM32F0xx_HAL_Driver/Src/stm32f0xx_hal_i2c_ex.c **** void HAL_I2CEx_DisableFastModePlus(uint32_t ConfigFastModePlus)
 319:Drivers/STM32F0xx_HAL_Driver/Src/stm32f0xx_hal_i2c_ex.c **** {
 271              		.loc 1 319 0
 272              		.cfi_startproc
 273              		@ args = 0, pretend = 0, frame = 8
 274              		@ frame_needed = 0, uses_anonymous_args = 0
 275              	.LVL22:
 276 0000 10B5     		push	{r4, lr}
 277              	.LCFI4:
 278              		.cfi_def_cfa_offset 8
 279              		.cfi_offset 4, -8
 280              		.cfi_offset 14, -4
 281 0002 82B0     		sub	sp, sp, #8
 282              	.LCFI5:
 283              		.cfi_def_cfa_offset 16
 284              	.LBB3:
 320:Drivers/STM32F0xx_HAL_Driver/Src/stm32f0xx_hal_i2c_ex.c ****   /* Check the parameter */
 321:Drivers/STM32F0xx_HAL_Driver/Src/stm32f0xx_hal_i2c_ex.c ****   assert_param(IS_I2C_FASTMODEPLUS(ConfigFastModePlus));
 322:Drivers/STM32F0xx_HAL_Driver/Src/stm32f0xx_hal_i2c_ex.c **** 
 323:Drivers/STM32F0xx_HAL_Driver/Src/stm32f0xx_hal_i2c_ex.c ****   /* Enable SYSCFG clock */
 324:Drivers/STM32F0xx_HAL_Driver/Src/stm32f0xx_hal_i2c_ex.c ****   __HAL_RCC_SYSCFG_CLK_ENABLE();
 285              		.loc 1 324 0
 286 0004 074A     		ldr	r2, .L17
 287 0006 9169     		ldr	r1, [r2, #24]
 288 0008 0124     		movs	r4, #1
 289 000a 2143     		orrs	r1, r4
 290 000c 9161     		str	r1, [r2, #24]
 291 000e 9369     		ldr	r3, [r2, #24]
 292 0010 2340     		ands	r3, r4
 293 0012 0193     		str	r3, [sp, #4]
 294 0014 019B     		ldr	r3, [sp, #4]
 295              	.LBE3:
 325:Drivers/STM32F0xx_HAL_Driver/Src/stm32f0xx_hal_i2c_ex.c **** 
 326:Drivers/STM32F0xx_HAL_Driver/Src/stm32f0xx_hal_i2c_ex.c ****   /* Disable fast mode plus driving capability for selected pin */
 327:Drivers/STM32F0xx_HAL_Driver/Src/stm32f0xx_hal_i2c_ex.c ****   CLEAR_BIT(SYSCFG->CFGR1, (uint32_t)ConfigFastModePlus);
 296              		.loc 1 327 0
 297 0016 044A     		ldr	r2, .L17+4
 298 0018 1368     		ldr	r3, [r2]
 299 001a 8343     		bics	r3, r0
 300 001c 1360     		str	r3, [r2]
 328:Drivers/STM32F0xx_HAL_Driver/Src/stm32f0xx_hal_i2c_ex.c **** }
 301              		.loc 1 328 0
 302 001e 02B0     		add	sp, sp, #8
 303              		@ sp needed
 304 0020 10BD     		pop	{r4, pc}
ARM GAS  D:\App\cygwin\tmp\ccBjtW9G.s 			page 12


 305              	.L18:
 306 0022 C046     		.align	2
 307              	.L17:
 308 0024 00100240 		.word	1073876992
 309 0028 00000140 		.word	1073807360
 310              		.cfi_endproc
 311              	.LFE38:
 313              		.text
 314              	.Letext0:
 315              		.file 2 "d:\\app\\armgcc\\arm-none-eabi\\include\\machine\\_default_types.h"
 316              		.file 3 "d:\\app\\armgcc\\arm-none-eabi\\include\\sys\\_stdint.h"
 317              		.file 4 "Drivers/CMSIS/Device/ST/STM32F0xx/Include/stm32f030x6.h"
 318              		.file 5 "Drivers/STM32F0xx_HAL_Driver/Inc/stm32f0xx_hal_def.h"
 319              		.file 6 "Drivers/STM32F0xx_HAL_Driver/Inc/stm32f0xx_hal_dma.h"
 320              		.file 7 "Drivers/STM32F0xx_HAL_Driver/Inc/stm32f0xx_hal_i2c.h"
ARM GAS  D:\App\cygwin\tmp\ccBjtW9G.s 			page 13


DEFINED SYMBOLS
                            *ABS*:00000000 stm32f0xx_hal_i2c_ex.c
D:\App\cygwin\tmp\ccBjtW9G.s:20     .text.HAL_I2CEx_ConfigAnalogFilter:00000000 $t
D:\App\cygwin\tmp\ccBjtW9G.s:25     .text.HAL_I2CEx_ConfigAnalogFilter:00000000 HAL_I2CEx_ConfigAnalogFilter
D:\App\cygwin\tmp\ccBjtW9G.s:109    .text.HAL_I2CEx_ConfigAnalogFilter:00000054 $d
D:\App\cygwin\tmp\ccBjtW9G.s:114    .text.HAL_I2CEx_ConfigDigitalFilter:00000000 $t
D:\App\cygwin\tmp\ccBjtW9G.s:119    .text.HAL_I2CEx_ConfigDigitalFilter:00000000 HAL_I2CEx_ConfigDigitalFilter
D:\App\cygwin\tmp\ccBjtW9G.s:208    .text.HAL_I2CEx_ConfigDigitalFilter:00000050 $d
D:\App\cygwin\tmp\ccBjtW9G.s:213    .text.HAL_I2CEx_EnableFastModePlus:00000000 $t
D:\App\cygwin\tmp\ccBjtW9G.s:218    .text.HAL_I2CEx_EnableFastModePlus:00000000 HAL_I2CEx_EnableFastModePlus
D:\App\cygwin\tmp\ccBjtW9G.s:258    .text.HAL_I2CEx_EnableFastModePlus:00000024 $d
D:\App\cygwin\tmp\ccBjtW9G.s:264    .text.HAL_I2CEx_DisableFastModePlus:00000000 $t
D:\App\cygwin\tmp\ccBjtW9G.s:269    .text.HAL_I2CEx_DisableFastModePlus:00000000 HAL_I2CEx_DisableFastModePlus
D:\App\cygwin\tmp\ccBjtW9G.s:308    .text.HAL_I2CEx_DisableFastModePlus:00000024 $d
                     .debug_frame:00000010 $d

NO UNDEFINED SYMBOLS
