ARM GAS  D:\App\cygwin\tmp\ccAKA9wT.s 			page 1


   1              		.syntax unified
   2              		.cpu cortex-m0
   3              		.fpu softvfp
   4              		.eabi_attribute 20, 1
   5              		.eabi_attribute 21, 1
   6              		.eabi_attribute 23, 3
   7              		.eabi_attribute 24, 1
   8              		.eabi_attribute 25, 1
   9              		.eabi_attribute 26, 1
  10              		.eabi_attribute 30, 1
  11              		.eabi_attribute 34, 0
  12              		.eabi_attribute 18, 4
  13              		.thumb
  14              		.syntax unified
  15              		.file	"stm32f0xx_hal_msp.c"
  16              		.text
  17              	.Ltext0:
  18              		.cfi_sections	.debug_frame
  19              		.section	.text.HAL_MspInit,"ax",%progbits
  20              		.align	2
  21              		.global	HAL_MspInit
  22              		.code	16
  23              		.thumb_func
  25              	HAL_MspInit:
  26              	.LFB35:
  27              		.file 1 "Src/stm32f0xx_hal_msp.c"
   1:Src/stm32f0xx_hal_msp.c **** /* USER CODE BEGIN Header */
   2:Src/stm32f0xx_hal_msp.c **** /**
   3:Src/stm32f0xx_hal_msp.c ****   ******************************************************************************
   4:Src/stm32f0xx_hal_msp.c ****   * File Name          : stm32f0xx_hal_msp.c
   5:Src/stm32f0xx_hal_msp.c ****   * Description        : This file provides code for the MSP Initialization 
   6:Src/stm32f0xx_hal_msp.c ****   *                      and de-Initialization codes.
   7:Src/stm32f0xx_hal_msp.c ****   ******************************************************************************
   8:Src/stm32f0xx_hal_msp.c ****   * @attention
   9:Src/stm32f0xx_hal_msp.c ****   *
  10:Src/stm32f0xx_hal_msp.c ****   * <h2><center>&copy; Copyright (c) 2019 STMicroelectronics.
  11:Src/stm32f0xx_hal_msp.c ****   * All rights reserved.</center></h2>
  12:Src/stm32f0xx_hal_msp.c ****   *
  13:Src/stm32f0xx_hal_msp.c ****   * This software component is licensed by ST under BSD 3-Clause license,
  14:Src/stm32f0xx_hal_msp.c ****   * the "License"; You may not use this file except in compliance with the
  15:Src/stm32f0xx_hal_msp.c ****   * License. You may obtain a copy of the License at:
  16:Src/stm32f0xx_hal_msp.c ****   *                        opensource.org/licenses/BSD-3-Clause
  17:Src/stm32f0xx_hal_msp.c ****   *
  18:Src/stm32f0xx_hal_msp.c ****   ******************************************************************************
  19:Src/stm32f0xx_hal_msp.c ****   */
  20:Src/stm32f0xx_hal_msp.c **** /* USER CODE END Header */
  21:Src/stm32f0xx_hal_msp.c **** 
  22:Src/stm32f0xx_hal_msp.c **** /* Includes ------------------------------------------------------------------*/
  23:Src/stm32f0xx_hal_msp.c **** #include "main.h"
  24:Src/stm32f0xx_hal_msp.c **** /* USER CODE BEGIN Includes */
  25:Src/stm32f0xx_hal_msp.c **** 
  26:Src/stm32f0xx_hal_msp.c **** /* USER CODE END Includes */
  27:Src/stm32f0xx_hal_msp.c **** extern DMA_HandleTypeDef hdma_adc;
  28:Src/stm32f0xx_hal_msp.c **** 
  29:Src/stm32f0xx_hal_msp.c **** extern DMA_HandleTypeDef hdma_usart1_rx;
  30:Src/stm32f0xx_hal_msp.c **** 
  31:Src/stm32f0xx_hal_msp.c **** extern DMA_HandleTypeDef hdma_usart1_tx;
ARM GAS  D:\App\cygwin\tmp\ccAKA9wT.s 			page 2


  32:Src/stm32f0xx_hal_msp.c **** 
  33:Src/stm32f0xx_hal_msp.c **** /* Private typedef -----------------------------------------------------------*/
  34:Src/stm32f0xx_hal_msp.c **** /* USER CODE BEGIN TD */
  35:Src/stm32f0xx_hal_msp.c **** 
  36:Src/stm32f0xx_hal_msp.c **** /* USER CODE END TD */
  37:Src/stm32f0xx_hal_msp.c **** 
  38:Src/stm32f0xx_hal_msp.c **** /* Private define ------------------------------------------------------------*/
  39:Src/stm32f0xx_hal_msp.c **** /* USER CODE BEGIN Define */
  40:Src/stm32f0xx_hal_msp.c ****  
  41:Src/stm32f0xx_hal_msp.c **** /* USER CODE END Define */
  42:Src/stm32f0xx_hal_msp.c **** 
  43:Src/stm32f0xx_hal_msp.c **** /* Private macro -------------------------------------------------------------*/
  44:Src/stm32f0xx_hal_msp.c **** /* USER CODE BEGIN Macro */
  45:Src/stm32f0xx_hal_msp.c **** 
  46:Src/stm32f0xx_hal_msp.c **** /* USER CODE END Macro */
  47:Src/stm32f0xx_hal_msp.c **** 
  48:Src/stm32f0xx_hal_msp.c **** /* Private variables ---------------------------------------------------------*/
  49:Src/stm32f0xx_hal_msp.c **** /* USER CODE BEGIN PV */
  50:Src/stm32f0xx_hal_msp.c **** 
  51:Src/stm32f0xx_hal_msp.c **** /* USER CODE END PV */
  52:Src/stm32f0xx_hal_msp.c **** 
  53:Src/stm32f0xx_hal_msp.c **** /* Private function prototypes -----------------------------------------------*/
  54:Src/stm32f0xx_hal_msp.c **** /* USER CODE BEGIN PFP */
  55:Src/stm32f0xx_hal_msp.c **** 
  56:Src/stm32f0xx_hal_msp.c **** /* USER CODE END PFP */
  57:Src/stm32f0xx_hal_msp.c **** 
  58:Src/stm32f0xx_hal_msp.c **** /* External functions --------------------------------------------------------*/
  59:Src/stm32f0xx_hal_msp.c **** /* USER CODE BEGIN ExternalFunctions */
  60:Src/stm32f0xx_hal_msp.c **** 
  61:Src/stm32f0xx_hal_msp.c **** /* USER CODE END ExternalFunctions */
  62:Src/stm32f0xx_hal_msp.c **** 
  63:Src/stm32f0xx_hal_msp.c **** /* USER CODE BEGIN 0 */
  64:Src/stm32f0xx_hal_msp.c **** 
  65:Src/stm32f0xx_hal_msp.c **** /* USER CODE END 0 */
  66:Src/stm32f0xx_hal_msp.c ****                         
  67:Src/stm32f0xx_hal_msp.c **** void HAL_TIM_MspPostInit(TIM_HandleTypeDef *htim);
  68:Src/stm32f0xx_hal_msp.c ****                     /**
  69:Src/stm32f0xx_hal_msp.c ****   * Initializes the Global MSP.
  70:Src/stm32f0xx_hal_msp.c ****   */
  71:Src/stm32f0xx_hal_msp.c **** void HAL_MspInit(void)
  72:Src/stm32f0xx_hal_msp.c **** {
  28              		.loc 1 72 0
  29              		.cfi_startproc
  30              		@ args = 0, pretend = 0, frame = 8
  31              		@ frame_needed = 0, uses_anonymous_args = 0
  32              		@ link register save eliminated.
  33 0000 82B0     		sub	sp, sp, #8
  34              	.LCFI0:
  35              		.cfi_def_cfa_offset 8
  36              	.LBB2:
  73:Src/stm32f0xx_hal_msp.c ****   /* USER CODE BEGIN MspInit 0 */
  74:Src/stm32f0xx_hal_msp.c **** 
  75:Src/stm32f0xx_hal_msp.c ****   /* USER CODE END MspInit 0 */
  76:Src/stm32f0xx_hal_msp.c **** 
  77:Src/stm32f0xx_hal_msp.c ****   __HAL_RCC_SYSCFG_CLK_ENABLE();
  37              		.loc 1 77 0
  38 0002 0A4B     		ldr	r3, .L2
ARM GAS  D:\App\cygwin\tmp\ccAKA9wT.s 			page 3


  39 0004 9969     		ldr	r1, [r3, #24]
  40 0006 0120     		movs	r0, #1
  41 0008 0143     		orrs	r1, r0
  42 000a 9961     		str	r1, [r3, #24]
  43 000c 9A69     		ldr	r2, [r3, #24]
  44 000e 0240     		ands	r2, r0
  45 0010 0092     		str	r2, [sp]
  46 0012 009A     		ldr	r2, [sp]
  47              	.LBE2:
  48              	.LBB3:
  78:Src/stm32f0xx_hal_msp.c ****   __HAL_RCC_PWR_CLK_ENABLE();
  49              		.loc 1 78 0
  50 0014 D969     		ldr	r1, [r3, #28]
  51 0016 8022     		movs	r2, #128
  52 0018 5205     		lsls	r2, r2, #21
  53 001a 1143     		orrs	r1, r2
  54 001c D961     		str	r1, [r3, #28]
  55 001e DB69     		ldr	r3, [r3, #28]
  56 0020 1A40     		ands	r2, r3
  57 0022 0192     		str	r2, [sp, #4]
  58 0024 019B     		ldr	r3, [sp, #4]
  59              	.LBE3:
  79:Src/stm32f0xx_hal_msp.c **** 
  80:Src/stm32f0xx_hal_msp.c ****   /* System interrupt init*/
  81:Src/stm32f0xx_hal_msp.c **** 
  82:Src/stm32f0xx_hal_msp.c ****   /* USER CODE BEGIN MspInit 1 */
  83:Src/stm32f0xx_hal_msp.c **** 
  84:Src/stm32f0xx_hal_msp.c ****   /* USER CODE END MspInit 1 */
  85:Src/stm32f0xx_hal_msp.c **** }
  60              		.loc 1 85 0
  61 0026 02B0     		add	sp, sp, #8
  62              		@ sp needed
  63 0028 7047     		bx	lr
  64              	.L3:
  65 002a C046     		.align	2
  66              	.L2:
  67 002c 00100240 		.word	1073876992
  68              		.cfi_endproc
  69              	.LFE35:
  71              		.section	.text.HAL_ADC_MspInit,"ax",%progbits
  72              		.align	2
  73              		.global	HAL_ADC_MspInit
  74              		.code	16
  75              		.thumb_func
  77              	HAL_ADC_MspInit:
  78              	.LFB36:
  86:Src/stm32f0xx_hal_msp.c **** 
  87:Src/stm32f0xx_hal_msp.c **** /**
  88:Src/stm32f0xx_hal_msp.c **** * @brief ADC MSP Initialization
  89:Src/stm32f0xx_hal_msp.c **** * This function configures the hardware resources used in this example
  90:Src/stm32f0xx_hal_msp.c **** * @param hadc: ADC handle pointer
  91:Src/stm32f0xx_hal_msp.c **** * @retval None
  92:Src/stm32f0xx_hal_msp.c **** */
  93:Src/stm32f0xx_hal_msp.c **** void HAL_ADC_MspInit(ADC_HandleTypeDef* hadc)
  94:Src/stm32f0xx_hal_msp.c **** {
  79              		.loc 1 94 0
  80              		.cfi_startproc
ARM GAS  D:\App\cygwin\tmp\ccAKA9wT.s 			page 4


  81              		@ args = 0, pretend = 0, frame = 32
  82              		@ frame_needed = 0, uses_anonymous_args = 0
  83              	.LVL0:
  84 0000 10B5     		push	{r4, lr}
  85              	.LCFI1:
  86              		.cfi_def_cfa_offset 8
  87              		.cfi_offset 4, -8
  88              		.cfi_offset 14, -4
  89 0002 88B0     		sub	sp, sp, #32
  90              	.LCFI2:
  91              		.cfi_def_cfa_offset 40
  92 0004 0400     		movs	r4, r0
  95:Src/stm32f0xx_hal_msp.c ****   GPIO_InitTypeDef GPIO_InitStruct = {0};
  93              		.loc 1 95 0
  94 0006 1422     		movs	r2, #20
  95 0008 0021     		movs	r1, #0
  96 000a 03A8     		add	r0, sp, #12
  97              	.LVL1:
  98 000c FFF7FEFF 		bl	memset
  99              	.LVL2:
  96:Src/stm32f0xx_hal_msp.c ****   if(hadc->Instance==ADC1)
 100              		.loc 1 96 0
 101 0010 1C4B     		ldr	r3, .L7
 102 0012 2268     		ldr	r2, [r4]
 103 0014 9A42     		cmp	r2, r3
 104 0016 33D1     		bne	.L4
 105              	.LBB4:
  97:Src/stm32f0xx_hal_msp.c ****   {
  98:Src/stm32f0xx_hal_msp.c ****   /* USER CODE BEGIN ADC1_MspInit 0 */
  99:Src/stm32f0xx_hal_msp.c **** 
 100:Src/stm32f0xx_hal_msp.c ****   /* USER CODE END ADC1_MspInit 0 */
 101:Src/stm32f0xx_hal_msp.c ****     /* Peripheral clock enable */
 102:Src/stm32f0xx_hal_msp.c ****     __HAL_RCC_ADC1_CLK_ENABLE();
 106              		.loc 1 102 0
 107 0018 1B4B     		ldr	r3, .L7+4
 108 001a 9969     		ldr	r1, [r3, #24]
 109 001c 8022     		movs	r2, #128
 110 001e 9200     		lsls	r2, r2, #2
 111 0020 1143     		orrs	r1, r2
 112 0022 9961     		str	r1, [r3, #24]
 113 0024 9969     		ldr	r1, [r3, #24]
 114 0026 0A40     		ands	r2, r1
 115 0028 0192     		str	r2, [sp, #4]
 116 002a 019A     		ldr	r2, [sp, #4]
 117              	.LBE4:
 118              	.LBB5:
 103:Src/stm32f0xx_hal_msp.c ****   
 104:Src/stm32f0xx_hal_msp.c ****     __HAL_RCC_GPIOA_CLK_ENABLE();
 119              		.loc 1 104 0
 120 002c 5969     		ldr	r1, [r3, #20]
 121 002e 8022     		movs	r2, #128
 122 0030 9202     		lsls	r2, r2, #10
 123 0032 1143     		orrs	r1, r2
 124 0034 5961     		str	r1, [r3, #20]
 125 0036 5B69     		ldr	r3, [r3, #20]
 126 0038 1A40     		ands	r2, r3
 127 003a 0292     		str	r2, [sp, #8]
ARM GAS  D:\App\cygwin\tmp\ccAKA9wT.s 			page 5


 128 003c 029B     		ldr	r3, [sp, #8]
 129              	.LBE5:
 105:Src/stm32f0xx_hal_msp.c ****     /**ADC GPIO Configuration    
 106:Src/stm32f0xx_hal_msp.c ****     PA0     ------> ADC_IN0
 107:Src/stm32f0xx_hal_msp.c ****     PA1     ------> ADC_IN1 
 108:Src/stm32f0xx_hal_msp.c ****     */
 109:Src/stm32f0xx_hal_msp.c ****     GPIO_InitStruct.Pin = GPIO_PIN_0|GPIO_PIN_1;
 130              		.loc 1 109 0
 131 003e 0323     		movs	r3, #3
 132 0040 0393     		str	r3, [sp, #12]
 110:Src/stm32f0xx_hal_msp.c ****     GPIO_InitStruct.Mode = GPIO_MODE_ANALOG;
 133              		.loc 1 110 0
 134 0042 0493     		str	r3, [sp, #16]
 111:Src/stm32f0xx_hal_msp.c ****     GPIO_InitStruct.Pull = GPIO_NOPULL;
 112:Src/stm32f0xx_hal_msp.c ****     HAL_GPIO_Init(GPIOA, &GPIO_InitStruct);
 135              		.loc 1 112 0
 136 0044 03A9     		add	r1, sp, #12
 137 0046 9020     		movs	r0, #144
 138 0048 C005     		lsls	r0, r0, #23
 139 004a FFF7FEFF 		bl	HAL_GPIO_Init
 140              	.LVL3:
 113:Src/stm32f0xx_hal_msp.c **** 
 114:Src/stm32f0xx_hal_msp.c ****     /* ADC1 DMA Init */
 115:Src/stm32f0xx_hal_msp.c ****     /* ADC Init */
 116:Src/stm32f0xx_hal_msp.c ****     hdma_adc.Instance = DMA1_Channel1;
 141              		.loc 1 116 0
 142 004e 0F48     		ldr	r0, .L7+8
 143 0050 0F4B     		ldr	r3, .L7+12
 144 0052 0360     		str	r3, [r0]
 117:Src/stm32f0xx_hal_msp.c ****     hdma_adc.Init.Direction = DMA_PERIPH_TO_MEMORY;
 145              		.loc 1 117 0
 146 0054 0023     		movs	r3, #0
 147 0056 4360     		str	r3, [r0, #4]
 118:Src/stm32f0xx_hal_msp.c ****     hdma_adc.Init.PeriphInc = DMA_PINC_DISABLE;
 148              		.loc 1 118 0
 149 0058 8360     		str	r3, [r0, #8]
 119:Src/stm32f0xx_hal_msp.c ****     hdma_adc.Init.MemInc = DMA_MINC_ENABLE;
 150              		.loc 1 119 0
 151 005a 8022     		movs	r2, #128
 152 005c C260     		str	r2, [r0, #12]
 120:Src/stm32f0xx_hal_msp.c ****     hdma_adc.Init.PeriphDataAlignment = DMA_PDATAALIGN_HALFWORD;
 153              		.loc 1 120 0
 154 005e 8032     		adds	r2, r2, #128
 155 0060 0261     		str	r2, [r0, #16]
 121:Src/stm32f0xx_hal_msp.c ****     hdma_adc.Init.MemDataAlignment = DMA_MDATAALIGN_HALFWORD;
 156              		.loc 1 121 0
 157 0062 8022     		movs	r2, #128
 158 0064 D200     		lsls	r2, r2, #3
 159 0066 4261     		str	r2, [r0, #20]
 122:Src/stm32f0xx_hal_msp.c ****     hdma_adc.Init.Mode = DMA_CIRCULAR;
 160              		.loc 1 122 0
 161 0068 2022     		movs	r2, #32
 162 006a 8261     		str	r2, [r0, #24]
 123:Src/stm32f0xx_hal_msp.c ****     hdma_adc.Init.Priority = DMA_PRIORITY_LOW;
 163              		.loc 1 123 0
 164 006c C361     		str	r3, [r0, #28]
 124:Src/stm32f0xx_hal_msp.c ****     if (HAL_DMA_Init(&hdma_adc) != HAL_OK)
ARM GAS  D:\App\cygwin\tmp\ccAKA9wT.s 			page 6


 165              		.loc 1 124 0
 166 006e FFF7FEFF 		bl	HAL_DMA_Init
 167              	.LVL4:
 168 0072 0028     		cmp	r0, #0
 169 0074 01D0     		beq	.L6
 125:Src/stm32f0xx_hal_msp.c ****     {
 126:Src/stm32f0xx_hal_msp.c ****       Error_Handler();
 170              		.loc 1 126 0
 171 0076 FFF7FEFF 		bl	Error_Handler
 172              	.LVL5:
 173              	.L6:
 127:Src/stm32f0xx_hal_msp.c ****     }
 128:Src/stm32f0xx_hal_msp.c **** 
 129:Src/stm32f0xx_hal_msp.c ****     __HAL_LINKDMA(hadc,DMA_Handle,hdma_adc);
 174              		.loc 1 129 0
 175 007a 044B     		ldr	r3, .L7+8
 176 007c E363     		str	r3, [r4, #60]
 177 007e 5C62     		str	r4, [r3, #36]
 178              	.L4:
 130:Src/stm32f0xx_hal_msp.c **** 
 131:Src/stm32f0xx_hal_msp.c ****   /* USER CODE BEGIN ADC1_MspInit 1 */
 132:Src/stm32f0xx_hal_msp.c **** 
 133:Src/stm32f0xx_hal_msp.c ****   /* USER CODE END ADC1_MspInit 1 */
 134:Src/stm32f0xx_hal_msp.c ****   }
 135:Src/stm32f0xx_hal_msp.c **** 
 136:Src/stm32f0xx_hal_msp.c **** }
 179              		.loc 1 136 0
 180 0080 08B0     		add	sp, sp, #32
 181              		@ sp needed
 182              	.LVL6:
 183 0082 10BD     		pop	{r4, pc}
 184              	.L8:
 185              		.align	2
 186              	.L7:
 187 0084 00240140 		.word	1073816576
 188 0088 00100240 		.word	1073876992
 189 008c 00000000 		.word	hdma_adc
 190 0090 08000240 		.word	1073872904
 191              		.cfi_endproc
 192              	.LFE36:
 194              		.section	.text.HAL_ADC_MspDeInit,"ax",%progbits
 195              		.align	2
 196              		.global	HAL_ADC_MspDeInit
 197              		.code	16
 198              		.thumb_func
 200              	HAL_ADC_MspDeInit:
 201              	.LFB37:
 137:Src/stm32f0xx_hal_msp.c **** 
 138:Src/stm32f0xx_hal_msp.c **** /**
 139:Src/stm32f0xx_hal_msp.c **** * @brief ADC MSP De-Initialization
 140:Src/stm32f0xx_hal_msp.c **** * This function freeze the hardware resources used in this example
 141:Src/stm32f0xx_hal_msp.c **** * @param hadc: ADC handle pointer
 142:Src/stm32f0xx_hal_msp.c **** * @retval None
 143:Src/stm32f0xx_hal_msp.c **** */
 144:Src/stm32f0xx_hal_msp.c **** void HAL_ADC_MspDeInit(ADC_HandleTypeDef* hadc)
 145:Src/stm32f0xx_hal_msp.c **** {
 202              		.loc 1 145 0
ARM GAS  D:\App\cygwin\tmp\ccAKA9wT.s 			page 7


 203              		.cfi_startproc
 204              		@ args = 0, pretend = 0, frame = 0
 205              		@ frame_needed = 0, uses_anonymous_args = 0
 206              	.LVL7:
 207 0000 10B5     		push	{r4, lr}
 208              	.LCFI3:
 209              		.cfi_def_cfa_offset 8
 210              		.cfi_offset 4, -8
 211              		.cfi_offset 14, -4
 212 0002 0400     		movs	r4, r0
 146:Src/stm32f0xx_hal_msp.c ****   if(hadc->Instance==ADC1)
 213              		.loc 1 146 0
 214 0004 084B     		ldr	r3, .L11
 215 0006 0268     		ldr	r2, [r0]
 216 0008 9A42     		cmp	r2, r3
 217 000a 0CD1     		bne	.L9
 147:Src/stm32f0xx_hal_msp.c ****   {
 148:Src/stm32f0xx_hal_msp.c ****   /* USER CODE BEGIN ADC1_MspDeInit 0 */
 149:Src/stm32f0xx_hal_msp.c **** 
 150:Src/stm32f0xx_hal_msp.c ****   /* USER CODE END ADC1_MspDeInit 0 */
 151:Src/stm32f0xx_hal_msp.c ****     /* Peripheral clock disable */
 152:Src/stm32f0xx_hal_msp.c ****     __HAL_RCC_ADC1_CLK_DISABLE();
 218              		.loc 1 152 0
 219 000c 074A     		ldr	r2, .L11+4
 220 000e 9169     		ldr	r1, [r2, #24]
 221 0010 074B     		ldr	r3, .L11+8
 222 0012 0B40     		ands	r3, r1
 223 0014 9361     		str	r3, [r2, #24]
 153:Src/stm32f0xx_hal_msp.c ****   
 154:Src/stm32f0xx_hal_msp.c ****     /**ADC GPIO Configuration    
 155:Src/stm32f0xx_hal_msp.c ****     PA0     ------> ADC_IN0
 156:Src/stm32f0xx_hal_msp.c ****     PA1     ------> ADC_IN1 
 157:Src/stm32f0xx_hal_msp.c ****     */
 158:Src/stm32f0xx_hal_msp.c ****     HAL_GPIO_DeInit(GPIOA, GPIO_PIN_0|GPIO_PIN_1);
 224              		.loc 1 158 0
 225 0016 0321     		movs	r1, #3
 226 0018 9020     		movs	r0, #144
 227              	.LVL8:
 228 001a C005     		lsls	r0, r0, #23
 229 001c FFF7FEFF 		bl	HAL_GPIO_DeInit
 230              	.LVL9:
 159:Src/stm32f0xx_hal_msp.c **** 
 160:Src/stm32f0xx_hal_msp.c ****     /* ADC1 DMA DeInit */
 161:Src/stm32f0xx_hal_msp.c ****     HAL_DMA_DeInit(hadc->DMA_Handle);
 231              		.loc 1 161 0
 232 0020 E06B     		ldr	r0, [r4, #60]
 233 0022 FFF7FEFF 		bl	HAL_DMA_DeInit
 234              	.LVL10:
 235              	.L9:
 162:Src/stm32f0xx_hal_msp.c ****   /* USER CODE BEGIN ADC1_MspDeInit 1 */
 163:Src/stm32f0xx_hal_msp.c **** 
 164:Src/stm32f0xx_hal_msp.c ****   /* USER CODE END ADC1_MspDeInit 1 */
 165:Src/stm32f0xx_hal_msp.c ****   }
 166:Src/stm32f0xx_hal_msp.c **** 
 167:Src/stm32f0xx_hal_msp.c **** }
 236              		.loc 1 167 0
 237              		@ sp needed
ARM GAS  D:\App\cygwin\tmp\ccAKA9wT.s 			page 8


 238              	.LVL11:
 239 0026 10BD     		pop	{r4, pc}
 240              	.L12:
 241              		.align	2
 242              	.L11:
 243 0028 00240140 		.word	1073816576
 244 002c 00100240 		.word	1073876992
 245 0030 FFFDFFFF 		.word	-513
 246              		.cfi_endproc
 247              	.LFE37:
 249              		.section	.text.HAL_TIM_OC_MspInit,"ax",%progbits
 250              		.align	2
 251              		.global	HAL_TIM_OC_MspInit
 252              		.code	16
 253              		.thumb_func
 255              	HAL_TIM_OC_MspInit:
 256              	.LFB38:
 168:Src/stm32f0xx_hal_msp.c **** 
 169:Src/stm32f0xx_hal_msp.c **** /**
 170:Src/stm32f0xx_hal_msp.c **** * @brief TIM_OC MSP Initialization
 171:Src/stm32f0xx_hal_msp.c **** * This function configures the hardware resources used in this example
 172:Src/stm32f0xx_hal_msp.c **** * @param htim_oc: TIM_OC handle pointer
 173:Src/stm32f0xx_hal_msp.c **** * @retval None
 174:Src/stm32f0xx_hal_msp.c **** */
 175:Src/stm32f0xx_hal_msp.c **** void HAL_TIM_OC_MspInit(TIM_HandleTypeDef* htim_oc)
 176:Src/stm32f0xx_hal_msp.c **** {
 257              		.loc 1 176 0
 258              		.cfi_startproc
 259              		@ args = 0, pretend = 0, frame = 8
 260              		@ frame_needed = 0, uses_anonymous_args = 0
 261              		@ link register save eliminated.
 262              	.LVL12:
 263 0000 82B0     		sub	sp, sp, #8
 264              	.LCFI4:
 265              		.cfi_def_cfa_offset 8
 177:Src/stm32f0xx_hal_msp.c ****   if(htim_oc->Instance==TIM3)
 266              		.loc 1 177 0
 267 0002 0268     		ldr	r2, [r0]
 268 0004 064B     		ldr	r3, .L15
 269 0006 9A42     		cmp	r2, r3
 270 0008 08D1     		bne	.L13
 271              	.LBB6:
 178:Src/stm32f0xx_hal_msp.c ****   {
 179:Src/stm32f0xx_hal_msp.c ****   /* USER CODE BEGIN TIM3_MspInit 0 */
 180:Src/stm32f0xx_hal_msp.c **** 
 181:Src/stm32f0xx_hal_msp.c ****   /* USER CODE END TIM3_MspInit 0 */
 182:Src/stm32f0xx_hal_msp.c ****     /* Peripheral clock enable */
 183:Src/stm32f0xx_hal_msp.c ****     __HAL_RCC_TIM3_CLK_ENABLE();
 272              		.loc 1 183 0
 273 000a 064A     		ldr	r2, .L15+4
 274 000c D169     		ldr	r1, [r2, #28]
 275 000e 0220     		movs	r0, #2
 276              	.LVL13:
 277 0010 0143     		orrs	r1, r0
 278 0012 D161     		str	r1, [r2, #28]
 279 0014 D369     		ldr	r3, [r2, #28]
 280 0016 0340     		ands	r3, r0
ARM GAS  D:\App\cygwin\tmp\ccAKA9wT.s 			page 9


 281 0018 0193     		str	r3, [sp, #4]
 282 001a 019B     		ldr	r3, [sp, #4]
 283              	.L13:
 284              	.LBE6:
 184:Src/stm32f0xx_hal_msp.c ****   /* USER CODE BEGIN TIM3_MspInit 1 */
 185:Src/stm32f0xx_hal_msp.c **** 
 186:Src/stm32f0xx_hal_msp.c ****   /* USER CODE END TIM3_MspInit 1 */
 187:Src/stm32f0xx_hal_msp.c ****   }
 188:Src/stm32f0xx_hal_msp.c **** 
 189:Src/stm32f0xx_hal_msp.c **** }
 285              		.loc 1 189 0
 286 001c 02B0     		add	sp, sp, #8
 287              		@ sp needed
 288 001e 7047     		bx	lr
 289              	.L16:
 290              		.align	2
 291              	.L15:
 292 0020 00040040 		.word	1073742848
 293 0024 00100240 		.word	1073876992
 294              		.cfi_endproc
 295              	.LFE38:
 297              		.section	.text.HAL_TIM_MspPostInit,"ax",%progbits
 298              		.align	2
 299              		.global	HAL_TIM_MspPostInit
 300              		.code	16
 301              		.thumb_func
 303              	HAL_TIM_MspPostInit:
 304              	.LFB39:
 190:Src/stm32f0xx_hal_msp.c **** 
 191:Src/stm32f0xx_hal_msp.c **** void HAL_TIM_MspPostInit(TIM_HandleTypeDef* htim)
 192:Src/stm32f0xx_hal_msp.c **** {
 305              		.loc 1 192 0
 306              		.cfi_startproc
 307              		@ args = 0, pretend = 0, frame = 24
 308              		@ frame_needed = 0, uses_anonymous_args = 0
 309              	.LVL14:
 310 0000 10B5     		push	{r4, lr}
 311              	.LCFI5:
 312              		.cfi_def_cfa_offset 8
 313              		.cfi_offset 4, -8
 314              		.cfi_offset 14, -4
 315 0002 86B0     		sub	sp, sp, #24
 316              	.LCFI6:
 317              		.cfi_def_cfa_offset 32
 318 0004 0400     		movs	r4, r0
 193:Src/stm32f0xx_hal_msp.c ****   GPIO_InitTypeDef GPIO_InitStruct = {0};
 319              		.loc 1 193 0
 320 0006 1422     		movs	r2, #20
 321 0008 0021     		movs	r1, #0
 322 000a 01A8     		add	r0, sp, #4
 323              	.LVL15:
 324 000c FFF7FEFF 		bl	memset
 325              	.LVL16:
 194:Src/stm32f0xx_hal_msp.c ****   if(htim->Instance==TIM3)
 326              		.loc 1 194 0
 327 0010 2268     		ldr	r2, [r4]
 328 0012 0D4B     		ldr	r3, .L19
ARM GAS  D:\App\cygwin\tmp\ccAKA9wT.s 			page 10


 329 0014 9A42     		cmp	r2, r3
 330 0016 14D1     		bne	.L17
 331              	.LBB7:
 195:Src/stm32f0xx_hal_msp.c ****   {
 196:Src/stm32f0xx_hal_msp.c ****   /* USER CODE BEGIN TIM3_MspPostInit 0 */
 197:Src/stm32f0xx_hal_msp.c **** 
 198:Src/stm32f0xx_hal_msp.c ****   /* USER CODE END TIM3_MspPostInit 0 */
 199:Src/stm32f0xx_hal_msp.c ****   
 200:Src/stm32f0xx_hal_msp.c ****     __HAL_RCC_GPIOA_CLK_ENABLE();
 332              		.loc 1 200 0
 333 0018 0C4A     		ldr	r2, .L19+4
 334 001a 5169     		ldr	r1, [r2, #20]
 335 001c 8023     		movs	r3, #128
 336 001e 9B02     		lsls	r3, r3, #10
 337 0020 1943     		orrs	r1, r3
 338 0022 5161     		str	r1, [r2, #20]
 339 0024 5269     		ldr	r2, [r2, #20]
 340 0026 1340     		ands	r3, r2
 341 0028 0093     		str	r3, [sp]
 342 002a 009B     		ldr	r3, [sp]
 343              	.LBE7:
 201:Src/stm32f0xx_hal_msp.c ****     /**TIM3 GPIO Configuration    
 202:Src/stm32f0xx_hal_msp.c ****     PA6     ------> TIM3_CH1
 203:Src/stm32f0xx_hal_msp.c ****     PA7     ------> TIM3_CH2 
 204:Src/stm32f0xx_hal_msp.c ****     */
 205:Src/stm32f0xx_hal_msp.c ****     GPIO_InitStruct.Pin = GPIO_PIN_6|GPIO_PIN_7;
 344              		.loc 1 205 0
 345 002c C023     		movs	r3, #192
 346 002e 0193     		str	r3, [sp, #4]
 206:Src/stm32f0xx_hal_msp.c ****     GPIO_InitStruct.Mode = GPIO_MODE_AF_PP;
 347              		.loc 1 206 0
 348 0030 BE3B     		subs	r3, r3, #190
 349 0032 0293     		str	r3, [sp, #8]
 207:Src/stm32f0xx_hal_msp.c ****     GPIO_InitStruct.Pull = GPIO_NOPULL;
 208:Src/stm32f0xx_hal_msp.c ****     GPIO_InitStruct.Speed = GPIO_SPEED_FREQ_LOW;
 209:Src/stm32f0xx_hal_msp.c ****     GPIO_InitStruct.Alternate = GPIO_AF1_TIM3;
 350              		.loc 1 209 0
 351 0034 013B     		subs	r3, r3, #1
 352 0036 0593     		str	r3, [sp, #20]
 210:Src/stm32f0xx_hal_msp.c ****     HAL_GPIO_Init(GPIOA, &GPIO_InitStruct);
 353              		.loc 1 210 0
 354 0038 01A9     		add	r1, sp, #4
 355 003a 9020     		movs	r0, #144
 356 003c C005     		lsls	r0, r0, #23
 357 003e FFF7FEFF 		bl	HAL_GPIO_Init
 358              	.LVL17:
 359              	.L17:
 211:Src/stm32f0xx_hal_msp.c **** 
 212:Src/stm32f0xx_hal_msp.c ****   /* USER CODE BEGIN TIM3_MspPostInit 1 */
 213:Src/stm32f0xx_hal_msp.c **** 
 214:Src/stm32f0xx_hal_msp.c ****   /* USER CODE END TIM3_MspPostInit 1 */
 215:Src/stm32f0xx_hal_msp.c ****   }
 216:Src/stm32f0xx_hal_msp.c **** 
 217:Src/stm32f0xx_hal_msp.c **** }
 360              		.loc 1 217 0
 361 0042 06B0     		add	sp, sp, #24
 362              		@ sp needed
ARM GAS  D:\App\cygwin\tmp\ccAKA9wT.s 			page 11


 363              	.LVL18:
 364 0044 10BD     		pop	{r4, pc}
 365              	.L20:
 366 0046 C046     		.align	2
 367              	.L19:
 368 0048 00040040 		.word	1073742848
 369 004c 00100240 		.word	1073876992
 370              		.cfi_endproc
 371              	.LFE39:
 373              		.section	.text.HAL_TIM_OC_MspDeInit,"ax",%progbits
 374              		.align	2
 375              		.global	HAL_TIM_OC_MspDeInit
 376              		.code	16
 377              		.thumb_func
 379              	HAL_TIM_OC_MspDeInit:
 380              	.LFB40:
 218:Src/stm32f0xx_hal_msp.c **** /**
 219:Src/stm32f0xx_hal_msp.c **** * @brief TIM_OC MSP De-Initialization
 220:Src/stm32f0xx_hal_msp.c **** * This function freeze the hardware resources used in this example
 221:Src/stm32f0xx_hal_msp.c **** * @param htim_oc: TIM_OC handle pointer
 222:Src/stm32f0xx_hal_msp.c **** * @retval None
 223:Src/stm32f0xx_hal_msp.c **** */
 224:Src/stm32f0xx_hal_msp.c **** void HAL_TIM_OC_MspDeInit(TIM_HandleTypeDef* htim_oc)
 225:Src/stm32f0xx_hal_msp.c **** {
 381              		.loc 1 225 0
 382              		.cfi_startproc
 383              		@ args = 0, pretend = 0, frame = 0
 384              		@ frame_needed = 0, uses_anonymous_args = 0
 385              		@ link register save eliminated.
 386              	.LVL19:
 226:Src/stm32f0xx_hal_msp.c ****   if(htim_oc->Instance==TIM3)
 387              		.loc 1 226 0
 388 0000 0268     		ldr	r2, [r0]
 389 0002 044B     		ldr	r3, .L23
 390 0004 9A42     		cmp	r2, r3
 391 0006 04D1     		bne	.L21
 227:Src/stm32f0xx_hal_msp.c ****   {
 228:Src/stm32f0xx_hal_msp.c ****   /* USER CODE BEGIN TIM3_MspDeInit 0 */
 229:Src/stm32f0xx_hal_msp.c **** 
 230:Src/stm32f0xx_hal_msp.c ****   /* USER CODE END TIM3_MspDeInit 0 */
 231:Src/stm32f0xx_hal_msp.c ****     /* Peripheral clock disable */
 232:Src/stm32f0xx_hal_msp.c ****     __HAL_RCC_TIM3_CLK_DISABLE();
 392              		.loc 1 232 0
 393 0008 034A     		ldr	r2, .L23+4
 394 000a D369     		ldr	r3, [r2, #28]
 395 000c 0221     		movs	r1, #2
 396 000e 8B43     		bics	r3, r1
 397 0010 D361     		str	r3, [r2, #28]
 398              	.L21:
 233:Src/stm32f0xx_hal_msp.c ****   /* USER CODE BEGIN TIM3_MspDeInit 1 */
 234:Src/stm32f0xx_hal_msp.c **** 
 235:Src/stm32f0xx_hal_msp.c ****   /* USER CODE END TIM3_MspDeInit 1 */
 236:Src/stm32f0xx_hal_msp.c ****   }
 237:Src/stm32f0xx_hal_msp.c **** 
 238:Src/stm32f0xx_hal_msp.c **** }
 399              		.loc 1 238 0
 400              		@ sp needed
ARM GAS  D:\App\cygwin\tmp\ccAKA9wT.s 			page 12


 401 0012 7047     		bx	lr
 402              	.L24:
 403              		.align	2
 404              	.L23:
 405 0014 00040040 		.word	1073742848
 406 0018 00100240 		.word	1073876992
 407              		.cfi_endproc
 408              	.LFE40:
 410              		.section	.text.HAL_UART_MspInit,"ax",%progbits
 411              		.align	2
 412              		.global	HAL_UART_MspInit
 413              		.code	16
 414              		.thumb_func
 416              	HAL_UART_MspInit:
 417              	.LFB41:
 239:Src/stm32f0xx_hal_msp.c **** 
 240:Src/stm32f0xx_hal_msp.c **** /**
 241:Src/stm32f0xx_hal_msp.c **** * @brief UART MSP Initialization
 242:Src/stm32f0xx_hal_msp.c **** * This function configures the hardware resources used in this example
 243:Src/stm32f0xx_hal_msp.c **** * @param huart: UART handle pointer
 244:Src/stm32f0xx_hal_msp.c **** * @retval None
 245:Src/stm32f0xx_hal_msp.c **** */
 246:Src/stm32f0xx_hal_msp.c **** void HAL_UART_MspInit(UART_HandleTypeDef* huart)
 247:Src/stm32f0xx_hal_msp.c **** {
 418              		.loc 1 247 0
 419              		.cfi_startproc
 420              		@ args = 0, pretend = 0, frame = 32
 421              		@ frame_needed = 0, uses_anonymous_args = 0
 422              	.LVL20:
 423 0000 10B5     		push	{r4, lr}
 424              	.LCFI7:
 425              		.cfi_def_cfa_offset 8
 426              		.cfi_offset 4, -8
 427              		.cfi_offset 14, -4
 428 0002 88B0     		sub	sp, sp, #32
 429              	.LCFI8:
 430              		.cfi_def_cfa_offset 40
 431 0004 0400     		movs	r4, r0
 248:Src/stm32f0xx_hal_msp.c ****   GPIO_InitTypeDef GPIO_InitStruct = {0};
 432              		.loc 1 248 0
 433 0006 1422     		movs	r2, #20
 434 0008 0021     		movs	r1, #0
 435 000a 03A8     		add	r0, sp, #12
 436              	.LVL21:
 437 000c FFF7FEFF 		bl	memset
 438              	.LVL22:
 249:Src/stm32f0xx_hal_msp.c ****   if(huart->Instance==USART1)
 439              		.loc 1 249 0
 440 0010 284B     		ldr	r3, .L29
 441 0012 2268     		ldr	r2, [r4]
 442 0014 9A42     		cmp	r2, r3
 443 0016 4AD1     		bne	.L25
 444              	.LBB8:
 250:Src/stm32f0xx_hal_msp.c ****   {
 251:Src/stm32f0xx_hal_msp.c ****   /* USER CODE BEGIN USART1_MspInit 0 */
 252:Src/stm32f0xx_hal_msp.c **** 
 253:Src/stm32f0xx_hal_msp.c ****   /* USER CODE END USART1_MspInit 0 */
ARM GAS  D:\App\cygwin\tmp\ccAKA9wT.s 			page 13


 254:Src/stm32f0xx_hal_msp.c ****     /* Peripheral clock enable */
 255:Src/stm32f0xx_hal_msp.c ****     __HAL_RCC_USART1_CLK_ENABLE();
 445              		.loc 1 255 0
 446 0018 274B     		ldr	r3, .L29+4
 447 001a 9969     		ldr	r1, [r3, #24]
 448 001c 8022     		movs	r2, #128
 449 001e D201     		lsls	r2, r2, #7
 450 0020 1143     		orrs	r1, r2
 451 0022 9961     		str	r1, [r3, #24]
 452 0024 9969     		ldr	r1, [r3, #24]
 453 0026 0A40     		ands	r2, r1
 454 0028 0192     		str	r2, [sp, #4]
 455 002a 019A     		ldr	r2, [sp, #4]
 456              	.LBE8:
 457              	.LBB9:
 256:Src/stm32f0xx_hal_msp.c ****   
 257:Src/stm32f0xx_hal_msp.c ****     __HAL_RCC_GPIOA_CLK_ENABLE();
 458              		.loc 1 257 0
 459 002c 5969     		ldr	r1, [r3, #20]
 460 002e 8022     		movs	r2, #128
 461 0030 9202     		lsls	r2, r2, #10
 462 0032 1143     		orrs	r1, r2
 463 0034 5961     		str	r1, [r3, #20]
 464 0036 5B69     		ldr	r3, [r3, #20]
 465 0038 1A40     		ands	r2, r3
 466 003a 0292     		str	r2, [sp, #8]
 467 003c 029B     		ldr	r3, [sp, #8]
 468              	.LBE9:
 258:Src/stm32f0xx_hal_msp.c ****     /**USART1 GPIO Configuration    
 259:Src/stm32f0xx_hal_msp.c ****     PA2     ------> USART1_TX
 260:Src/stm32f0xx_hal_msp.c ****     PA3     ------> USART1_RX 
 261:Src/stm32f0xx_hal_msp.c ****     */
 262:Src/stm32f0xx_hal_msp.c ****     GPIO_InitStruct.Pin = GPIO_PIN_2|GPIO_PIN_3;
 469              		.loc 1 262 0
 470 003e 0C23     		movs	r3, #12
 471 0040 0393     		str	r3, [sp, #12]
 263:Src/stm32f0xx_hal_msp.c ****     GPIO_InitStruct.Mode = GPIO_MODE_AF_PP;
 472              		.loc 1 263 0
 473 0042 0A3B     		subs	r3, r3, #10
 474 0044 0493     		str	r3, [sp, #16]
 264:Src/stm32f0xx_hal_msp.c ****     GPIO_InitStruct.Pull = GPIO_NOPULL;
 265:Src/stm32f0xx_hal_msp.c ****     GPIO_InitStruct.Speed = GPIO_SPEED_FREQ_HIGH;
 475              		.loc 1 265 0
 476 0046 0133     		adds	r3, r3, #1
 477 0048 0693     		str	r3, [sp, #24]
 266:Src/stm32f0xx_hal_msp.c ****     GPIO_InitStruct.Alternate = GPIO_AF1_USART1;
 478              		.loc 1 266 0
 479 004a 023B     		subs	r3, r3, #2
 480 004c 0793     		str	r3, [sp, #28]
 267:Src/stm32f0xx_hal_msp.c ****     HAL_GPIO_Init(GPIOA, &GPIO_InitStruct);
 481              		.loc 1 267 0
 482 004e 03A9     		add	r1, sp, #12
 483 0050 9020     		movs	r0, #144
 484 0052 C005     		lsls	r0, r0, #23
 485 0054 FFF7FEFF 		bl	HAL_GPIO_Init
 486              	.LVL23:
 268:Src/stm32f0xx_hal_msp.c **** 
ARM GAS  D:\App\cygwin\tmp\ccAKA9wT.s 			page 14


 269:Src/stm32f0xx_hal_msp.c ****     /* USART1 DMA Init */
 270:Src/stm32f0xx_hal_msp.c ****     /* USART1_RX Init */
 271:Src/stm32f0xx_hal_msp.c ****     hdma_usart1_rx.Instance = DMA1_Channel3;
 487              		.loc 1 271 0
 488 0058 1848     		ldr	r0, .L29+8
 489 005a 194B     		ldr	r3, .L29+12
 490 005c 0360     		str	r3, [r0]
 272:Src/stm32f0xx_hal_msp.c ****     hdma_usart1_rx.Init.Direction = DMA_PERIPH_TO_MEMORY;
 491              		.loc 1 272 0
 492 005e 0023     		movs	r3, #0
 493 0060 4360     		str	r3, [r0, #4]
 273:Src/stm32f0xx_hal_msp.c ****     hdma_usart1_rx.Init.PeriphInc = DMA_PINC_DISABLE;
 494              		.loc 1 273 0
 495 0062 8360     		str	r3, [r0, #8]
 274:Src/stm32f0xx_hal_msp.c ****     hdma_usart1_rx.Init.MemInc = DMA_MINC_ENABLE;
 496              		.loc 1 274 0
 497 0064 8022     		movs	r2, #128
 498 0066 C260     		str	r2, [r0, #12]
 275:Src/stm32f0xx_hal_msp.c ****     hdma_usart1_rx.Init.PeriphDataAlignment = DMA_PDATAALIGN_BYTE;
 499              		.loc 1 275 0
 500 0068 0361     		str	r3, [r0, #16]
 276:Src/stm32f0xx_hal_msp.c ****     hdma_usart1_rx.Init.MemDataAlignment = DMA_MDATAALIGN_BYTE;
 501              		.loc 1 276 0
 502 006a 4361     		str	r3, [r0, #20]
 277:Src/stm32f0xx_hal_msp.c ****     hdma_usart1_rx.Init.Mode = DMA_NORMAL;
 503              		.loc 1 277 0
 504 006c 8361     		str	r3, [r0, #24]
 278:Src/stm32f0xx_hal_msp.c ****     hdma_usart1_rx.Init.Priority = DMA_PRIORITY_LOW;
 505              		.loc 1 278 0
 506 006e C361     		str	r3, [r0, #28]
 279:Src/stm32f0xx_hal_msp.c ****     if (HAL_DMA_Init(&hdma_usart1_rx) != HAL_OK)
 507              		.loc 1 279 0
 508 0070 FFF7FEFF 		bl	HAL_DMA_Init
 509              	.LVL24:
 510 0074 0028     		cmp	r0, #0
 511 0076 01D0     		beq	.L27
 280:Src/stm32f0xx_hal_msp.c ****     {
 281:Src/stm32f0xx_hal_msp.c ****       Error_Handler();
 512              		.loc 1 281 0
 513 0078 FFF7FEFF 		bl	Error_Handler
 514              	.LVL25:
 515              	.L27:
 282:Src/stm32f0xx_hal_msp.c ****     }
 283:Src/stm32f0xx_hal_msp.c **** 
 284:Src/stm32f0xx_hal_msp.c ****     __HAL_LINKDMA(huart,hdmarx,hdma_usart1_rx);
 516              		.loc 1 284 0
 517 007c 0F4B     		ldr	r3, .L29+8
 518 007e 6366     		str	r3, [r4, #100]
 519 0080 5C62     		str	r4, [r3, #36]
 285:Src/stm32f0xx_hal_msp.c **** 
 286:Src/stm32f0xx_hal_msp.c ****     /* USART1_TX Init */
 287:Src/stm32f0xx_hal_msp.c ****     hdma_usart1_tx.Instance = DMA1_Channel2;
 520              		.loc 1 287 0
 521 0082 1048     		ldr	r0, .L29+16
 522 0084 104B     		ldr	r3, .L29+20
 523 0086 0360     		str	r3, [r0]
 288:Src/stm32f0xx_hal_msp.c ****     hdma_usart1_tx.Init.Direction = DMA_MEMORY_TO_PERIPH;
ARM GAS  D:\App\cygwin\tmp\ccAKA9wT.s 			page 15


 524              		.loc 1 288 0
 525 0088 1023     		movs	r3, #16
 526 008a 4360     		str	r3, [r0, #4]
 289:Src/stm32f0xx_hal_msp.c ****     hdma_usart1_tx.Init.PeriphInc = DMA_PINC_DISABLE;
 527              		.loc 1 289 0
 528 008c 0023     		movs	r3, #0
 529 008e 8360     		str	r3, [r0, #8]
 290:Src/stm32f0xx_hal_msp.c ****     hdma_usart1_tx.Init.MemInc = DMA_MINC_ENABLE;
 530              		.loc 1 290 0
 531 0090 8022     		movs	r2, #128
 532 0092 C260     		str	r2, [r0, #12]
 291:Src/stm32f0xx_hal_msp.c ****     hdma_usart1_tx.Init.PeriphDataAlignment = DMA_PDATAALIGN_BYTE;
 533              		.loc 1 291 0
 534 0094 0361     		str	r3, [r0, #16]
 292:Src/stm32f0xx_hal_msp.c ****     hdma_usart1_tx.Init.MemDataAlignment = DMA_MDATAALIGN_BYTE;
 535              		.loc 1 292 0
 536 0096 4361     		str	r3, [r0, #20]
 293:Src/stm32f0xx_hal_msp.c ****     hdma_usart1_tx.Init.Mode = DMA_NORMAL;
 537              		.loc 1 293 0
 538 0098 8361     		str	r3, [r0, #24]
 294:Src/stm32f0xx_hal_msp.c ****     hdma_usart1_tx.Init.Priority = DMA_PRIORITY_LOW;
 539              		.loc 1 294 0
 540 009a C361     		str	r3, [r0, #28]
 295:Src/stm32f0xx_hal_msp.c ****     if (HAL_DMA_Init(&hdma_usart1_tx) != HAL_OK)
 541              		.loc 1 295 0
 542 009c FFF7FEFF 		bl	HAL_DMA_Init
 543              	.LVL26:
 544 00a0 0028     		cmp	r0, #0
 545 00a2 01D0     		beq	.L28
 296:Src/stm32f0xx_hal_msp.c ****     {
 297:Src/stm32f0xx_hal_msp.c ****       Error_Handler();
 546              		.loc 1 297 0
 547 00a4 FFF7FEFF 		bl	Error_Handler
 548              	.LVL27:
 549              	.L28:
 298:Src/stm32f0xx_hal_msp.c ****     }
 299:Src/stm32f0xx_hal_msp.c **** 
 300:Src/stm32f0xx_hal_msp.c ****     __HAL_LINKDMA(huart,hdmatx,hdma_usart1_tx);
 550              		.loc 1 300 0
 551 00a8 064B     		ldr	r3, .L29+16
 552 00aa 2366     		str	r3, [r4, #96]
 553 00ac 5C62     		str	r4, [r3, #36]
 554              	.L25:
 301:Src/stm32f0xx_hal_msp.c **** 
 302:Src/stm32f0xx_hal_msp.c ****   /* USER CODE BEGIN USART1_MspInit 1 */
 303:Src/stm32f0xx_hal_msp.c **** 
 304:Src/stm32f0xx_hal_msp.c ****   /* USER CODE END USART1_MspInit 1 */
 305:Src/stm32f0xx_hal_msp.c ****   }
 306:Src/stm32f0xx_hal_msp.c **** 
 307:Src/stm32f0xx_hal_msp.c **** }
 555              		.loc 1 307 0
 556 00ae 08B0     		add	sp, sp, #32
 557              		@ sp needed
 558              	.LVL28:
 559 00b0 10BD     		pop	{r4, pc}
 560              	.L30:
 561 00b2 C046     		.align	2
ARM GAS  D:\App\cygwin\tmp\ccAKA9wT.s 			page 16


 562              	.L29:
 563 00b4 00380140 		.word	1073821696
 564 00b8 00100240 		.word	1073876992
 565 00bc 00000000 		.word	hdma_usart1_rx
 566 00c0 30000240 		.word	1073872944
 567 00c4 00000000 		.word	hdma_usart1_tx
 568 00c8 1C000240 		.word	1073872924
 569              		.cfi_endproc
 570              	.LFE41:
 572              		.section	.text.HAL_UART_MspDeInit,"ax",%progbits
 573              		.align	2
 574              		.global	HAL_UART_MspDeInit
 575              		.code	16
 576              		.thumb_func
 578              	HAL_UART_MspDeInit:
 579              	.LFB42:
 308:Src/stm32f0xx_hal_msp.c **** 
 309:Src/stm32f0xx_hal_msp.c **** /**
 310:Src/stm32f0xx_hal_msp.c **** * @brief UART MSP De-Initialization
 311:Src/stm32f0xx_hal_msp.c **** * This function freeze the hardware resources used in this example
 312:Src/stm32f0xx_hal_msp.c **** * @param huart: UART handle pointer
 313:Src/stm32f0xx_hal_msp.c **** * @retval None
 314:Src/stm32f0xx_hal_msp.c **** */
 315:Src/stm32f0xx_hal_msp.c **** void HAL_UART_MspDeInit(UART_HandleTypeDef* huart)
 316:Src/stm32f0xx_hal_msp.c **** {
 580              		.loc 1 316 0
 581              		.cfi_startproc
 582              		@ args = 0, pretend = 0, frame = 0
 583              		@ frame_needed = 0, uses_anonymous_args = 0
 584              	.LVL29:
 585 0000 10B5     		push	{r4, lr}
 586              	.LCFI9:
 587              		.cfi_def_cfa_offset 8
 588              		.cfi_offset 4, -8
 589              		.cfi_offset 14, -4
 590 0002 0400     		movs	r4, r0
 317:Src/stm32f0xx_hal_msp.c ****   if(huart->Instance==USART1)
 591              		.loc 1 317 0
 592 0004 0A4B     		ldr	r3, .L33
 593 0006 0268     		ldr	r2, [r0]
 594 0008 9A42     		cmp	r2, r3
 595 000a 0FD1     		bne	.L31
 318:Src/stm32f0xx_hal_msp.c ****   {
 319:Src/stm32f0xx_hal_msp.c ****   /* USER CODE BEGIN USART1_MspDeInit 0 */
 320:Src/stm32f0xx_hal_msp.c **** 
 321:Src/stm32f0xx_hal_msp.c ****   /* USER CODE END USART1_MspDeInit 0 */
 322:Src/stm32f0xx_hal_msp.c ****     /* Peripheral clock disable */
 323:Src/stm32f0xx_hal_msp.c ****     __HAL_RCC_USART1_CLK_DISABLE();
 596              		.loc 1 323 0
 597 000c 094A     		ldr	r2, .L33+4
 598 000e 9169     		ldr	r1, [r2, #24]
 599 0010 094B     		ldr	r3, .L33+8
 600 0012 0B40     		ands	r3, r1
 601 0014 9361     		str	r3, [r2, #24]
 324:Src/stm32f0xx_hal_msp.c ****   
 325:Src/stm32f0xx_hal_msp.c ****     /**USART1 GPIO Configuration    
 326:Src/stm32f0xx_hal_msp.c ****     PA2     ------> USART1_TX
ARM GAS  D:\App\cygwin\tmp\ccAKA9wT.s 			page 17


 327:Src/stm32f0xx_hal_msp.c ****     PA3     ------> USART1_RX 
 328:Src/stm32f0xx_hal_msp.c ****     */
 329:Src/stm32f0xx_hal_msp.c ****     HAL_GPIO_DeInit(GPIOA, GPIO_PIN_2|GPIO_PIN_3);
 602              		.loc 1 329 0
 603 0016 0C21     		movs	r1, #12
 604 0018 9020     		movs	r0, #144
 605              	.LVL30:
 606 001a C005     		lsls	r0, r0, #23
 607 001c FFF7FEFF 		bl	HAL_GPIO_DeInit
 608              	.LVL31:
 330:Src/stm32f0xx_hal_msp.c **** 
 331:Src/stm32f0xx_hal_msp.c ****     /* USART1 DMA DeInit */
 332:Src/stm32f0xx_hal_msp.c ****     HAL_DMA_DeInit(huart->hdmarx);
 609              		.loc 1 332 0
 610 0020 606E     		ldr	r0, [r4, #100]
 611 0022 FFF7FEFF 		bl	HAL_DMA_DeInit
 612              	.LVL32:
 333:Src/stm32f0xx_hal_msp.c ****     HAL_DMA_DeInit(huart->hdmatx);
 613              		.loc 1 333 0
 614 0026 206E     		ldr	r0, [r4, #96]
 615 0028 FFF7FEFF 		bl	HAL_DMA_DeInit
 616              	.LVL33:
 617              	.L31:
 334:Src/stm32f0xx_hal_msp.c ****   /* USER CODE BEGIN USART1_MspDeInit 1 */
 335:Src/stm32f0xx_hal_msp.c **** 
 336:Src/stm32f0xx_hal_msp.c ****   /* USER CODE END USART1_MspDeInit 1 */
 337:Src/stm32f0xx_hal_msp.c ****   }
 338:Src/stm32f0xx_hal_msp.c **** 
 339:Src/stm32f0xx_hal_msp.c **** }
 618              		.loc 1 339 0
 619              		@ sp needed
 620              	.LVL34:
 621 002c 10BD     		pop	{r4, pc}
 622              	.L34:
 623 002e C046     		.align	2
 624              	.L33:
 625 0030 00380140 		.word	1073821696
 626 0034 00100240 		.word	1073876992
 627 0038 FFBFFFFF 		.word	-16385
 628              		.cfi_endproc
 629              	.LFE42:
 631              		.text
 632              	.Letext0:
 633              		.file 2 "d:\\app\\armgcc\\arm-none-eabi\\include\\machine\\_default_types.h"
 634              		.file 3 "d:\\app\\armgcc\\arm-none-eabi\\include\\sys\\_stdint.h"
 635              		.file 4 "Drivers/CMSIS/Device/ST/STM32F0xx/Include/stm32f030x6.h"
 636              		.file 5 "Drivers/STM32F0xx_HAL_Driver/Inc/stm32f0xx_hal_def.h"
 637              		.file 6 "Drivers/STM32F0xx_HAL_Driver/Inc/stm32f0xx_hal_gpio.h"
 638              		.file 7 "Drivers/STM32F0xx_HAL_Driver/Inc/stm32f0xx_hal_dma.h"
 639              		.file 8 "Drivers/STM32F0xx_HAL_Driver/Inc/stm32f0xx_hal_adc.h"
 640              		.file 9 "Drivers/STM32F0xx_HAL_Driver/Inc/stm32f0xx_hal_tim.h"
 641              		.file 10 "Drivers/STM32F0xx_HAL_Driver/Inc/stm32f0xx_hal_uart.h"
 642              		.file 11 "Inc/main.h"
ARM GAS  D:\App\cygwin\tmp\ccAKA9wT.s 			page 18


DEFINED SYMBOLS
                            *ABS*:00000000 stm32f0xx_hal_msp.c
D:\App\cygwin\tmp\ccAKA9wT.s:20     .text.HAL_MspInit:00000000 $t
D:\App\cygwin\tmp\ccAKA9wT.s:25     .text.HAL_MspInit:00000000 HAL_MspInit
D:\App\cygwin\tmp\ccAKA9wT.s:67     .text.HAL_MspInit:0000002c $d
D:\App\cygwin\tmp\ccAKA9wT.s:72     .text.HAL_ADC_MspInit:00000000 $t
D:\App\cygwin\tmp\ccAKA9wT.s:77     .text.HAL_ADC_MspInit:00000000 HAL_ADC_MspInit
D:\App\cygwin\tmp\ccAKA9wT.s:187    .text.HAL_ADC_MspInit:00000084 $d
D:\App\cygwin\tmp\ccAKA9wT.s:195    .text.HAL_ADC_MspDeInit:00000000 $t
D:\App\cygwin\tmp\ccAKA9wT.s:200    .text.HAL_ADC_MspDeInit:00000000 HAL_ADC_MspDeInit
D:\App\cygwin\tmp\ccAKA9wT.s:243    .text.HAL_ADC_MspDeInit:00000028 $d
D:\App\cygwin\tmp\ccAKA9wT.s:250    .text.HAL_TIM_OC_MspInit:00000000 $t
D:\App\cygwin\tmp\ccAKA9wT.s:255    .text.HAL_TIM_OC_MspInit:00000000 HAL_TIM_OC_MspInit
D:\App\cygwin\tmp\ccAKA9wT.s:292    .text.HAL_TIM_OC_MspInit:00000020 $d
D:\App\cygwin\tmp\ccAKA9wT.s:298    .text.HAL_TIM_MspPostInit:00000000 $t
D:\App\cygwin\tmp\ccAKA9wT.s:303    .text.HAL_TIM_MspPostInit:00000000 HAL_TIM_MspPostInit
D:\App\cygwin\tmp\ccAKA9wT.s:368    .text.HAL_TIM_MspPostInit:00000048 $d
D:\App\cygwin\tmp\ccAKA9wT.s:374    .text.HAL_TIM_OC_MspDeInit:00000000 $t
D:\App\cygwin\tmp\ccAKA9wT.s:379    .text.HAL_TIM_OC_MspDeInit:00000000 HAL_TIM_OC_MspDeInit
D:\App\cygwin\tmp\ccAKA9wT.s:405    .text.HAL_TIM_OC_MspDeInit:00000014 $d
D:\App\cygwin\tmp\ccAKA9wT.s:411    .text.HAL_UART_MspInit:00000000 $t
D:\App\cygwin\tmp\ccAKA9wT.s:416    .text.HAL_UART_MspInit:00000000 HAL_UART_MspInit
D:\App\cygwin\tmp\ccAKA9wT.s:563    .text.HAL_UART_MspInit:000000b4 $d
D:\App\cygwin\tmp\ccAKA9wT.s:573    .text.HAL_UART_MspDeInit:00000000 $t
D:\App\cygwin\tmp\ccAKA9wT.s:578    .text.HAL_UART_MspDeInit:00000000 HAL_UART_MspDeInit
D:\App\cygwin\tmp\ccAKA9wT.s:625    .text.HAL_UART_MspDeInit:00000030 $d
                     .debug_frame:00000010 $d

UNDEFINED SYMBOLS
memset
HAL_GPIO_Init
HAL_DMA_Init
Error_Handler
hdma_adc
HAL_GPIO_DeInit
HAL_DMA_DeInit
hdma_usart1_rx
hdma_usart1_tx
